@ Stage 4
2022-08-29 16:34:07 | INFO | fairseq_cli.train | Namespace(activation_fn='gelu', adam_betas='(0.9, 0.98)', adam_eps=1e-06, adaptive_softmax_cutoff=None, adaptive_softmax_dropout=0, all_gather_list_size=16384, arch='mbart_base', attention_dropout=0.0, batch_size=32, batch_size_valid=32, best_checkpoint_metric='bleu', bf16=False, bpe='sentencepiece', broadcast_buffers=False, bucket_cap_mb=25, checkpoint_shard_count=1, checkpoint_suffix='', clip_norm=0.0, cpu=False, criterion='label_smoothed_cross_entropy', cross_self_attention=False, curriculum=0, data='/home/cluster/jgu/scratch/ssr/cli/out/mix/java/data-bin', data_buffer_size=10, dataset_impl=None, ddp_backend='no_c10d', decoder_attention_heads=12, decoder_embed_dim=768, decoder_embed_path=None, decoder_ffn_embed_dim=3072, decoder_input_dim=768, decoder_layerdrop=0, decoder_layers=6, decoder_layers_to_keep=None, decoder_learned_pos=True, decoder_normalize_before=False, decoder_output_dim=768, device_id=0, disable_validation=False, distributed_backend='nccl', distributed_init_method=None, distributed_no_spawn=False, distributed_num_procs=1, distributed_port=-1, distributed_rank=0, distributed_world_size=1, distributed_wrapper='DDP', dropout=0.1, dstore_filename='/home/cluster/jgu/scratch/ssr/cli/out/mix/java/full_datastore', dstore_fp16=True, dstore_size=1283405, empty_cache_freq=0, encoder_attention_heads=12, encoder_embed_dim=768, encoder_embed_path=None, encoder_ffn_embed_dim=3072, encoder_layerdrop=0, encoder_layers=6, encoder_layers_to_keep=None, encoder_learned_pos=True, encoder_normalize_before=False, end_learning_rate=0.0, eval_bleu=True, eval_bleu_args='{"beam": 6}', eval_bleu_detok='space', eval_bleu_detok_args=None, eval_bleu_print_samples=False, eval_bleu_remove_bpe='sentencepiece', eval_tokenized_bleu=True, fast_stat_sync=False, find_unused_parameters=False, finetune_from_model=None, fix_batches_to_gpus=False, fixed_validation_seed=None, force_anneal=None, fp16=False, fp16_init_scale=128, fp16_no_flatten_grads=False, fp16_scale_tolerance=0.0, fp16_scale_window=None, gen_subset='test', ignore_prefix_size=0, k=2, keep_best_checkpoints=-1, keep_interval_updates=-1, keep_last_epochs=-1, knn_lambda=0.5, knn_sim_metric='IP', knn_temperature=10.0, label_smoothing=0.1, langs='java,python,en_XX', layernorm_embedding=True, left_pad_source='True', left_pad_target='False', load_alignments=False, localsgd_frequency=3, log_format='json', log_interval=100, lr=[5e-05], lr_scheduler='polynomial_decay', max_epoch=1, max_source_positions=1024, max_target_positions=1024, max_tokens=None, max_tokens_valid=None, max_update=0, maximize_best_checkpoint_metric=True, memory_efficient_bf16=False, memory_efficient_fp16=False, min_loss_scale=0.0001, min_lr=-1.0, model_parallel_size=1, move_dstore_to_mem=True, no_cross_attention=False, no_epoch_checkpoints=True, no_last_checkpoints=False, no_progress_bar=False, no_save=False, no_save_optimizer_state=False, no_scale_embedding=False, no_seed_provided=False, no_token_positional_embeddings=False, nprocs_per_node=1, num_batch_buckets=0, num_shards=1, num_workers=1, only_train_final_output=False, optimizer='adam', optimizer_overrides='{}', partially_finetune=True, patience=5, pipeline_balance=None, pipeline_checkpoint='never', pipeline_chunks=0, pipeline_decoder_balance=None, pipeline_decoder_devices=None, pipeline_devices=None, pipeline_encoder_balance=None, pipeline_encoder_devices=None, pipeline_model_parallel=False, pooler_activation_fn='tanh', pooler_dropout=0.0, power=1.0, prepend_bos=False, probe=32, profile=False, quant_noise_pq=0, quant_noise_pq_block_size=8, quant_noise_scalar=0, quantization_config_path=None, relu_dropout=0.0, report_accuracy=False, required_batch_size_multiple=8, required_seq_len_multiple=1, reset_dataloader=True, reset_lr_scheduler=True, reset_meters=True, reset_optimizer=True, restore_file='/home/cluster/jgu/scratch/ssr/cli/out/mix/full_base_java_en_XX/checkpoint_best.pt', save_dir='/home/cluster/jgu/scratch/ssr/cli/out/mix/full_ada_normal_java_en_XX', save_interval=1, save_interval_updates=0, scoring='bleu', seed=42, sentence_avg=False, sentencepiece_model='/home/cluster/jgu/scratch/ssr/cli/sentencepiece/sentencepiece.bpe.model', shard_id=0, share_all_embeddings=True, share_decoder_input_output_embed=True, skip_invalid_size_inputs_valid_test=False, slowmo_algorithm='LocalSGD', slowmo_momentum=None, source_lang='java', stop_time_hours=0, target_lang='en_XX', task='translation_from_pretrained_bart', tensorboard_logdir=None, threshold_loss_scale=None, tokenizer=None, total_num_update=1000000, tpu=False, train_subset='train', truncate_source=False, update_freq=[1], upsample_primary=1, use_bmuf=False, use_gpu_to_search=True, use_knn_datastore=True, use_old_adam=False, user_dir='/home/cluster/jgu/scratch/ssr/cli', valid_subset='valid', validate_after_updates=0, validate_interval=1, validate_interval_updates=0, warmup_updates=1000, weight_decay=0.0, zero_sharding='none')
2022-08-29 16:34:08 | INFO | fairseq.tasks.translation | [java] dictionary: 50001 types
2022-08-29 16:34:08 | INFO | fairseq.tasks.translation | [en_XX] dictionary: 50001 types
2022-08-29 16:34:08 | INFO | fairseq.data.data_utils | loaded 8714 examples from: /home/cluster/jgu/scratch/ssr/cli/out/mix/java/data-bin/valid.java-en_XX.java
2022-08-29 16:34:08 | INFO | fairseq.data.data_utils | loaded 8714 examples from: /home/cluster/jgu/scratch/ssr/cli/out/mix/java/data-bin/valid.java-en_XX.en_XX
2022-08-29 16:34:08 | INFO | fairseq.tasks.translation | /home/cluster/jgu/scratch/ssr/cli/out/mix/java/data-bin valid java-en_XX 8714 examples
put index from cpu to gpu
Reading datastore took 1.7639405727386475 s
the datastore is /home/cluster/jgu/scratch/ssr/cli/out/mix/java/full_datastore, size is 1283405, and dim is 768 
Loading to memory...
Loading to memory took 3.2552425861358643 s
2022-08-29 16:34:16 | INFO | fairseq_cli.train | BARTModel(
  (encoder): TransformerEncoder(
    (dropout_module): FairseqDropout()
    (embed_tokens): Embedding(50005, 768, padding_idx=1)
    (embed_positions): LearnedPositionalEmbedding(1026, 768, padding_idx=1)
    (layernorm_embedding): LayerNorm((768,), eps=1e-05, elementwise_affine=True)
    (layers): ModuleList(
      (0): TransformerEncoderLayer(
        (self_attn): MultiheadAttention(
          (dropout_module): FairseqDropout()
          (k_proj): Linear(in_features=768, out_features=768, bias=True)
          (v_proj): Linear(in_features=768, out_features=768, bias=True)
          (q_proj): Linear(in_features=768, out_features=768, bias=True)
          (out_proj): Linear(in_features=768, out_features=768, bias=True)
        )
        (self_attn_layer_norm): LayerNorm((768,), eps=1e-05, elementwise_affine=True)
        (dropout_module): FairseqDropout()
        (activation_dropout_module): FairseqDropout()
        (fc1): Linear(in_features=768, out_features=3072, bias=True)
        (fc2): Linear(in_features=3072, out_features=768, bias=True)
        (final_layer_norm): LayerNorm((768,), eps=1e-05, elementwise_affine=True)
      )
      (1): TransformerEncoderLayer(
        (self_attn): MultiheadAttention(
          (dropout_module): FairseqDropout()
          (k_proj): Linear(in_features=768, out_features=768, bias=True)
          (v_proj): Linear(in_features=768, out_features=768, bias=True)
          (q_proj): Linear(in_features=768, out_features=768, bias=True)
          (out_proj): Linear(in_features=768, out_features=768, bias=True)
        )
        (self_attn_layer_norm): LayerNorm((768,), eps=1e-05, elementwise_affine=True)
        (dropout_module): FairseqDropout()
        (activation_dropout_module): FairseqDropout()
        (fc1): Linear(in_features=768, out_features=3072, bias=True)
        (fc2): Linear(in_features=3072, out_features=768, bias=True)
        (final_layer_norm): LayerNorm((768,), eps=1e-05, elementwise_affine=True)
      )
      (2): TransformerEncoderLayer(
        (self_attn): MultiheadAttention(
          (dropout_module): FairseqDropout()
          (k_proj): Linear(in_features=768, out_features=768, bias=True)
          (v_proj): Linear(in_features=768, out_features=768, bias=True)
          (q_proj): Linear(in_features=768, out_features=768, bias=True)
          (out_proj): Linear(in_features=768, out_features=768, bias=True)
        )
        (self_attn_layer_norm): LayerNorm((768,), eps=1e-05, elementwise_affine=True)
        (dropout_module): FairseqDropout()
        (activation_dropout_module): FairseqDropout()
        (fc1): Linear(in_features=768, out_features=3072, bias=True)
        (fc2): Linear(in_features=3072, out_features=768, bias=True)
        (final_layer_norm): LayerNorm((768,), eps=1e-05, elementwise_affine=True)
      )
      (3): TransformerEncoderLayer(
        (self_attn): MultiheadAttention(
          (dropout_module): FairseqDropout()
          (k_proj): Linear(in_features=768, out_features=768, bias=True)
          (v_proj): Linear(in_features=768, out_features=768, bias=True)
          (q_proj): Linear(in_features=768, out_features=768, bias=True)
          (out_proj): Linear(in_features=768, out_features=768, bias=True)
        )
        (self_attn_layer_norm): LayerNorm((768,), eps=1e-05, elementwise_affine=True)
        (dropout_module): FairseqDropout()
        (activation_dropout_module): FairseqDropout()
        (fc1): Linear(in_features=768, out_features=3072, bias=True)
        (fc2): Linear(in_features=3072, out_features=768, bias=True)
        (final_layer_norm): LayerNorm((768,), eps=1e-05, elementwise_affine=True)
      )
      (4): TransformerEncoderLayer(
        (self_attn): MultiheadAttention(
          (dropout_module): FairseqDropout()
          (k_proj): Linear(in_features=768, out_features=768, bias=True)
          (v_proj): Linear(in_features=768, out_features=768, bias=True)
          (q_proj): Linear(in_features=768, out_features=768, bias=True)
          (out_proj): Linear(in_features=768, out_features=768, bias=True)
        )
        (self_attn_layer_norm): LayerNorm((768,), eps=1e-05, elementwise_affine=True)
        (dropout_module): FairseqDropout()
        (activation_dropout_module): FairseqDropout()
        (fc1): Linear(in_features=768, out_features=3072, bias=True)
        (fc2): Linear(in_features=3072, out_features=768, bias=True)
        (final_layer_norm): LayerNorm((768,), eps=1e-05, elementwise_affine=True)
      )
      (5): TransformerEncoderLayer(
        (self_attn): MultiheadAttention(
          (dropout_module): FairseqDropout()
          (k_proj): Linear(in_features=768, out_features=768, bias=True)
          (v_proj): Linear(in_features=768, out_features=768, bias=True)
          (q_proj): Linear(in_features=768, out_features=768, bias=True)
          (out_proj): Linear(in_features=768, out_features=768, bias=True)
        )
        (self_attn_layer_norm): LayerNorm((768,), eps=1e-05, elementwise_affine=True)
        (dropout_module): FairseqDropout()
        (activation_dropout_module): FairseqDropout()
        (fc1): Linear(in_features=768, out_features=3072, bias=True)
        (fc2): Linear(in_features=3072, out_features=768, bias=True)
        (final_layer_norm): LayerNorm((768,), eps=1e-05, elementwise_affine=True)
      )
    )
  )
  (decoder): TransformerDecoder(
    (dropout_module): FairseqDropout()
    (embed_tokens): Embedding(50005, 768, padding_idx=1)
    (embed_positions): LearnedPositionalEmbedding(1026, 768, padding_idx=1)
    (layernorm_embedding): LayerNorm((768,), eps=1e-05, elementwise_affine=True)
    (layers): ModuleList(
      (0): TransformerDecoderLayer(
        (dropout_module): FairseqDropout()
        (self_attn): MultiheadAttention(
          (dropout_module): FairseqDropout()
          (k_proj): Linear(in_features=768, out_features=768, bias=True)
          (v_proj): Linear(in_features=768, out_features=768, bias=True)
          (q_proj): Linear(in_features=768, out_features=768, bias=True)
          (out_proj): Linear(in_features=768, out_features=768, bias=True)
        )
        (activation_dropout_module): FairseqDropout()
        (self_attn_layer_norm): LayerNorm((768,), eps=1e-05, elementwise_affine=True)
        (encoder_attn): MultiheadAttention(
          (dropout_module): FairseqDropout()
          (k_proj): Linear(in_features=768, out_features=768, bias=True)
          (v_proj): Linear(in_features=768, out_features=768, bias=True)
          (q_proj): Linear(in_features=768, out_features=768, bias=True)
          (out_proj): Linear(in_features=768, out_features=768, bias=True)
        )
        (encoder_attn_layer_norm): LayerNorm((768,), eps=1e-05, elementwise_affine=True)
        (fc1): Linear(in_features=768, out_features=3072, bias=True)
        (fc2): Linear(in_features=3072, out_features=768, bias=True)
        (final_layer_norm): LayerNorm((768,), eps=1e-05, elementwise_affine=True)
      )
      (1): TransformerDecoderLayer(
        (dropout_module): FairseqDropout()
        (self_attn): MultiheadAttention(
          (dropout_module): FairseqDropout()
          (k_proj): Linear(in_features=768, out_features=768, bias=True)
          (v_proj): Linear(in_features=768, out_features=768, bias=True)
          (q_proj): Linear(in_features=768, out_features=768, bias=True)
          (out_proj): Linear(in_features=768, out_features=768, bias=True)
        )
        (activation_dropout_module): FairseqDropout()
        (self_attn_layer_norm): LayerNorm((768,), eps=1e-05, elementwise_affine=True)
        (encoder_attn): MultiheadAttention(
          (dropout_module): FairseqDropout()
          (k_proj): Linear(in_features=768, out_features=768, bias=True)
          (v_proj): Linear(in_features=768, out_features=768, bias=True)
          (q_proj): Linear(in_features=768, out_features=768, bias=True)
          (out_proj): Linear(in_features=768, out_features=768, bias=True)
        )
        (encoder_attn_layer_norm): LayerNorm((768,), eps=1e-05, elementwise_affine=True)
        (fc1): Linear(in_features=768, out_features=3072, bias=True)
        (fc2): Linear(in_features=3072, out_features=768, bias=True)
        (final_layer_norm): LayerNorm((768,), eps=1e-05, elementwise_affine=True)
      )
      (2): TransformerDecoderLayer(
        (dropout_module): FairseqDropout()
        (self_attn): MultiheadAttention(
          (dropout_module): FairseqDropout()
          (k_proj): Linear(in_features=768, out_features=768, bias=True)
          (v_proj): Linear(in_features=768, out_features=768, bias=True)
          (q_proj): Linear(in_features=768, out_features=768, bias=True)
          (out_proj): Linear(in_features=768, out_features=768, bias=True)
        )
        (activation_dropout_module): FairseqDropout()
        (self_attn_layer_norm): LayerNorm((768,), eps=1e-05, elementwise_affine=True)
        (encoder_attn): MultiheadAttention(
          (dropout_module): FairseqDropout()
          (k_proj): Linear(in_features=768, out_features=768, bias=True)
          (v_proj): Linear(in_features=768, out_features=768, bias=True)
          (q_proj): Linear(in_features=768, out_features=768, bias=True)
          (out_proj): Linear(in_features=768, out_features=768, bias=True)
        )
        (encoder_attn_layer_norm): LayerNorm((768,), eps=1e-05, elementwise_affine=True)
        (fc1): Linear(in_features=768, out_features=3072, bias=True)
        (fc2): Linear(in_features=3072, out_features=768, bias=True)
        (final_layer_norm): LayerNorm((768,), eps=1e-05, elementwise_affine=True)
      )
      (3): TransformerDecoderLayer(
        (dropout_module): FairseqDropout()
        (self_attn): MultiheadAttention(
          (dropout_module): FairseqDropout()
          (k_proj): Linear(in_features=768, out_features=768, bias=True)
          (v_proj): Linear(in_features=768, out_features=768, bias=True)
          (q_proj): Linear(in_features=768, out_features=768, bias=True)
          (out_proj): Linear(in_features=768, out_features=768, bias=True)
        )
        (activation_dropout_module): FairseqDropout()
        (self_attn_layer_norm): LayerNorm((768,), eps=1e-05, elementwise_affine=True)
        (encoder_attn): MultiheadAttention(
          (dropout_module): FairseqDropout()
          (k_proj): Linear(in_features=768, out_features=768, bias=True)
          (v_proj): Linear(in_features=768, out_features=768, bias=True)
          (q_proj): Linear(in_features=768, out_features=768, bias=True)
          (out_proj): Linear(in_features=768, out_features=768, bias=True)
        )
        (encoder_attn_layer_norm): LayerNorm((768,), eps=1e-05, elementwise_affine=True)
        (fc1): Linear(in_features=768, out_features=3072, bias=True)
        (fc2): Linear(in_features=3072, out_features=768, bias=True)
        (final_layer_norm): LayerNorm((768,), eps=1e-05, elementwise_affine=True)
      )
      (4): TransformerDecoderLayer(
        (dropout_module): FairseqDropout()
        (self_attn): MultiheadAttention(
          (dropout_module): FairseqDropout()
          (k_proj): Linear(in_features=768, out_features=768, bias=True)
          (v_proj): Linear(in_features=768, out_features=768, bias=True)
          (q_proj): Linear(in_features=768, out_features=768, bias=True)
          (out_proj): Linear(in_features=768, out_features=768, bias=True)
        )
        (activation_dropout_module): FairseqDropout()
        (self_attn_layer_norm): LayerNorm((768,), eps=1e-05, elementwise_affine=True)
        (encoder_attn): MultiheadAttention(
          (dropout_module): FairseqDropout()
          (k_proj): Linear(in_features=768, out_features=768, bias=True)
          (v_proj): Linear(in_features=768, out_features=768, bias=True)
          (q_proj): Linear(in_features=768, out_features=768, bias=True)
          (out_proj): Linear(in_features=768, out_features=768, bias=True)
        )
        (encoder_attn_layer_norm): LayerNorm((768,), eps=1e-05, elementwise_affine=True)
        (fc1): Linear(in_features=768, out_features=3072, bias=True)
        (fc2): Linear(in_features=3072, out_features=768, bias=True)
        (final_layer_norm): LayerNorm((768,), eps=1e-05, elementwise_affine=True)
      )
      (5): TransformerDecoderLayer(
        (dropout_module): FairseqDropout()
        (self_attn): MultiheadAttention(
          (dropout_module): FairseqDropout()
          (k_proj): Linear(in_features=768, out_features=768, bias=True)
          (v_proj): Linear(in_features=768, out_features=768, bias=True)
          (q_proj): Linear(in_features=768, out_features=768, bias=True)
          (out_proj): Linear(in_features=768, out_features=768, bias=True)
        )
        (activation_dropout_module): FairseqDropout()
        (self_attn_layer_norm): LayerNorm((768,), eps=1e-05, elementwise_affine=True)
        (encoder_attn): MultiheadAttention(
          (dropout_module): FairseqDropout()
          (k_proj): Linear(in_features=768, out_features=768, bias=True)
          (v_proj): Linear(in_features=768, out_features=768, bias=True)
          (q_proj): Linear(in_features=768, out_features=768, bias=True)
          (out_proj): Linear(in_features=768, out_features=768, bias=True)
        )
        (encoder_attn_layer_norm): LayerNorm((768,), eps=1e-05, elementwise_affine=True)
        (fc1): Linear(in_features=768, out_features=3072, bias=True)
        (fc2): Linear(in_features=3072, out_features=768, bias=True)
        (final_layer_norm): LayerNorm((768,), eps=1e-05, elementwise_affine=True)
      )
    )
    (adaptive_block): AdaptiveBlock(
      (fc_unit): Linear(in_features=768, out_features=768, bias=False)
      (fc_unit2): Linear(in_features=768, out_features=768, bias=False)
      (fc_zero): Linear(in_features=768, out_features=768, bias=False)
      (fc_zero2): Linear(in_features=768, out_features=768, bias=False)
    )
    (output_projection): Linear(in_features=768, out_features=50005, bias=False)
  )
  (classification_heads): ModuleDict()
)
2022-08-29 16:34:16 | INFO | fairseq_cli.train | task: translation_from_pretrained_bart (TranslationFromPretrainedBARTTask)
2022-08-29 16:34:16 | INFO | fairseq_cli.train | model: mbart_base (BARTModel)
2022-08-29 16:34:16 | INFO | fairseq_cli.train | criterion: label_smoothed_cross_entropy (LabelSmoothedCrossEntropyCriterion)
2022-08-29 16:34:16 | INFO | fairseq_cli.train | num. model params: 141580032 (num. trained: 2359296)
2022-08-29 16:34:16 | INFO | fairseq.trainer | detected shared parameter: encoder.embed_tokens.weight <- decoder.embed_tokens.weight
2022-08-29 16:34:16 | INFO | fairseq.trainer | detected shared parameter: encoder.embed_tokens.weight <- decoder.output_projection.weight
2022-08-29 16:34:16 | INFO | fairseq.trainer | detected shared parameter: decoder.adaptive_block.fc_unit.bias <- decoder.adaptive_block.fc_unit2.bias
2022-08-29 16:34:16 | INFO | fairseq.trainer | detected shared parameter: decoder.adaptive_block.fc_unit.bias <- decoder.adaptive_block.fc_zero.bias
2022-08-29 16:34:16 | INFO | fairseq.trainer | detected shared parameter: decoder.adaptive_block.fc_unit.bias <- decoder.adaptive_block.fc_zero2.bias
2022-08-29 16:34:16 | INFO | fairseq.trainer | detected shared parameter: decoder.adaptive_block.fc_unit.bias <- decoder.output_projection.bias
2022-08-29 16:34:16 | INFO | fairseq.utils | ***********************CUDA enviroments for all 1 workers***********************
2022-08-29 16:34:16 | INFO | fairseq.utils | rank   0: capabilities =  7.0  ; total memory = 31.749 GB ; name = Tesla V100-SXM2-32GB                    
2022-08-29 16:34:16 | INFO | fairseq.utils | ***********************CUDA enviroments for all 1 workers***********************
2022-08-29 16:34:16 | INFO | fairseq_cli.train | training on 1 devices (GPUs/TPUs)
2022-08-29 16:34:16 | INFO | fairseq_cli.train | max tokens per GPU = None and max sentences per GPU = 32
-----------------knn load part of model-----------------
2022-08-29 16:34:26 | INFO | fairseq.trainer | loaded checkpoint /home/cluster/jgu/scratch/ssr/cli/out/mix/full_base_java_en_XX/checkpoint_best.pt (epoch 37 @ 0 updates)
2022-08-29 16:34:26 | INFO | fairseq.trainer | NOTE: your device may support faster training with --fp16
2022-08-29 16:34:26 | INFO | fairseq.trainer | loading train data for epoch 1
2022-08-29 16:34:26 | INFO | fairseq.data.data_utils | loaded 69708 examples from: /home/cluster/jgu/scratch/ssr/cli/out/mix/java/data-bin/train.java-en_XX.java
2022-08-29 16:34:27 | INFO | fairseq.data.data_utils | loaded 69708 examples from: /home/cluster/jgu/scratch/ssr/cli/out/mix/java/data-bin/train.java-en_XX.en_XX
2022-08-29 16:34:27 | INFO | fairseq.tasks.translation | /home/cluster/jgu/scratch/ssr/cli/out/mix/java/data-bin train java-en_XX 69708 examples
2022-08-29 16:34:27 | INFO | fairseq.trainer | begin training epoch 1
2022-08-29 16:34:56 | INFO | train_inner | {"epoch": 1, "update": 0.046, "loss": "5.914", "nll_loss": "4.722", "ppl": "26.39", "wps": "2156.7", "ups": "3.41", "wpb": "630.2", "bsz": "32", "num_updates": "100", "lr": "5e-06", "gnorm": "0.971", "train_wall": "29", "wall": "40"}
2022-08-29 16:35:28 | INFO | train_inner | {"epoch": 1, "update": 0.092, "loss": "5.599", "nll_loss": "4.371", "ppl": "20.7", "wps": "1962.3", "ups": "3.16", "wpb": "621.5", "bsz": "32", "num_updates": "200", "lr": "1e-05", "gnorm": "1.009", "train_wall": "32", "wall": "72"}
2022-08-29 16:36:00 | INFO | train_inner | {"epoch": 1, "update": 0.138, "loss": "5.529", "nll_loss": "4.289", "ppl": "19.55", "wps": "1954", "ups": "3.15", "wpb": "620", "bsz": "32", "num_updates": "300", "lr": "1.5e-05", "gnorm": "1.048", "train_wall": "32", "wall": "104"}
2022-08-29 16:36:31 | INFO | train_inner | {"epoch": 1, "update": 0.184, "loss": "5.064", "nll_loss": "3.736", "ppl": "13.33", "wps": "2158.8", "ups": "3.16", "wpb": "682.9", "bsz": "32", "num_updates": "400", "lr": "2e-05", "gnorm": "0.958", "train_wall": "32", "wall": "135"}
2022-08-29 16:37:08 | INFO | train_inner | {"epoch": 1, "update": 0.229, "loss": "5.066", "nll_loss": "3.684", "ppl": "12.86", "wps": "1817.6", "ups": "2.69", "wpb": "674.7", "bsz": "32", "num_updates": "500", "lr": "2.5e-05", "gnorm": "0.93", "train_wall": "37", "wall": "172"}
2022-08-29 16:37:42 | INFO | train_inner | {"epoch": 1, "update": 0.275, "loss": "4.839", "nll_loss": "3.413", "ppl": "10.65", "wps": "1991.9", "ups": "2.98", "wpb": "668.4", "bsz": "32", "num_updates": "600", "lr": "3e-05", "gnorm": "0.907", "train_wall": "33", "wall": "206"}
2022-08-29 16:38:16 | INFO | train_inner | {"epoch": 1, "update": 0.321, "loss": "4.648", "nll_loss": "3.189", "ppl": "9.12", "wps": "1862.9", "ups": "2.93", "wpb": "636.1", "bsz": "31.8", "num_updates": "700", "lr": "3.5e-05", "gnorm": "0.883", "train_wall": "34", "wall": "240"}
2022-08-29 16:38:47 | INFO | train_inner | {"epoch": 1, "update": 0.367, "loss": "4.492", "nll_loss": "2.988", "ppl": "7.93", "wps": "1976.1", "ups": "3.22", "wpb": "612.8", "bsz": "32", "num_updates": "800", "lr": "4e-05", "gnorm": "0.898", "train_wall": "31", "wall": "271"}
2022-08-29 16:39:18 | INFO | train_inner | {"epoch": 1, "update": 0.413, "loss": "4.178", "nll_loss": "2.629", "ppl": "6.19", "wps": "2176.9", "ups": "3.21", "wpb": "677.2", "bsz": "32", "num_updates": "900", "lr": "4.5e-05", "gnorm": "0.849", "train_wall": "31", "wall": "302"}
2022-08-29 16:39:54 | INFO | train_inner | {"epoch": 1, "update": 0.459, "loss": "4.295", "nll_loss": "2.752", "ppl": "6.74", "wps": "1996.3", "ups": "2.81", "wpb": "709.4", "bsz": "32", "num_updates": "1000", "lr": "5e-05", "gnorm": "0.852", "train_wall": "35", "wall": "338"}
2022-08-29 16:40:27 | INFO | train_inner | {"epoch": 1, "update": 0.505, "loss": "4.195", "nll_loss": "2.627", "ppl": "6.18", "wps": "1830.1", "ups": "3", "wpb": "610.7", "bsz": "32", "num_updates": "1100", "lr": "4.9995e-05", "gnorm": "0.895", "train_wall": "33", "wall": "371"}
2022-08-29 16:40:59 | INFO | train_inner | {"epoch": 1, "update": 0.551, "loss": "3.966", "nll_loss": "2.364", "ppl": "5.15", "wps": "1959.6", "ups": "3.14", "wpb": "623.3", "bsz": "32", "num_updates": "1200", "lr": "4.999e-05", "gnorm": "0.874", "train_wall": "32", "wall": "403"}
2022-08-29 16:41:32 | INFO | train_inner | {"epoch": 1, "update": 0.597, "loss": "3.798", "nll_loss": "2.171", "ppl": "4.5", "wps": "1873.7", "ups": "3.01", "wpb": "622.2", "bsz": "32", "num_updates": "1300", "lr": "4.9985e-05", "gnorm": "0.842", "train_wall": "33", "wall": "436"}
2022-08-29 16:42:04 | INFO | train_inner | {"epoch": 1, "update": 0.642, "loss": "3.873", "nll_loss": "2.243", "ppl": "4.73", "wps": "2024.5", "ups": "3.15", "wpb": "643.6", "bsz": "32", "num_updates": "1400", "lr": "4.998e-05", "gnorm": "0.875", "train_wall": "32", "wall": "468"}
2022-08-29 16:42:38 | INFO | train_inner | {"epoch": 1, "update": 0.688, "loss": "3.866", "nll_loss": "2.226", "ppl": "4.68", "wps": "2089.2", "ups": "2.96", "wpb": "705.6", "bsz": "32", "num_updates": "1500", "lr": "4.9975e-05", "gnorm": "0.864", "train_wall": "34", "wall": "502"}
2022-08-29 16:43:13 | INFO | train_inner | {"epoch": 1, "update": 0.734, "loss": "3.742", "nll_loss": "2.086", "ppl": "4.24", "wps": "1977.7", "ups": "2.86", "wpb": "691.8", "bsz": "32", "num_updates": "1600", "lr": "4.997e-05", "gnorm": "0.86", "train_wall": "35", "wall": "537"}
2022-08-29 16:43:46 | INFO | train_inner | {"epoch": 1, "update": 0.78, "loss": "3.719", "nll_loss": "2.052", "ppl": "4.15", "wps": "2073.1", "ups": "3.04", "wpb": "681.6", "bsz": "32", "num_updates": "1700", "lr": "4.9965e-05", "gnorm": "0.836", "train_wall": "33", "wall": "570"}
2022-08-29 16:44:20 | INFO | train_inner | {"epoch": 1, "update": 0.826, "loss": "3.658", "nll_loss": "1.986", "ppl": "3.96", "wps": "1944", "ups": "2.94", "wpb": "661.4", "bsz": "32", "num_updates": "1800", "lr": "4.996e-05", "gnorm": "0.835", "train_wall": "34", "wall": "604"}
2022-08-29 16:44:55 | INFO | train_inner | {"epoch": 1, "update": 0.872, "loss": "3.524", "nll_loss": "1.826", "ppl": "3.54", "wps": "2050.9", "ups": "2.8", "wpb": "732.5", "bsz": "32", "num_updates": "1900", "lr": "4.9955e-05", "gnorm": "0.807", "train_wall": "36", "wall": "639"}
2022-08-29 16:45:29 | INFO | train_inner | {"epoch": 1, "update": 0.918, "loss": "3.39", "nll_loss": "1.678", "ppl": "3.2", "wps": "1774.4", "ups": "2.98", "wpb": "594.6", "bsz": "32", "num_updates": "2000", "lr": "4.99499e-05", "gnorm": "0.821", "train_wall": "33", "wall": "673"}
2022-08-29 16:45:58 | INFO | train_inner | {"epoch": 1, "update": 0.964, "loss": "3.395", "nll_loss": "1.679", "ppl": "3.2", "wps": "2014.3", "ups": "3.37", "wpb": "597.1", "bsz": "32", "num_updates": "2100", "lr": "4.99449e-05", "gnorm": "0.808", "train_wall": "30", "wall": "702"}
2022-08-29 16:46:24 | INFO | fairseq_cli.train | begin validation on "valid" subset
/net/cephfs/scratch/jgu/ssr/fairseq/utils.py:342: UserWarning: amp_C fused kernels unavailable, disabling multi_tensor_l2norm; you may get better performance by installing NVIDIA's apex library
  "amp_C fused kernels unavailable, disabling multi_tensor_l2norm; "
2022-08-29 16:53:58 | INFO | valid | {"epoch": 1, "valid_loss": "5.803", "valid_nll_loss": "4.335", "valid_ppl": "20.18", "valid_bleu": "30.93", "valid_wps": "392.8", "valid_wpb": "652.8", "valid_bsz": "31.9", "valid_num_updates": "2179"}
2022-08-29 16:53:58 | INFO | fairseq_cli.train | begin save checkpoint
2022-08-29 16:54:01 | INFO | fairseq.checkpoint_utils | saved checkpoint /home/cluster/jgu/scratch/ssr/cli/out/mix/full_ada_normal_java_en_XX/checkpoint_best.pt (epoch 1 @ 2179 updates, score 30.93) (writing took 2.2951069809496403 seconds)
2022-08-29 16:54:01 | INFO | fairseq_cli.train | end of epoch 1 (average epoch stats below)
2022-08-29 16:54:01 | INFO | train | {"epoch": 1, "train_loss": "4.282", "train_nll_loss": "2.747", "train_ppl": "6.71", "train_wps": "1212.3", "train_ups": "1.86", "train_wpb": "653", "train_bsz": "32", "train_num_updates": "2179", "train_lr": "4.9941e-05", "train_gnorm": "0.884", "train_train_wall": "714", "train_wall": "1185"}
2022-08-29 16:54:01 | INFO | fairseq_cli.train | done training in 1174.0 seconds
/net/cephfs/scratch/jgu/ssr/fairseq/search.py:140: UserWarning: __floordiv__ is deprecated, and its behavior will change in a future version of pytorch. It currently rounds toward 0 (like the 'trunc' function NOT 'floor'). This results in incorrect rounding for negative values. To keep the current behavior, use torch.div(a, b, rounding_mode='trunc'), or for actual floor division, use torch.div(a, b, rounding_mode='floor').
  beams_buf = indices_buf // vocab_size
/net/cephfs/scratch/jgu/ssr/fairseq/sequence_generator.py:651: UserWarning: __floordiv__ is deprecated, and its behavior will change in a future version of pytorch. It currently rounds toward 0 (like the 'trunc' function NOT 'floor'). This results in incorrect rounding for negative values. To keep the current behavior, use torch.div(a, b, rounding_mode='trunc'), or for actual floor division, use torch.div(a, b, rounding_mode='floor').
  unfin_idx = idx // beam_size
@ Completed
@ Stage 5
/net/cephfs/scratch/jgu/ssr/fairseq/search.py:140: UserWarning: __floordiv__ is deprecated, and its behavior will change in a future version of pytorch. It currently rounds toward 0 (like the 'trunc' function NOT 'floor'). This results in incorrect rounding for negative values. To keep the current behavior, use torch.div(a, b, rounding_mode='trunc'), or for actual floor division, use torch.div(a, b, rounding_mode='floor').
  beams_buf = indices_buf // vocab_size
/net/cephfs/scratch/jgu/ssr/fairseq/sequence_generator.py:651: UserWarning: __floordiv__ is deprecated, and its behavior will change in a future version of pytorch. It currently rounds toward 0 (like the 'trunc' function NOT 'floor'). This results in incorrect rounding for negative values. To keep the current behavior, use torch.div(a, b, rounding_mode='trunc'), or for actual floor division, use torch.div(a, b, rounding_mode='floor').
  unfin_idx = idx // beam_size
WARNING (theano.tensor.blas): We did not find a dynamic library in the library_dir of the library we use for blas. If you use ATLAS, make sure to compile it with dynamics library.
c_bleu = 38.0 | s_bleu = 44.38 | meteor = 27.15 | rouge = 54.96
rouge_coco = 56.39
@ Completed
