@ Stage 4
2022-08-29 00:32:29 | INFO | fairseq_cli.train | Namespace(activation_fn='gelu', adam_betas='(0.9, 0.98)', adam_eps=1e-06, adaptive_softmax_cutoff=None, adaptive_softmax_dropout=0, all_gather_list_size=16384, arch='mbart_base', attention_dropout=0.0, batch_size=32, batch_size_valid=32, best_checkpoint_metric='bleu', bf16=False, bpe='sentencepiece', broadcast_buffers=False, bucket_cap_mb=25, checkpoint_shard_count=1, checkpoint_suffix='', clip_norm=0.0, cpu=False, criterion='label_smoothed_cross_entropy', cross_self_attention=False, curriculum=0, data='/home/cluster/jgu/scratch/ssr/cli/out/mix/java/data-bin', data_buffer_size=10, dataset_impl=None, ddp_backend='no_c10d', decoder_attention_heads=12, decoder_embed_dim=768, decoder_embed_path=None, decoder_ffn_embed_dim=3072, decoder_input_dim=768, decoder_layerdrop=0, decoder_layers=6, decoder_layers_to_keep=None, decoder_learned_pos=True, decoder_normalize_before=False, decoder_output_dim=768, device_id=0, disable_validation=False, distributed_backend='nccl', distributed_init_method=None, distributed_no_spawn=False, distributed_num_procs=1, distributed_port=-1, distributed_rank=0, distributed_world_size=1, distributed_wrapper='DDP', dropout=0.1, dstore_filename='/home/cluster/jgu/scratch/ssr/cli/out/mix/java/full_datastore', dstore_fp16=True, dstore_size=1283405, empty_cache_freq=0, encoder_attention_heads=12, encoder_embed_dim=768, encoder_embed_path=None, encoder_ffn_embed_dim=3072, encoder_layerdrop=0, encoder_layers=6, encoder_layers_to_keep=None, encoder_learned_pos=True, encoder_normalize_before=False, end_learning_rate=0.0, eval_bleu=True, eval_bleu_args='{"beam": 6}', eval_bleu_detok='space', eval_bleu_detok_args=None, eval_bleu_print_samples=False, eval_bleu_remove_bpe='sentencepiece', eval_tokenized_bleu=True, fast_stat_sync=False, find_unused_parameters=False, finetune_from_model=None, fix_batches_to_gpus=False, fixed_validation_seed=None, force_anneal=None, fp16=False, fp16_init_scale=128, fp16_no_flatten_grads=False, fp16_scale_tolerance=0.0, fp16_scale_window=None, gen_subset='test', ignore_prefix_size=0, k=2, keep_best_checkpoints=-1, keep_interval_updates=-1, keep_last_epochs=-1, knn_lambda=0.5, knn_sim_metric='IP', knn_temperature=10.0, label_smoothing=0.1, langs='java,python,en_XX', layernorm_embedding=True, left_pad_source='True', left_pad_target='False', load_alignments=False, localsgd_frequency=3, log_format='json', log_interval=100, lr=[5e-05], lr_scheduler='polynomial_decay', max_epoch=1, max_source_positions=1024, max_target_positions=1024, max_tokens=None, max_tokens_valid=None, max_update=0, maximize_best_checkpoint_metric=True, memory_efficient_bf16=False, memory_efficient_fp16=False, min_loss_scale=0.0001, min_lr=-1.0, model_parallel_size=1, move_dstore_to_mem=True, no_cross_attention=False, no_epoch_checkpoints=True, no_last_checkpoints=False, no_progress_bar=False, no_save=False, no_save_optimizer_state=False, no_scale_embedding=False, no_seed_provided=False, no_token_positional_embeddings=False, nprocs_per_node=1, num_batch_buckets=0, num_shards=1, num_workers=1, only_train_final_output=False, optimizer='adam', optimizer_overrides='{}', partially_finetune=True, patience=5, pipeline_balance=None, pipeline_checkpoint='never', pipeline_chunks=0, pipeline_decoder_balance=None, pipeline_decoder_devices=None, pipeline_devices=None, pipeline_encoder_balance=None, pipeline_encoder_devices=None, pipeline_model_parallel=False, pooler_activation_fn='tanh', pooler_dropout=0.0, power=1.0, prepend_bos=False, probe=32, profile=False, quant_noise_pq=0, quant_noise_pq_block_size=8, quant_noise_scalar=0, quantization_config_path=None, relu_dropout=0.0, report_accuracy=False, required_batch_size_multiple=8, required_seq_len_multiple=1, reset_dataloader=True, reset_lr_scheduler=True, reset_meters=True, reset_optimizer=True, restore_file='/home/cluster/jgu/scratch/ssr/cli/out/mix/full_base_java_en_XX/checkpoint_best.pt', save_dir='/home/cluster/jgu/scratch/ssr/cli/out/mix/full_ada_java_en_XX', save_interval=1, save_interval_updates=0, scoring='bleu', seed=42, sentence_avg=False, sentencepiece_model='/home/cluster/jgu/scratch/ssr/cli/sentencepiece/sentencepiece.bpe.model', shard_id=0, share_all_embeddings=True, share_decoder_input_output_embed=True, skip_invalid_size_inputs_valid_test=False, slowmo_algorithm='LocalSGD', slowmo_momentum=None, source_lang='java', stop_time_hours=0, target_lang='en_XX', task='translation_from_pretrained_bart', tensorboard_logdir=None, threshold_loss_scale=None, tokenizer=None, total_num_update=1000000, tpu=False, train_subset='train', truncate_source=False, update_freq=[1], upsample_primary=1, use_bmuf=False, use_gpu_to_search=True, use_knn_datastore=True, use_old_adam=False, user_dir='/home/cluster/jgu/scratch/ssr/cli', valid_subset='valid', validate_after_updates=0, validate_interval=1, validate_interval_updates=0, warmup_updates=1000, weight_decay=0.0, zero_sharding='none')
2022-08-29 00:32:29 | INFO | fairseq.tasks.translation | [java] dictionary: 50001 types
2022-08-29 00:32:29 | INFO | fairseq.tasks.translation | [en_XX] dictionary: 50001 types
2022-08-29 00:32:29 | INFO | fairseq.data.data_utils | loaded 8714 examples from: /home/cluster/jgu/scratch/ssr/cli/out/mix/java/data-bin/valid.java-en_XX.java
2022-08-29 00:32:29 | INFO | fairseq.data.data_utils | loaded 8714 examples from: /home/cluster/jgu/scratch/ssr/cli/out/mix/java/data-bin/valid.java-en_XX.en_XX
2022-08-29 00:32:29 | INFO | fairseq.tasks.translation | /home/cluster/jgu/scratch/ssr/cli/out/mix/java/data-bin valid java-en_XX 8714 examples
put index from cpu to gpu
Reading datastore took 1.991969108581543 s
the datastore is /home/cluster/jgu/scratch/ssr/cli/out/mix/java/full_datastore, size is 1283405, and dim is 768 
Loading to memory...
Loading to memory took 3.7393651008605957 s
2022-08-29 00:32:38 | INFO | fairseq_cli.train | BARTModel(
  (encoder): TransformerEncoder(
    (dropout_module): FairseqDropout()
    (embed_tokens): Embedding(50005, 768, padding_idx=1)
    (embed_positions): LearnedPositionalEmbedding(1026, 768, padding_idx=1)
    (layernorm_embedding): LayerNorm((768,), eps=1e-05, elementwise_affine=True)
    (layers): ModuleList(
      (0): TransformerEncoderLayer(
        (self_attn): MultiheadAttention(
          (dropout_module): FairseqDropout()
          (k_proj): Linear(in_features=768, out_features=768, bias=True)
          (v_proj): Linear(in_features=768, out_features=768, bias=True)
          (q_proj): Linear(in_features=768, out_features=768, bias=True)
          (out_proj): Linear(in_features=768, out_features=768, bias=True)
        )
        (self_attn_layer_norm): LayerNorm((768,), eps=1e-05, elementwise_affine=True)
        (dropout_module): FairseqDropout()
        (activation_dropout_module): FairseqDropout()
        (fc1): Linear(in_features=768, out_features=3072, bias=True)
        (fc2): Linear(in_features=3072, out_features=768, bias=True)
        (final_layer_norm): LayerNorm((768,), eps=1e-05, elementwise_affine=True)
      )
      (1): TransformerEncoderLayer(
        (self_attn): MultiheadAttention(
          (dropout_module): FairseqDropout()
          (k_proj): Linear(in_features=768, out_features=768, bias=True)
          (v_proj): Linear(in_features=768, out_features=768, bias=True)
          (q_proj): Linear(in_features=768, out_features=768, bias=True)
          (out_proj): Linear(in_features=768, out_features=768, bias=True)
        )
        (self_attn_layer_norm): LayerNorm((768,), eps=1e-05, elementwise_affine=True)
        (dropout_module): FairseqDropout()
        (activation_dropout_module): FairseqDropout()
        (fc1): Linear(in_features=768, out_features=3072, bias=True)
        (fc2): Linear(in_features=3072, out_features=768, bias=True)
        (final_layer_norm): LayerNorm((768,), eps=1e-05, elementwise_affine=True)
      )
      (2): TransformerEncoderLayer(
        (self_attn): MultiheadAttention(
          (dropout_module): FairseqDropout()
          (k_proj): Linear(in_features=768, out_features=768, bias=True)
          (v_proj): Linear(in_features=768, out_features=768, bias=True)
          (q_proj): Linear(in_features=768, out_features=768, bias=True)
          (out_proj): Linear(in_features=768, out_features=768, bias=True)
        )
        (self_attn_layer_norm): LayerNorm((768,), eps=1e-05, elementwise_affine=True)
        (dropout_module): FairseqDropout()
        (activation_dropout_module): FairseqDropout()
        (fc1): Linear(in_features=768, out_features=3072, bias=True)
        (fc2): Linear(in_features=3072, out_features=768, bias=True)
        (final_layer_norm): LayerNorm((768,), eps=1e-05, elementwise_affine=True)
      )
      (3): TransformerEncoderLayer(
        (self_attn): MultiheadAttention(
          (dropout_module): FairseqDropout()
          (k_proj): Linear(in_features=768, out_features=768, bias=True)
          (v_proj): Linear(in_features=768, out_features=768, bias=True)
          (q_proj): Linear(in_features=768, out_features=768, bias=True)
          (out_proj): Linear(in_features=768, out_features=768, bias=True)
        )
        (self_attn_layer_norm): LayerNorm((768,), eps=1e-05, elementwise_affine=True)
        (dropout_module): FairseqDropout()
        (activation_dropout_module): FairseqDropout()
        (fc1): Linear(in_features=768, out_features=3072, bias=True)
        (fc2): Linear(in_features=3072, out_features=768, bias=True)
        (final_layer_norm): LayerNorm((768,), eps=1e-05, elementwise_affine=True)
      )
      (4): TransformerEncoderLayer(
        (self_attn): MultiheadAttention(
          (dropout_module): FairseqDropout()
          (k_proj): Linear(in_features=768, out_features=768, bias=True)
          (v_proj): Linear(in_features=768, out_features=768, bias=True)
          (q_proj): Linear(in_features=768, out_features=768, bias=True)
          (out_proj): Linear(in_features=768, out_features=768, bias=True)
        )
        (self_attn_layer_norm): LayerNorm((768,), eps=1e-05, elementwise_affine=True)
        (dropout_module): FairseqDropout()
        (activation_dropout_module): FairseqDropout()
        (fc1): Linear(in_features=768, out_features=3072, bias=True)
        (fc2): Linear(in_features=3072, out_features=768, bias=True)
        (final_layer_norm): LayerNorm((768,), eps=1e-05, elementwise_affine=True)
      )
      (5): TransformerEncoderLayer(
        (self_attn): MultiheadAttention(
          (dropout_module): FairseqDropout()
          (k_proj): Linear(in_features=768, out_features=768, bias=True)
          (v_proj): Linear(in_features=768, out_features=768, bias=True)
          (q_proj): Linear(in_features=768, out_features=768, bias=True)
          (out_proj): Linear(in_features=768, out_features=768, bias=True)
        )
        (self_attn_layer_norm): LayerNorm((768,), eps=1e-05, elementwise_affine=True)
        (dropout_module): FairseqDropout()
        (activation_dropout_module): FairseqDropout()
        (fc1): Linear(in_features=768, out_features=3072, bias=True)
        (fc2): Linear(in_features=3072, out_features=768, bias=True)
        (final_layer_norm): LayerNorm((768,), eps=1e-05, elementwise_affine=True)
      )
    )
  )
  (decoder): TransformerDecoder(
    (dropout_module): FairseqDropout()
    (embed_tokens): Embedding(50005, 768, padding_idx=1)
    (embed_positions): LearnedPositionalEmbedding(1026, 768, padding_idx=1)
    (layernorm_embedding): LayerNorm((768,), eps=1e-05, elementwise_affine=True)
    (layers): ModuleList(
      (0): TransformerDecoderLayer(
        (dropout_module): FairseqDropout()
        (self_attn): MultiheadAttention(
          (dropout_module): FairseqDropout()
          (k_proj): Linear(in_features=768, out_features=768, bias=True)
          (v_proj): Linear(in_features=768, out_features=768, bias=True)
          (q_proj): Linear(in_features=768, out_features=768, bias=True)
          (out_proj): Linear(in_features=768, out_features=768, bias=True)
        )
        (activation_dropout_module): FairseqDropout()
        (self_attn_layer_norm): LayerNorm((768,), eps=1e-05, elementwise_affine=True)
        (encoder_attn): MultiheadAttention(
          (dropout_module): FairseqDropout()
          (k_proj): Linear(in_features=768, out_features=768, bias=True)
          (v_proj): Linear(in_features=768, out_features=768, bias=True)
          (q_proj): Linear(in_features=768, out_features=768, bias=True)
          (out_proj): Linear(in_features=768, out_features=768, bias=True)
        )
        (encoder_attn_layer_norm): LayerNorm((768,), eps=1e-05, elementwise_affine=True)
        (fc1): Linear(in_features=768, out_features=3072, bias=True)
        (fc2): Linear(in_features=3072, out_features=768, bias=True)
        (final_layer_norm): LayerNorm((768,), eps=1e-05, elementwise_affine=True)
      )
      (1): TransformerDecoderLayer(
        (dropout_module): FairseqDropout()
        (self_attn): MultiheadAttention(
          (dropout_module): FairseqDropout()
          (k_proj): Linear(in_features=768, out_features=768, bias=True)
          (v_proj): Linear(in_features=768, out_features=768, bias=True)
          (q_proj): Linear(in_features=768, out_features=768, bias=True)
          (out_proj): Linear(in_features=768, out_features=768, bias=True)
        )
        (activation_dropout_module): FairseqDropout()
        (self_attn_layer_norm): LayerNorm((768,), eps=1e-05, elementwise_affine=True)
        (encoder_attn): MultiheadAttention(
          (dropout_module): FairseqDropout()
          (k_proj): Linear(in_features=768, out_features=768, bias=True)
          (v_proj): Linear(in_features=768, out_features=768, bias=True)
          (q_proj): Linear(in_features=768, out_features=768, bias=True)
          (out_proj): Linear(in_features=768, out_features=768, bias=True)
        )
        (encoder_attn_layer_norm): LayerNorm((768,), eps=1e-05, elementwise_affine=True)
        (fc1): Linear(in_features=768, out_features=3072, bias=True)
        (fc2): Linear(in_features=3072, out_features=768, bias=True)
        (final_layer_norm): LayerNorm((768,), eps=1e-05, elementwise_affine=True)
      )
      (2): TransformerDecoderLayer(
        (dropout_module): FairseqDropout()
        (self_attn): MultiheadAttention(
          (dropout_module): FairseqDropout()
          (k_proj): Linear(in_features=768, out_features=768, bias=True)
          (v_proj): Linear(in_features=768, out_features=768, bias=True)
          (q_proj): Linear(in_features=768, out_features=768, bias=True)
          (out_proj): Linear(in_features=768, out_features=768, bias=True)
        )
        (activation_dropout_module): FairseqDropout()
        (self_attn_layer_norm): LayerNorm((768,), eps=1e-05, elementwise_affine=True)
        (encoder_attn): MultiheadAttention(
          (dropout_module): FairseqDropout()
          (k_proj): Linear(in_features=768, out_features=768, bias=True)
          (v_proj): Linear(in_features=768, out_features=768, bias=True)
          (q_proj): Linear(in_features=768, out_features=768, bias=True)
          (out_proj): Linear(in_features=768, out_features=768, bias=True)
        )
        (encoder_attn_layer_norm): LayerNorm((768,), eps=1e-05, elementwise_affine=True)
        (fc1): Linear(in_features=768, out_features=3072, bias=True)
        (fc2): Linear(in_features=3072, out_features=768, bias=True)
        (final_layer_norm): LayerNorm((768,), eps=1e-05, elementwise_affine=True)
      )
      (3): TransformerDecoderLayer(
        (dropout_module): FairseqDropout()
        (self_attn): MultiheadAttention(
          (dropout_module): FairseqDropout()
          (k_proj): Linear(in_features=768, out_features=768, bias=True)
          (v_proj): Linear(in_features=768, out_features=768, bias=True)
          (q_proj): Linear(in_features=768, out_features=768, bias=True)
          (out_proj): Linear(in_features=768, out_features=768, bias=True)
        )
        (activation_dropout_module): FairseqDropout()
        (self_attn_layer_norm): LayerNorm((768,), eps=1e-05, elementwise_affine=True)
        (encoder_attn): MultiheadAttention(
          (dropout_module): FairseqDropout()
          (k_proj): Linear(in_features=768, out_features=768, bias=True)
          (v_proj): Linear(in_features=768, out_features=768, bias=True)
          (q_proj): Linear(in_features=768, out_features=768, bias=True)
          (out_proj): Linear(in_features=768, out_features=768, bias=True)
        )
        (encoder_attn_layer_norm): LayerNorm((768,), eps=1e-05, elementwise_affine=True)
        (fc1): Linear(in_features=768, out_features=3072, bias=True)
        (fc2): Linear(in_features=3072, out_features=768, bias=True)
        (final_layer_norm): LayerNorm((768,), eps=1e-05, elementwise_affine=True)
      )
      (4): TransformerDecoderLayer(
        (dropout_module): FairseqDropout()
        (self_attn): MultiheadAttention(
          (dropout_module): FairseqDropout()
          (k_proj): Linear(in_features=768, out_features=768, bias=True)
          (v_proj): Linear(in_features=768, out_features=768, bias=True)
          (q_proj): Linear(in_features=768, out_features=768, bias=True)
          (out_proj): Linear(in_features=768, out_features=768, bias=True)
        )
        (activation_dropout_module): FairseqDropout()
        (self_attn_layer_norm): LayerNorm((768,), eps=1e-05, elementwise_affine=True)
        (encoder_attn): MultiheadAttention(
          (dropout_module): FairseqDropout()
          (k_proj): Linear(in_features=768, out_features=768, bias=True)
          (v_proj): Linear(in_features=768, out_features=768, bias=True)
          (q_proj): Linear(in_features=768, out_features=768, bias=True)
          (out_proj): Linear(in_features=768, out_features=768, bias=True)
        )
        (encoder_attn_layer_norm): LayerNorm((768,), eps=1e-05, elementwise_affine=True)
        (fc1): Linear(in_features=768, out_features=3072, bias=True)
        (fc2): Linear(in_features=3072, out_features=768, bias=True)
        (final_layer_norm): LayerNorm((768,), eps=1e-05, elementwise_affine=True)
      )
      (5): TransformerDecoderLayer(
        (dropout_module): FairseqDropout()
        (self_attn): MultiheadAttention(
          (dropout_module): FairseqDropout()
          (k_proj): Linear(in_features=768, out_features=768, bias=True)
          (v_proj): Linear(in_features=768, out_features=768, bias=True)
          (q_proj): Linear(in_features=768, out_features=768, bias=True)
          (out_proj): Linear(in_features=768, out_features=768, bias=True)
        )
        (activation_dropout_module): FairseqDropout()
        (self_attn_layer_norm): LayerNorm((768,), eps=1e-05, elementwise_affine=True)
        (encoder_attn): MultiheadAttention(
          (dropout_module): FairseqDropout()
          (k_proj): Linear(in_features=768, out_features=768, bias=True)
          (v_proj): Linear(in_features=768, out_features=768, bias=True)
          (q_proj): Linear(in_features=768, out_features=768, bias=True)
          (out_proj): Linear(in_features=768, out_features=768, bias=True)
        )
        (encoder_attn_layer_norm): LayerNorm((768,), eps=1e-05, elementwise_affine=True)
        (fc1): Linear(in_features=768, out_features=3072, bias=True)
        (fc2): Linear(in_features=3072, out_features=768, bias=True)
        (final_layer_norm): LayerNorm((768,), eps=1e-05, elementwise_affine=True)
      )
    )
    (adaptive_block): AdaptiveBlock(
      (fc_unit): Linear(in_features=768, out_features=768, bias=False)
      (fc_unit2): Linear(in_features=768, out_features=768, bias=False)
      (fc_zero): Linear(in_features=768, out_features=768, bias=False)
      (fc_zero2): Linear(in_features=768, out_features=768, bias=False)
    )
    (output_projection): Linear(in_features=768, out_features=50005, bias=False)
  )
  (classification_heads): ModuleDict()
)
2022-08-29 00:32:38 | INFO | fairseq_cli.train | task: translation_from_pretrained_bart (TranslationFromPretrainedBARTTask)
2022-08-29 00:32:38 | INFO | fairseq_cli.train | model: mbart_base (BARTModel)
2022-08-29 00:32:38 | INFO | fairseq_cli.train | criterion: label_smoothed_cross_entropy (LabelSmoothedCrossEntropyCriterion)
2022-08-29 00:32:38 | INFO | fairseq_cli.train | num. model params: 141580032 (num. trained: 2359296)
2022-08-29 00:32:38 | INFO | fairseq.trainer | detected shared parameter: encoder.embed_tokens.weight <- decoder.embed_tokens.weight
2022-08-29 00:32:38 | INFO | fairseq.trainer | detected shared parameter: encoder.embed_tokens.weight <- decoder.output_projection.weight
2022-08-29 00:32:38 | INFO | fairseq.trainer | detected shared parameter: decoder.adaptive_block.fc_unit.bias <- decoder.adaptive_block.fc_unit2.bias
2022-08-29 00:32:38 | INFO | fairseq.trainer | detected shared parameter: decoder.adaptive_block.fc_unit.bias <- decoder.adaptive_block.fc_zero.bias
2022-08-29 00:32:38 | INFO | fairseq.trainer | detected shared parameter: decoder.adaptive_block.fc_unit.bias <- decoder.adaptive_block.fc_zero2.bias
2022-08-29 00:32:38 | INFO | fairseq.trainer | detected shared parameter: decoder.adaptive_block.fc_unit.bias <- decoder.output_projection.bias
2022-08-29 00:32:38 | INFO | fairseq.utils | ***********************CUDA enviroments for all 1 workers***********************
2022-08-29 00:32:38 | INFO | fairseq.utils | rank   0: capabilities =  7.0  ; total memory = 31.749 GB ; name = Tesla V100-SXM2-32GB                    
2022-08-29 00:32:38 | INFO | fairseq.utils | ***********************CUDA enviroments for all 1 workers***********************
2022-08-29 00:32:38 | INFO | fairseq_cli.train | training on 1 devices (GPUs/TPUs)
2022-08-29 00:32:38 | INFO | fairseq_cli.train | max tokens per GPU = None and max sentences per GPU = 32
-----------------knn load part of model-----------------
2022-08-29 00:32:49 | INFO | fairseq.trainer | loaded checkpoint /home/cluster/jgu/scratch/ssr/cli/out/mix/full_base_java_en_XX/checkpoint_best.pt (epoch 37 @ 0 updates)
2022-08-29 00:32:49 | INFO | fairseq.trainer | NOTE: your device may support faster training with --fp16
2022-08-29 00:32:49 | INFO | fairseq.trainer | loading train data for epoch 1
2022-08-29 00:32:49 | INFO | fairseq.data.data_utils | loaded 69708 examples from: /home/cluster/jgu/scratch/ssr/cli/out/mix/java/data-bin/train.java-en_XX.java
2022-08-29 00:32:49 | INFO | fairseq.data.data_utils | loaded 69708 examples from: /home/cluster/jgu/scratch/ssr/cli/out/mix/java/data-bin/train.java-en_XX.en_XX
2022-08-29 00:32:49 | INFO | fairseq.tasks.translation | /home/cluster/jgu/scratch/ssr/cli/out/mix/java/data-bin train java-en_XX 69708 examples
2022-08-29 00:32:49 | INFO | fairseq.trainer | begin training epoch 1
2022-08-29 00:33:19 | INFO | train_inner | {"epoch": 1, "update": 0.046, "loss": "2.613", "nll_loss": "0.606", "ppl": "1.52", "wps": "2155.4", "ups": "3.41", "wpb": "630.2", "bsz": "32", "num_updates": "100", "lr": "5e-06", "gnorm": "0.358", "train_wall": "29", "wall": "41"}
2022-08-29 00:33:51 | INFO | train_inner | {"epoch": 1, "update": 0.092, "loss": "2.555", "nll_loss": "0.583", "ppl": "1.5", "wps": "1958.2", "ups": "3.15", "wpb": "621.5", "bsz": "32", "num_updates": "200", "lr": "1e-05", "gnorm": "0.301", "train_wall": "32", "wall": "72"}
2022-08-29 00:34:23 | INFO | train_inner | {"epoch": 1, "update": 0.138, "loss": "2.558", "nll_loss": "0.602", "ppl": "1.52", "wps": "1956.7", "ups": "3.16", "wpb": "620", "bsz": "32", "num_updates": "300", "lr": "1.5e-05", "gnorm": "0.304", "train_wall": "32", "wall": "104"}
2022-08-29 00:34:54 | INFO | train_inner | {"epoch": 1, "update": 0.184, "loss": "2.545", "nll_loss": "0.595", "ppl": "1.51", "wps": "2145", "ups": "3.14", "wpb": "682.9", "bsz": "32", "num_updates": "400", "lr": "2e-05", "gnorm": "0.299", "train_wall": "32", "wall": "136"}
2022-08-29 00:35:32 | INFO | train_inner | {"epoch": 1, "update": 0.229, "loss": "2.578", "nll_loss": "0.638", "ppl": "1.56", "wps": "1810", "ups": "2.68", "wpb": "674.7", "bsz": "32", "num_updates": "500", "lr": "2.5e-05", "gnorm": "0.301", "train_wall": "37", "wall": "173"}
2022-08-29 00:36:05 | INFO | train_inner | {"epoch": 1, "update": 0.275, "loss": "2.548", "nll_loss": "0.609", "ppl": "1.52", "wps": "1995.9", "ups": "2.99", "wpb": "668.4", "bsz": "32", "num_updates": "600", "lr": "3e-05", "gnorm": "0.294", "train_wall": "33", "wall": "207"}
2022-08-29 00:36:39 | INFO | train_inner | {"epoch": 1, "update": 0.321, "loss": "2.532", "nll_loss": "0.592", "ppl": "1.51", "wps": "1861.5", "ups": "2.93", "wpb": "636.1", "bsz": "31.8", "num_updates": "700", "lr": "3.5e-05", "gnorm": "0.293", "train_wall": "34", "wall": "241"}
2022-08-29 00:37:10 | INFO | train_inner | {"epoch": 1, "update": 0.367, "loss": "2.536", "nll_loss": "0.598", "ppl": "1.51", "wps": "1976.7", "ups": "3.23", "wpb": "612.8", "bsz": "32", "num_updates": "800", "lr": "4e-05", "gnorm": "0.289", "train_wall": "31", "wall": "272"}
2022-08-29 00:37:41 | INFO | train_inner | {"epoch": 1, "update": 0.413, "loss": "2.528", "nll_loss": "0.595", "ppl": "1.51", "wps": "2198.6", "ups": "3.25", "wpb": "677.2", "bsz": "32", "num_updates": "900", "lr": "4.5e-05", "gnorm": "0.29", "train_wall": "31", "wall": "303"}
2022-08-29 00:38:17 | INFO | train_inner | {"epoch": 1, "update": 0.459, "loss": "2.583", "nll_loss": "0.658", "ppl": "1.58", "wps": "1986.5", "ups": "2.8", "wpb": "709.4", "bsz": "32", "num_updates": "1000", "lr": "5e-05", "gnorm": "0.282", "train_wall": "36", "wall": "338"}
2022-08-29 00:38:50 | INFO | train_inner | {"epoch": 1, "update": 0.505, "loss": "2.554", "nll_loss": "0.625", "ppl": "1.54", "wps": "1832.3", "ups": "3", "wpb": "610.7", "bsz": "32", "num_updates": "1100", "lr": "4.9995e-05", "gnorm": "0.292", "train_wall": "33", "wall": "372"}
2022-08-29 00:39:22 | INFO | train_inner | {"epoch": 1, "update": 0.551, "loss": "2.534", "nll_loss": "0.602", "ppl": "1.52", "wps": "1978.3", "ups": "3.17", "wpb": "623.3", "bsz": "32", "num_updates": "1200", "lr": "4.999e-05", "gnorm": "0.284", "train_wall": "31", "wall": "403"}
2022-08-29 00:39:55 | INFO | train_inner | {"epoch": 1, "update": 0.597, "loss": "2.507", "nll_loss": "0.575", "ppl": "1.49", "wps": "1866.5", "ups": "3", "wpb": "622.2", "bsz": "32", "num_updates": "1300", "lr": "4.9985e-05", "gnorm": "0.282", "train_wall": "33", "wall": "437"}
2022-08-29 00:40:26 | INFO | train_inner | {"epoch": 1, "update": 0.642, "loss": "2.547", "nll_loss": "0.618", "ppl": "1.53", "wps": "2048.1", "ups": "3.18", "wpb": "643.6", "bsz": "32", "num_updates": "1400", "lr": "4.998e-05", "gnorm": "0.284", "train_wall": "31", "wall": "468"}
2022-08-29 00:41:00 | INFO | train_inner | {"epoch": 1, "update": 0.688, "loss": "2.592", "nll_loss": "0.668", "ppl": "1.59", "wps": "2111.5", "ups": "2.99", "wpb": "705.6", "bsz": "32", "num_updates": "1500", "lr": "4.9975e-05", "gnorm": "0.284", "train_wall": "33", "wall": "501"}
2022-08-29 00:41:35 | INFO | train_inner | {"epoch": 1, "update": 0.734, "loss": "2.568", "nll_loss": "0.641", "ppl": "1.56", "wps": "1961.9", "ups": "2.84", "wpb": "691.8", "bsz": "32", "num_updates": "1600", "lr": "4.997e-05", "gnorm": "0.286", "train_wall": "35", "wall": "537"}
2022-08-29 00:42:08 | INFO | train_inner | {"epoch": 1, "update": 0.78, "loss": "2.588", "nll_loss": "0.666", "ppl": "1.59", "wps": "2104", "ups": "3.09", "wpb": "681.6", "bsz": "32", "num_updates": "1700", "lr": "4.9965e-05", "gnorm": "0.28", "train_wall": "32", "wall": "569"}
2022-08-29 00:42:41 | INFO | train_inner | {"epoch": 1, "update": 0.826, "loss": "2.567", "nll_loss": "0.644", "ppl": "1.56", "wps": "1958.4", "ups": "2.96", "wpb": "661.4", "bsz": "32", "num_updates": "1800", "lr": "4.996e-05", "gnorm": "0.277", "train_wall": "34", "wall": "603"}
2022-08-29 00:43:17 | INFO | train_inner | {"epoch": 1, "update": 0.872, "loss": "2.546", "nll_loss": "0.618", "ppl": "1.54", "wps": "2045.1", "ups": "2.79", "wpb": "732.5", "bsz": "32", "num_updates": "1900", "lr": "4.9955e-05", "gnorm": "0.272", "train_wall": "36", "wall": "639"}
2022-08-29 00:43:51 | INFO | train_inner | {"epoch": 1, "update": 0.918, "loss": "2.506", "nll_loss": "0.576", "ppl": "1.49", "wps": "1747", "ups": "2.94", "wpb": "594.6", "bsz": "32", "num_updates": "2000", "lr": "4.99499e-05", "gnorm": "0.271", "train_wall": "34", "wall": "673"}
2022-08-29 00:44:21 | INFO | train_inner | {"epoch": 1, "update": 0.964, "loss": "2.551", "nll_loss": "0.631", "ppl": "1.55", "wps": "2025.4", "ups": "3.39", "wpb": "597.1", "bsz": "32", "num_updates": "2100", "lr": "4.99449e-05", "gnorm": "0.276", "train_wall": "29", "wall": "702"}
2022-08-29 00:44:46 | INFO | fairseq_cli.train | begin validation on "valid" subset
/net/cephfs/scratch/jgu/ssr/fairseq/utils.py:342: UserWarning: amp_C fused kernels unavailable, disabling multi_tensor_l2norm; you may get better performance by installing NVIDIA's apex library
  "amp_C fused kernels unavailable, disabling multi_tensor_l2norm; "
2022-08-29 00:52:19 | INFO | valid | {"epoch": 1, "valid_loss": "5.709", "valid_nll_loss": "4.157", "valid_ppl": "17.84", "valid_bleu": "32.99", "valid_wps": "394.5", "valid_wpb": "652.8", "valid_bsz": "31.9", "valid_num_updates": "2179"}
2022-08-29 00:52:19 | INFO | fairseq_cli.train | begin save checkpoint
2022-08-29 00:52:21 | INFO | fairseq.checkpoint_utils | saved checkpoint /home/cluster/jgu/scratch/ssr/cli/out/mix/full_ada_java_en_XX/checkpoint_best.pt (epoch 1 @ 2179 updates, score 32.99) (writing took 2.300880592316389 seconds)
2022-08-29 00:52:21 | INFO | fairseq_cli.train | end of epoch 1 (average epoch stats below)
2022-08-29 00:52:21 | INFO | train | {"epoch": 1, "train_loss": "2.555", "train_nll_loss": "0.618", "train_ppl": "1.53", "train_wps": "1214.9", "train_ups": "1.86", "train_wpb": "653", "train_bsz": "32", "train_num_updates": "2179", "train_lr": "4.9941e-05", "train_gnorm": "0.29", "train_train_wall": "714", "train_wall": "1182"}
2022-08-29 00:52:21 | INFO | fairseq_cli.train | done training in 1171.7 seconds
/net/cephfs/scratch/jgu/ssr/fairseq/search.py:140: UserWarning: __floordiv__ is deprecated, and its behavior will change in a future version of pytorch. It currently rounds toward 0 (like the 'trunc' function NOT 'floor'). This results in incorrect rounding for negative values. To keep the current behavior, use torch.div(a, b, rounding_mode='trunc'), or for actual floor division, use torch.div(a, b, rounding_mode='floor').
  beams_buf = indices_buf // vocab_size
/net/cephfs/scratch/jgu/ssr/fairseq/sequence_generator.py:651: UserWarning: __floordiv__ is deprecated, and its behavior will change in a future version of pytorch. It currently rounds toward 0 (like the 'trunc' function NOT 'floor'). This results in incorrect rounding for negative values. To keep the current behavior, use torch.div(a, b, rounding_mode='trunc'), or for actual floor division, use torch.div(a, b, rounding_mode='floor').
  unfin_idx = idx // beam_size
4.model_adaption.sh: line 110: daption: command not found
@ Completed
@ Stage 5
/net/cephfs/scratch/jgu/ssr/fairseq/search.py:140: UserWarning: __floordiv__ is deprecated, and its behavior will change in a future version of pytorch. It currently rounds toward 0 (like the 'trunc' function NOT 'floor'). This results in incorrect rounding for negative values. To keep the current behavior, use torch.div(a, b, rounding_mode='trunc'), or for actual floor division, use torch.div(a, b, rounding_mode='floor').
  beams_buf = indices_buf // vocab_size
/net/cephfs/scratch/jgu/ssr/fairseq/sequence_generator.py:651: UserWarning: __floordiv__ is deprecated, and its behavior will change in a future version of pytorch. It currently rounds toward 0 (like the 'trunc' function NOT 'floor'). This results in incorrect rounding for negative values. To keep the current behavior, use torch.div(a, b, rounding_mode='trunc'), or for actual floor division, use torch.div(a, b, rounding_mode='floor').
  unfin_idx = idx // beam_size
WARNING (theano.tensor.blas): We did not find a dynamic library in the library_dir of the library we use for blas. If you use ATLAS, make sure to compile it with dynamics library.
c_bleu = 43.07 | s_bleu = 48.84 | meteor = 30.84 | rouge = 58.87
rouge_coco = 59.9
@ Completed
