@ Stage 4
2022-08-28 13:10:03 | INFO | fairseq_cli.train | Namespace(activation_fn='gelu', adam_betas='(0.9, 0.98)', adam_eps=1e-06, adaptive_softmax_cutoff=None, adaptive_softmax_dropout=0, all_gather_list_size=16384, arch='mbart_base', attention_dropout=0.0, batch_size=16, batch_size_valid=16, best_checkpoint_metric='bleu', bf16=False, bpe='sentencepiece', broadcast_buffers=False, bucket_cap_mb=25, checkpoint_shard_count=1, checkpoint_suffix='', clip_norm=0.0, cpu=False, criterion='label_smoothed_cross_entropy', cross_self_attention=False, curriculum=0, data='/home/cluster/jgu/scratch/ssr/cli/out/mix/python/data-bin', data_buffer_size=10, dataset_impl=None, ddp_backend='no_c10d', decoder_attention_heads=12, decoder_embed_dim=768, decoder_embed_path=None, decoder_ffn_embed_dim=3072, decoder_input_dim=768, decoder_layerdrop=0, decoder_layers=6, decoder_layers_to_keep=None, decoder_learned_pos=True, decoder_normalize_before=False, decoder_output_dim=768, device_id=0, disable_validation=False, distributed_backend='nccl', distributed_init_method=None, distributed_no_spawn=False, distributed_num_procs=1, distributed_port=-1, distributed_rank=0, distributed_world_size=1, distributed_wrapper='DDP', dropout=0.1, dstore_filename='/home/cluster/jgu/scratch/ssr/cli/out/mix/python/full_merged_datastore', dstore_fp16=True, dstore_size=3781416, empty_cache_freq=0, encoder_attention_heads=12, encoder_embed_dim=768, encoder_embed_path=None, encoder_ffn_embed_dim=3072, encoder_layerdrop=0, encoder_layers=6, encoder_layers_to_keep=None, encoder_learned_pos=True, encoder_normalize_before=False, end_learning_rate=0.0, eval_bleu=True, eval_bleu_args='{"beam": 6}', eval_bleu_detok='space', eval_bleu_detok_args=None, eval_bleu_print_samples=False, eval_bleu_remove_bpe='sentencepiece', eval_tokenized_bleu=True, fast_stat_sync=False, find_unused_parameters=False, finetune_from_model=None, fix_batches_to_gpus=False, fixed_validation_seed=None, force_anneal=None, fp16=False, fp16_init_scale=128, fp16_no_flatten_grads=False, fp16_scale_tolerance=0.0, fp16_scale_window=None, gen_subset='test', ignore_prefix_size=0, k=2, keep_best_checkpoints=-1, keep_interval_updates=-1, keep_last_epochs=-1, knn_lambda=0.5, knn_sim_metric='IP', knn_temperature=10.0, label_smoothing=0.1, langs='java,python,en_XX', layernorm_embedding=True, left_pad_source='True', left_pad_target='False', load_alignments=False, localsgd_frequency=3, log_format='json', log_interval=100, lr=[5e-05], lr_scheduler='polynomial_decay', max_epoch=1, max_source_positions=1024, max_target_positions=1024, max_tokens=None, max_tokens_valid=None, max_update=0, maximize_best_checkpoint_metric=True, memory_efficient_bf16=False, memory_efficient_fp16=False, min_loss_scale=0.0001, min_lr=-1.0, model_parallel_size=1, move_dstore_to_mem=True, no_cross_attention=False, no_epoch_checkpoints=True, no_last_checkpoints=False, no_progress_bar=False, no_save=False, no_save_optimizer_state=False, no_scale_embedding=False, no_seed_provided=False, no_token_positional_embeddings=False, nprocs_per_node=1, num_batch_buckets=0, num_shards=1, num_workers=1, only_train_final_output=False, optimizer='adam', optimizer_overrides='{}', partially_finetune=True, patience=5, pipeline_balance=None, pipeline_checkpoint='never', pipeline_chunks=0, pipeline_decoder_balance=None, pipeline_decoder_devices=None, pipeline_devices=None, pipeline_encoder_balance=None, pipeline_encoder_devices=None, pipeline_model_parallel=False, pooler_activation_fn='tanh', pooler_dropout=0.0, power=1.0, prepend_bos=False, probe=32, profile=False, quant_noise_pq=0, quant_noise_pq_block_size=8, quant_noise_scalar=0, quantization_config_path=None, relu_dropout=0.0, report_accuracy=False, required_batch_size_multiple=8, required_seq_len_multiple=1, reset_dataloader=True, reset_lr_scheduler=True, reset_meters=True, reset_optimizer=True, restore_file='/home/cluster/jgu/scratch/ssr/cli/out/mix/full_base_python_en_XX/checkpoint_best.pt', save_dir='/home/cluster/jgu/scratch/ssr/cli/out/mix/full_ada_python_en_XX', save_interval=1, save_interval_updates=0, scoring='bleu', seed=42, sentence_avg=False, sentencepiece_model='/home/cluster/jgu/scratch/ssr/cli/sentencepiece/sentencepiece.bpe.model', shard_id=0, share_all_embeddings=True, share_decoder_input_output_embed=True, skip_invalid_size_inputs_valid_test=False, slowmo_algorithm='LocalSGD', slowmo_momentum=None, source_lang='python', stop_time_hours=0, target_lang='en_XX', task='translation_from_pretrained_bart', tensorboard_logdir=None, threshold_loss_scale=None, tokenizer=None, total_num_update=1000000, tpu=False, train_subset='train', truncate_source=False, update_freq=[1], upsample_primary=1, use_bmuf=False, use_gpu_to_search=True, use_knn_datastore=True, use_old_adam=False, user_dir='/home/cluster/jgu/scratch/ssr/cli', valid_subset='valid', validate_after_updates=0, validate_interval=1, validate_interval_updates=0, warmup_updates=1000, weight_decay=0.0, zero_sharding='none')
2022-08-28 13:10:03 | INFO | fairseq.tasks.translation | [python] dictionary: 50001 types
2022-08-28 13:10:03 | INFO | fairseq.tasks.translation | [en_XX] dictionary: 50001 types
2022-08-28 13:10:04 | INFO | fairseq.data.data_utils | loaded 18505 examples from: /home/cluster/jgu/scratch/ssr/cli/out/mix/python/data-bin/valid.python-en_XX.python
2022-08-28 13:10:04 | INFO | fairseq.data.data_utils | loaded 18505 examples from: /home/cluster/jgu/scratch/ssr/cli/out/mix/python/data-bin/valid.python-en_XX.en_XX
2022-08-28 13:10:04 | INFO | fairseq.tasks.translation | /home/cluster/jgu/scratch/ssr/cli/out/mix/python/data-bin valid python-en_XX 18505 examples
put index from cpu to gpu
Reading datastore took 3.0608224868774414 s
the datastore is /home/cluster/jgu/scratch/ssr/cli/out/mix/python/full_merged_datastore, size is 3781416, and dim is 768 
Loading to memory...
Loading to memory took 3.060450315475464 s
2022-08-28 13:10:13 | INFO | fairseq_cli.train | BARTModel(
  (encoder): TransformerEncoder(
    (dropout_module): FairseqDropout()
    (embed_tokens): Embedding(50005, 768, padding_idx=1)
    (embed_positions): LearnedPositionalEmbedding(1026, 768, padding_idx=1)
    (layernorm_embedding): LayerNorm((768,), eps=1e-05, elementwise_affine=True)
    (layers): ModuleList(
      (0): TransformerEncoderLayer(
        (self_attn): MultiheadAttention(
          (dropout_module): FairseqDropout()
          (k_proj): Linear(in_features=768, out_features=768, bias=True)
          (v_proj): Linear(in_features=768, out_features=768, bias=True)
          (q_proj): Linear(in_features=768, out_features=768, bias=True)
          (out_proj): Linear(in_features=768, out_features=768, bias=True)
        )
        (self_attn_layer_norm): LayerNorm((768,), eps=1e-05, elementwise_affine=True)
        (dropout_module): FairseqDropout()
        (activation_dropout_module): FairseqDropout()
        (fc1): Linear(in_features=768, out_features=3072, bias=True)
        (fc2): Linear(in_features=3072, out_features=768, bias=True)
        (final_layer_norm): LayerNorm((768,), eps=1e-05, elementwise_affine=True)
      )
      (1): TransformerEncoderLayer(
        (self_attn): MultiheadAttention(
          (dropout_module): FairseqDropout()
          (k_proj): Linear(in_features=768, out_features=768, bias=True)
          (v_proj): Linear(in_features=768, out_features=768, bias=True)
          (q_proj): Linear(in_features=768, out_features=768, bias=True)
          (out_proj): Linear(in_features=768, out_features=768, bias=True)
        )
        (self_attn_layer_norm): LayerNorm((768,), eps=1e-05, elementwise_affine=True)
        (dropout_module): FairseqDropout()
        (activation_dropout_module): FairseqDropout()
        (fc1): Linear(in_features=768, out_features=3072, bias=True)
        (fc2): Linear(in_features=3072, out_features=768, bias=True)
        (final_layer_norm): LayerNorm((768,), eps=1e-05, elementwise_affine=True)
      )
      (2): TransformerEncoderLayer(
        (self_attn): MultiheadAttention(
          (dropout_module): FairseqDropout()
          (k_proj): Linear(in_features=768, out_features=768, bias=True)
          (v_proj): Linear(in_features=768, out_features=768, bias=True)
          (q_proj): Linear(in_features=768, out_features=768, bias=True)
          (out_proj): Linear(in_features=768, out_features=768, bias=True)
        )
        (self_attn_layer_norm): LayerNorm((768,), eps=1e-05, elementwise_affine=True)
        (dropout_module): FairseqDropout()
        (activation_dropout_module): FairseqDropout()
        (fc1): Linear(in_features=768, out_features=3072, bias=True)
        (fc2): Linear(in_features=3072, out_features=768, bias=True)
        (final_layer_norm): LayerNorm((768,), eps=1e-05, elementwise_affine=True)
      )
      (3): TransformerEncoderLayer(
        (self_attn): MultiheadAttention(
          (dropout_module): FairseqDropout()
          (k_proj): Linear(in_features=768, out_features=768, bias=True)
          (v_proj): Linear(in_features=768, out_features=768, bias=True)
          (q_proj): Linear(in_features=768, out_features=768, bias=True)
          (out_proj): Linear(in_features=768, out_features=768, bias=True)
        )
        (self_attn_layer_norm): LayerNorm((768,), eps=1e-05, elementwise_affine=True)
        (dropout_module): FairseqDropout()
        (activation_dropout_module): FairseqDropout()
        (fc1): Linear(in_features=768, out_features=3072, bias=True)
        (fc2): Linear(in_features=3072, out_features=768, bias=True)
        (final_layer_norm): LayerNorm((768,), eps=1e-05, elementwise_affine=True)
      )
      (4): TransformerEncoderLayer(
        (self_attn): MultiheadAttention(
          (dropout_module): FairseqDropout()
          (k_proj): Linear(in_features=768, out_features=768, bias=True)
          (v_proj): Linear(in_features=768, out_features=768, bias=True)
          (q_proj): Linear(in_features=768, out_features=768, bias=True)
          (out_proj): Linear(in_features=768, out_features=768, bias=True)
        )
        (self_attn_layer_norm): LayerNorm((768,), eps=1e-05, elementwise_affine=True)
        (dropout_module): FairseqDropout()
        (activation_dropout_module): FairseqDropout()
        (fc1): Linear(in_features=768, out_features=3072, bias=True)
        (fc2): Linear(in_features=3072, out_features=768, bias=True)
        (final_layer_norm): LayerNorm((768,), eps=1e-05, elementwise_affine=True)
      )
      (5): TransformerEncoderLayer(
        (self_attn): MultiheadAttention(
          (dropout_module): FairseqDropout()
          (k_proj): Linear(in_features=768, out_features=768, bias=True)
          (v_proj): Linear(in_features=768, out_features=768, bias=True)
          (q_proj): Linear(in_features=768, out_features=768, bias=True)
          (out_proj): Linear(in_features=768, out_features=768, bias=True)
        )
        (self_attn_layer_norm): LayerNorm((768,), eps=1e-05, elementwise_affine=True)
        (dropout_module): FairseqDropout()
        (activation_dropout_module): FairseqDropout()
        (fc1): Linear(in_features=768, out_features=3072, bias=True)
        (fc2): Linear(in_features=3072, out_features=768, bias=True)
        (final_layer_norm): LayerNorm((768,), eps=1e-05, elementwise_affine=True)
      )
    )
  )
  (decoder): TransformerDecoder(
    (dropout_module): FairseqDropout()
    (embed_tokens): Embedding(50005, 768, padding_idx=1)
    (embed_positions): LearnedPositionalEmbedding(1026, 768, padding_idx=1)
    (layernorm_embedding): LayerNorm((768,), eps=1e-05, elementwise_affine=True)
    (layers): ModuleList(
      (0): TransformerDecoderLayer(
        (dropout_module): FairseqDropout()
        (self_attn): MultiheadAttention(
          (dropout_module): FairseqDropout()
          (k_proj): Linear(in_features=768, out_features=768, bias=True)
          (v_proj): Linear(in_features=768, out_features=768, bias=True)
          (q_proj): Linear(in_features=768, out_features=768, bias=True)
          (out_proj): Linear(in_features=768, out_features=768, bias=True)
        )
        (activation_dropout_module): FairseqDropout()
        (self_attn_layer_norm): LayerNorm((768,), eps=1e-05, elementwise_affine=True)
        (encoder_attn): MultiheadAttention(
          (dropout_module): FairseqDropout()
          (k_proj): Linear(in_features=768, out_features=768, bias=True)
          (v_proj): Linear(in_features=768, out_features=768, bias=True)
          (q_proj): Linear(in_features=768, out_features=768, bias=True)
          (out_proj): Linear(in_features=768, out_features=768, bias=True)
        )
        (encoder_attn_layer_norm): LayerNorm((768,), eps=1e-05, elementwise_affine=True)
        (fc1): Linear(in_features=768, out_features=3072, bias=True)
        (fc2): Linear(in_features=3072, out_features=768, bias=True)
        (final_layer_norm): LayerNorm((768,), eps=1e-05, elementwise_affine=True)
      )
      (1): TransformerDecoderLayer(
        (dropout_module): FairseqDropout()
        (self_attn): MultiheadAttention(
          (dropout_module): FairseqDropout()
          (k_proj): Linear(in_features=768, out_features=768, bias=True)
          (v_proj): Linear(in_features=768, out_features=768, bias=True)
          (q_proj): Linear(in_features=768, out_features=768, bias=True)
          (out_proj): Linear(in_features=768, out_features=768, bias=True)
        )
        (activation_dropout_module): FairseqDropout()
        (self_attn_layer_norm): LayerNorm((768,), eps=1e-05, elementwise_affine=True)
        (encoder_attn): MultiheadAttention(
          (dropout_module): FairseqDropout()
          (k_proj): Linear(in_features=768, out_features=768, bias=True)
          (v_proj): Linear(in_features=768, out_features=768, bias=True)
          (q_proj): Linear(in_features=768, out_features=768, bias=True)
          (out_proj): Linear(in_features=768, out_features=768, bias=True)
        )
        (encoder_attn_layer_norm): LayerNorm((768,), eps=1e-05, elementwise_affine=True)
        (fc1): Linear(in_features=768, out_features=3072, bias=True)
        (fc2): Linear(in_features=3072, out_features=768, bias=True)
        (final_layer_norm): LayerNorm((768,), eps=1e-05, elementwise_affine=True)
      )
      (2): TransformerDecoderLayer(
        (dropout_module): FairseqDropout()
        (self_attn): MultiheadAttention(
          (dropout_module): FairseqDropout()
          (k_proj): Linear(in_features=768, out_features=768, bias=True)
          (v_proj): Linear(in_features=768, out_features=768, bias=True)
          (q_proj): Linear(in_features=768, out_features=768, bias=True)
          (out_proj): Linear(in_features=768, out_features=768, bias=True)
        )
        (activation_dropout_module): FairseqDropout()
        (self_attn_layer_norm): LayerNorm((768,), eps=1e-05, elementwise_affine=True)
        (encoder_attn): MultiheadAttention(
          (dropout_module): FairseqDropout()
          (k_proj): Linear(in_features=768, out_features=768, bias=True)
          (v_proj): Linear(in_features=768, out_features=768, bias=True)
          (q_proj): Linear(in_features=768, out_features=768, bias=True)
          (out_proj): Linear(in_features=768, out_features=768, bias=True)
        )
        (encoder_attn_layer_norm): LayerNorm((768,), eps=1e-05, elementwise_affine=True)
        (fc1): Linear(in_features=768, out_features=3072, bias=True)
        (fc2): Linear(in_features=3072, out_features=768, bias=True)
        (final_layer_norm): LayerNorm((768,), eps=1e-05, elementwise_affine=True)
      )
      (3): TransformerDecoderLayer(
        (dropout_module): FairseqDropout()
        (self_attn): MultiheadAttention(
          (dropout_module): FairseqDropout()
          (k_proj): Linear(in_features=768, out_features=768, bias=True)
          (v_proj): Linear(in_features=768, out_features=768, bias=True)
          (q_proj): Linear(in_features=768, out_features=768, bias=True)
          (out_proj): Linear(in_features=768, out_features=768, bias=True)
        )
        (activation_dropout_module): FairseqDropout()
        (self_attn_layer_norm): LayerNorm((768,), eps=1e-05, elementwise_affine=True)
        (encoder_attn): MultiheadAttention(
          (dropout_module): FairseqDropout()
          (k_proj): Linear(in_features=768, out_features=768, bias=True)
          (v_proj): Linear(in_features=768, out_features=768, bias=True)
          (q_proj): Linear(in_features=768, out_features=768, bias=True)
          (out_proj): Linear(in_features=768, out_features=768, bias=True)
        )
        (encoder_attn_layer_norm): LayerNorm((768,), eps=1e-05, elementwise_affine=True)
        (fc1): Linear(in_features=768, out_features=3072, bias=True)
        (fc2): Linear(in_features=3072, out_features=768, bias=True)
        (final_layer_norm): LayerNorm((768,), eps=1e-05, elementwise_affine=True)
      )
      (4): TransformerDecoderLayer(
        (dropout_module): FairseqDropout()
        (self_attn): MultiheadAttention(
          (dropout_module): FairseqDropout()
          (k_proj): Linear(in_features=768, out_features=768, bias=True)
          (v_proj): Linear(in_features=768, out_features=768, bias=True)
          (q_proj): Linear(in_features=768, out_features=768, bias=True)
          (out_proj): Linear(in_features=768, out_features=768, bias=True)
        )
        (activation_dropout_module): FairseqDropout()
        (self_attn_layer_norm): LayerNorm((768,), eps=1e-05, elementwise_affine=True)
        (encoder_attn): MultiheadAttention(
          (dropout_module): FairseqDropout()
          (k_proj): Linear(in_features=768, out_features=768, bias=True)
          (v_proj): Linear(in_features=768, out_features=768, bias=True)
          (q_proj): Linear(in_features=768, out_features=768, bias=True)
          (out_proj): Linear(in_features=768, out_features=768, bias=True)
        )
        (encoder_attn_layer_norm): LayerNorm((768,), eps=1e-05, elementwise_affine=True)
        (fc1): Linear(in_features=768, out_features=3072, bias=True)
        (fc2): Linear(in_features=3072, out_features=768, bias=True)
        (final_layer_norm): LayerNorm((768,), eps=1e-05, elementwise_affine=True)
      )
      (5): TransformerDecoderLayer(
        (dropout_module): FairseqDropout()
        (self_attn): MultiheadAttention(
          (dropout_module): FairseqDropout()
          (k_proj): Linear(in_features=768, out_features=768, bias=True)
          (v_proj): Linear(in_features=768, out_features=768, bias=True)
          (q_proj): Linear(in_features=768, out_features=768, bias=True)
          (out_proj): Linear(in_features=768, out_features=768, bias=True)
        )
        (activation_dropout_module): FairseqDropout()
        (self_attn_layer_norm): LayerNorm((768,), eps=1e-05, elementwise_affine=True)
        (encoder_attn): MultiheadAttention(
          (dropout_module): FairseqDropout()
          (k_proj): Linear(in_features=768, out_features=768, bias=True)
          (v_proj): Linear(in_features=768, out_features=768, bias=True)
          (q_proj): Linear(in_features=768, out_features=768, bias=True)
          (out_proj): Linear(in_features=768, out_features=768, bias=True)
        )
        (encoder_attn_layer_norm): LayerNorm((768,), eps=1e-05, elementwise_affine=True)
        (fc1): Linear(in_features=768, out_features=3072, bias=True)
        (fc2): Linear(in_features=3072, out_features=768, bias=True)
        (final_layer_norm): LayerNorm((768,), eps=1e-05, elementwise_affine=True)
      )
    )
    (adaptive_block): AdaptiveBlock(
      (fc_unit): Linear(in_features=768, out_features=768, bias=False)
      (fc_unit2): Linear(in_features=768, out_features=768, bias=False)
      (fc_zero): Linear(in_features=768, out_features=768, bias=False)
      (fc_zero2): Linear(in_features=768, out_features=768, bias=False)
    )
    (output_projection): Linear(in_features=768, out_features=50005, bias=False)
  )
  (classification_heads): ModuleDict()
)
2022-08-28 13:10:13 | INFO | fairseq_cli.train | task: translation_from_pretrained_bart (TranslationFromPretrainedBARTTask)
2022-08-28 13:10:13 | INFO | fairseq_cli.train | model: mbart_base (BARTModel)
2022-08-28 13:10:13 | INFO | fairseq_cli.train | criterion: label_smoothed_cross_entropy (LabelSmoothedCrossEntropyCriterion)
2022-08-28 13:10:13 | INFO | fairseq_cli.train | num. model params: 141580032 (num. trained: 2359296)
2022-08-28 13:10:13 | INFO | fairseq.trainer | detected shared parameter: encoder.embed_tokens.weight <- decoder.embed_tokens.weight
2022-08-28 13:10:13 | INFO | fairseq.trainer | detected shared parameter: encoder.embed_tokens.weight <- decoder.output_projection.weight
2022-08-28 13:10:13 | INFO | fairseq.trainer | detected shared parameter: decoder.adaptive_block.fc_unit.bias <- decoder.adaptive_block.fc_unit2.bias
2022-08-28 13:10:13 | INFO | fairseq.trainer | detected shared parameter: decoder.adaptive_block.fc_unit.bias <- decoder.adaptive_block.fc_zero.bias
2022-08-28 13:10:13 | INFO | fairseq.trainer | detected shared parameter: decoder.adaptive_block.fc_unit.bias <- decoder.adaptive_block.fc_zero2.bias
2022-08-28 13:10:13 | INFO | fairseq.trainer | detected shared parameter: decoder.adaptive_block.fc_unit.bias <- decoder.output_projection.bias
2022-08-28 13:10:13 | INFO | fairseq.utils | ***********************CUDA enviroments for all 1 workers***********************
2022-08-28 13:10:13 | INFO | fairseq.utils | rank   0: capabilities =  7.0  ; total memory = 31.749 GB ; name = Tesla V100-SXM2-32GB                    
2022-08-28 13:10:13 | INFO | fairseq.utils | ***********************CUDA enviroments for all 1 workers***********************
2022-08-28 13:10:13 | INFO | fairseq_cli.train | training on 1 devices (GPUs/TPUs)
2022-08-28 13:10:13 | INFO | fairseq_cli.train | max tokens per GPU = None and max sentences per GPU = 16
-----------------knn load part of model-----------------
2022-08-28 13:10:25 | INFO | fairseq.trainer | loaded checkpoint /home/cluster/jgu/scratch/ssr/cli/out/mix/full_base_python_en_XX/checkpoint_best.pt (epoch 26 @ 0 updates)
2022-08-28 13:10:25 | INFO | fairseq.trainer | NOTE: your device may support faster training with --fp16
2022-08-28 13:10:25 | INFO | fairseq.trainer | loading train data for epoch 1
2022-08-28 13:10:25 | INFO | fairseq.data.data_utils | loaded 55538 examples from: /home/cluster/jgu/scratch/ssr/cli/out/mix/python/data-bin/train.python-en_XX.python
2022-08-28 13:10:25 | INFO | fairseq.data.data_utils | loaded 55538 examples from: /home/cluster/jgu/scratch/ssr/cli/out/mix/python/data-bin/train.python-en_XX.en_XX
2022-08-28 13:10:25 | INFO | fairseq.tasks.translation | /home/cluster/jgu/scratch/ssr/cli/out/mix/python/data-bin train python-en_XX 55538 examples
2022-08-28 13:10:25 | INFO | fairseq.trainer | begin training epoch 1
2022-08-28 13:10:35 | INFO | train_inner | {"epoch": 1, "update": 0.029, "loss": "2.647", "nll_loss": "0.613", "ppl": "1.53", "wps": "2313.8", "ups": "10.93", "wpb": "210.9", "bsz": "16", "num_updates": "100", "lr": "5e-06", "gnorm": "0.548", "train_wall": "9", "wall": "22"}
2022-08-28 13:10:43 | INFO | train_inner | {"epoch": 1, "update": 0.058, "loss": "2.556", "nll_loss": "0.55", "ppl": "1.46", "wps": "2411.4", "ups": "12.56", "wpb": "192", "bsz": "16", "num_updates": "200", "lr": "1e-05", "gnorm": "0.52", "train_wall": "8", "wall": "30"}
2022-08-28 13:10:51 | INFO | train_inner | {"epoch": 1, "update": 0.086, "loss": "2.575", "nll_loss": "0.583", "ppl": "1.5", "wps": "2452.4", "ups": "12.08", "wpb": "203", "bsz": "16", "num_updates": "300", "lr": "1.5e-05", "gnorm": "0.522", "train_wall": "8", "wall": "38"}
2022-08-28 13:10:59 | INFO | train_inner | {"epoch": 1, "update": 0.115, "loss": "2.532", "nll_loss": "0.551", "ppl": "1.46", "wps": "2512.5", "ups": "12.8", "wpb": "196.3", "bsz": "15.9", "num_updates": "400", "lr": "2e-05", "gnorm": "0.508", "train_wall": "8", "wall": "46"}
2022-08-28 13:11:08 | INFO | train_inner | {"epoch": 1, "update": 0.144, "loss": "2.568", "nll_loss": "0.591", "ppl": "1.51", "wps": "2514.6", "ups": "11.85", "wpb": "212.2", "bsz": "16", "num_updates": "500", "lr": "2.5e-05", "gnorm": "0.514", "train_wall": "8", "wall": "54"}
2022-08-28 13:11:16 | INFO | train_inner | {"epoch": 1, "update": 0.173, "loss": "2.581", "nll_loss": "0.613", "ppl": "1.53", "wps": "2518.2", "ups": "12.35", "wpb": "203.8", "bsz": "16", "num_updates": "600", "lr": "3e-05", "gnorm": "0.517", "train_wall": "8", "wall": "63"}
2022-08-28 13:11:23 | INFO | train_inner | {"epoch": 1, "update": 0.202, "loss": "2.576", "nll_loss": "0.609", "ppl": "1.53", "wps": "2650.2", "ups": "12.71", "wpb": "208.4", "bsz": "16", "num_updates": "700", "lr": "3.5e-05", "gnorm": "0.508", "train_wall": "8", "wall": "70"}
2022-08-28 13:11:32 | INFO | train_inner | {"epoch": 1, "update": 0.23, "loss": "2.567", "nll_loss": "0.603", "ppl": "1.52", "wps": "2338.2", "ups": "11.5", "wpb": "203.4", "bsz": "16", "num_updates": "800", "lr": "4e-05", "gnorm": "0.522", "train_wall": "9", "wall": "79"}
2022-08-28 13:11:40 | INFO | train_inner | {"epoch": 1, "update": 0.259, "loss": "2.576", "nll_loss": "0.613", "ppl": "1.53", "wps": "2502.9", "ups": "12.18", "wpb": "205.6", "bsz": "16", "num_updates": "900", "lr": "4.5e-05", "gnorm": "0.53", "train_wall": "8", "wall": "87"}
2022-08-28 13:11:49 | INFO | train_inner | {"epoch": 1, "update": 0.288, "loss": "2.563", "nll_loss": "0.601", "ppl": "1.52", "wps": "2514", "ups": "12.04", "wpb": "208.8", "bsz": "16", "num_updates": "1000", "lr": "5e-05", "gnorm": "0.515", "train_wall": "8", "wall": "96"}
2022-08-28 13:11:58 | INFO | train_inner | {"epoch": 1, "update": 0.317, "loss": "2.583", "nll_loss": "0.623", "ppl": "1.54", "wps": "2304.2", "ups": "10.56", "wpb": "218.1", "bsz": "16", "num_updates": "1100", "lr": "4.9995e-05", "gnorm": "0.5", "train_wall": "9", "wall": "105"}
2022-08-28 13:12:06 | INFO | train_inner | {"epoch": 1, "update": 0.346, "loss": "2.54", "nll_loss": "0.584", "ppl": "1.5", "wps": "2529.4", "ups": "13.01", "wpb": "194.4", "bsz": "16", "num_updates": "1200", "lr": "4.999e-05", "gnorm": "0.51", "train_wall": "8", "wall": "113"}
2022-08-28 13:12:14 | INFO | train_inner | {"epoch": 1, "update": 0.374, "loss": "2.562", "nll_loss": "0.604", "ppl": "1.52", "wps": "2612.6", "ups": "12.58", "wpb": "207.7", "bsz": "16", "num_updates": "1300", "lr": "4.9985e-05", "gnorm": "0.5", "train_wall": "8", "wall": "121"}
2022-08-28 13:12:22 | INFO | train_inner | {"epoch": 1, "update": 0.403, "loss": "2.57", "nll_loss": "0.615", "ppl": "1.53", "wps": "2544.3", "ups": "12.43", "wpb": "204.7", "bsz": "16", "num_updates": "1400", "lr": "4.998e-05", "gnorm": "0.513", "train_wall": "8", "wall": "129"}
2022-08-28 13:12:30 | INFO | train_inner | {"epoch": 1, "update": 0.432, "loss": "2.519", "nll_loss": "0.56", "ppl": "1.47", "wps": "2362.3", "ups": "12.26", "wpb": "192.7", "bsz": "16", "num_updates": "1500", "lr": "4.9975e-05", "gnorm": "0.493", "train_wall": "8", "wall": "137"}
2022-08-28 13:12:39 | INFO | train_inner | {"epoch": 1, "update": 0.461, "loss": "2.558", "nll_loss": "0.602", "ppl": "1.52", "wps": "2417.4", "ups": "11.76", "wpb": "205.5", "bsz": "16", "num_updates": "1600", "lr": "4.997e-05", "gnorm": "0.507", "train_wall": "8", "wall": "145"}
2022-08-28 13:12:47 | INFO | train_inner | {"epoch": 1, "update": 0.49, "loss": "2.54", "nll_loss": "0.58", "ppl": "1.49", "wps": "2523.4", "ups": "12.28", "wpb": "205.4", "bsz": "16", "num_updates": "1700", "lr": "4.9965e-05", "gnorm": "0.489", "train_wall": "8", "wall": "154"}
2022-08-28 13:12:56 | INFO | train_inner | {"epoch": 1, "update": 0.518, "loss": "2.568", "nll_loss": "0.611", "ppl": "1.53", "wps": "2408.7", "ups": "11.2", "wpb": "215.1", "bsz": "16", "num_updates": "1800", "lr": "4.996e-05", "gnorm": "0.497", "train_wall": "9", "wall": "163"}
2022-08-28 13:13:04 | INFO | train_inner | {"epoch": 1, "update": 0.547, "loss": "2.505", "nll_loss": "0.547", "ppl": "1.46", "wps": "2410.9", "ups": "12.3", "wpb": "196", "bsz": "16", "num_updates": "1900", "lr": "4.9955e-05", "gnorm": "0.49", "train_wall": "8", "wall": "171"}
2022-08-28 13:13:12 | INFO | train_inner | {"epoch": 1, "update": 0.576, "loss": "2.548", "nll_loss": "0.589", "ppl": "1.5", "wps": "2383.1", "ups": "11.9", "wpb": "200.3", "bsz": "16", "num_updates": "2000", "lr": "4.99499e-05", "gnorm": "0.495", "train_wall": "8", "wall": "179"}
2022-08-28 13:13:22 | INFO | train_inner | {"epoch": 1, "update": 0.605, "loss": "2.612", "nll_loss": "0.66", "ppl": "1.58", "wps": "2164.5", "ups": "9.99", "wpb": "216.7", "bsz": "16", "num_updates": "2100", "lr": "4.99449e-05", "gnorm": "0.494", "train_wall": "10", "wall": "189"}
2022-08-28 13:13:31 | INFO | train_inner | {"epoch": 1, "update": 0.634, "loss": "2.515", "nll_loss": "0.557", "ppl": "1.47", "wps": "2315.6", "ups": "11.66", "wpb": "198.6", "bsz": "16", "num_updates": "2200", "lr": "4.99399e-05", "gnorm": "0.485", "train_wall": "8", "wall": "198"}
2022-08-28 13:13:38 | INFO | train_inner | {"epoch": 1, "update": 0.662, "loss": "2.556", "nll_loss": "0.602", "ppl": "1.52", "wps": "2967.1", "ups": "13.87", "wpb": "214", "bsz": "16", "num_updates": "2300", "lr": "4.99349e-05", "gnorm": "0.491", "train_wall": "7", "wall": "205"}
2022-08-28 13:13:44 | INFO | train_inner | {"epoch": 1, "update": 0.691, "loss": "2.533", "nll_loss": "0.578", "ppl": "1.49", "wps": "3171.9", "ups": "16.42", "wpb": "193.2", "bsz": "16", "num_updates": "2400", "lr": "4.99299e-05", "gnorm": "0.498", "train_wall": "6", "wall": "211"}
2022-08-28 13:13:52 | INFO | train_inner | {"epoch": 1, "update": 0.72, "loss": "2.56", "nll_loss": "0.605", "ppl": "1.52", "wps": "2790", "ups": "13.16", "wpb": "212", "bsz": "16", "num_updates": "2500", "lr": "4.99249e-05", "gnorm": "0.461", "train_wall": "7", "wall": "219"}
2022-08-28 13:13:58 | INFO | train_inner | {"epoch": 1, "update": 0.749, "loss": "2.547", "nll_loss": "0.59", "ppl": "1.51", "wps": "3142", "ups": "15.15", "wpb": "207.3", "bsz": "16", "num_updates": "2600", "lr": "4.99199e-05", "gnorm": "0.483", "train_wall": "6", "wall": "225"}
2022-08-28 13:14:05 | INFO | train_inner | {"epoch": 1, "update": 0.778, "loss": "2.542", "nll_loss": "0.586", "ppl": "1.5", "wps": "3057.7", "ups": "14.23", "wpb": "214.9", "bsz": "16", "num_updates": "2700", "lr": "4.99149e-05", "gnorm": "0.476", "train_wall": "7", "wall": "232"}
2022-08-28 13:14:13 | INFO | train_inner | {"epoch": 1, "update": 0.806, "loss": "2.552", "nll_loss": "0.597", "ppl": "1.51", "wps": "2695.5", "ups": "13.18", "wpb": "204.6", "bsz": "16", "num_updates": "2800", "lr": "4.99099e-05", "gnorm": "0.479", "train_wall": "7", "wall": "240"}
2022-08-28 13:14:21 | INFO | train_inner | {"epoch": 1, "update": 0.835, "loss": "2.54", "nll_loss": "0.584", "ppl": "1.5", "wps": "2558.8", "ups": "12.86", "wpb": "199.1", "bsz": "16", "num_updates": "2900", "lr": "4.99049e-05", "gnorm": "0.492", "train_wall": "8", "wall": "248"}
2022-08-28 13:14:27 | INFO | train_inner | {"epoch": 1, "update": 0.864, "loss": "2.556", "nll_loss": "0.6", "ppl": "1.52", "wps": "3070.5", "ups": "14.65", "wpb": "209.6", "bsz": "16", "num_updates": "3000", "lr": "4.98999e-05", "gnorm": "0.493", "train_wall": "7", "wall": "254"}
2022-08-28 13:14:35 | INFO | train_inner | {"epoch": 1, "update": 0.893, "loss": "2.527", "nll_loss": "0.57", "ppl": "1.48", "wps": "2753.3", "ups": "13.76", "wpb": "200.2", "bsz": "16", "num_updates": "3100", "lr": "4.98949e-05", "gnorm": "0.475", "train_wall": "7", "wall": "262"}
2022-08-28 13:14:42 | INFO | train_inner | {"epoch": 1, "update": 0.922, "loss": "2.564", "nll_loss": "0.61", "ppl": "1.53", "wps": "3111.5", "ups": "14.7", "wpb": "211.7", "bsz": "16", "num_updates": "3200", "lr": "4.98899e-05", "gnorm": "0.469", "train_wall": "7", "wall": "268"}
2022-08-28 13:14:48 | INFO | train_inner | {"epoch": 1, "update": 0.95, "loss": "2.547", "nll_loss": "0.592", "ppl": "1.51", "wps": "3007.8", "ups": "14.94", "wpb": "201.3", "bsz": "16", "num_updates": "3300", "lr": "4.98849e-05", "gnorm": "0.488", "train_wall": "7", "wall": "275"}
2022-08-28 13:14:55 | INFO | train_inner | {"epoch": 1, "update": 0.979, "loss": "2.533", "nll_loss": "0.579", "ppl": "1.49", "wps": "3084.6", "ups": "14.94", "wpb": "206.5", "bsz": "16", "num_updates": "3400", "lr": "4.98799e-05", "gnorm": "0.475", "train_wall": "7", "wall": "282"}
2022-08-28 13:15:00 | INFO | fairseq_cli.train | begin validation on "valid" subset
/net/cephfs/scratch/jgu/ssr/fairseq/utils.py:342: UserWarning: amp_C fused kernels unavailable, disabling multi_tensor_l2norm; you may get better performance by installing NVIDIA's apex library
  "amp_C fused kernels unavailable, disabling multi_tensor_l2norm; "
2022-08-28 13:24:22 | INFO | valid | {"epoch": 1, "valid_loss": "5.978", "valid_nll_loss": "4.465", "valid_ppl": "22.09", "valid_bleu": "21.53", "valid_wps": "424.2", "valid_wpb": "205.7", "valid_bsz": "16", "valid_num_updates": "3472"}
2022-08-28 13:24:22 | INFO | fairseq_cli.train | begin save checkpoint
2022-08-28 13:24:24 | INFO | fairseq.checkpoint_utils | saved checkpoint /home/cluster/jgu/scratch/ssr/cli/out/mix/full_ada_python_en_XX/checkpoint_best.pt (epoch 1 @ 3472 updates, score 21.53) (writing took 2.1857723109424114 seconds)
2022-08-28 13:24:24 | INFO | fairseq_cli.train | end of epoch 1 (average epoch stats below)
2022-08-28 13:24:24 | INFO | train | {"epoch": 1, "train_loss": "2.557", "train_nll_loss": "0.593", "train_ppl": "1.51", "train_wps": "849.4", "train_ups": "4.14", "train_wpb": "205.1", "train_bsz": "16", "train_num_updates": "3472", "train_lr": "4.98763e-05", "train_gnorm": "0.498", "train_train_wall": "271", "train_wall": "851"}
2022-08-28 13:24:24 | INFO | fairseq_cli.train | done training in 839.0 seconds
/net/cephfs/scratch/jgu/ssr/fairseq/search.py:140: UserWarning: __floordiv__ is deprecated, and its behavior will change in a future version of pytorch. It currently rounds toward 0 (like the 'trunc' function NOT 'floor'). This results in incorrect rounding for negative values. To keep the current behavior, use torch.div(a, b, rounding_mode='trunc'), or for actual floor division, use torch.div(a, b, rounding_mode='floor').
  beams_buf = indices_buf // vocab_size
/net/cephfs/scratch/jgu/ssr/fairseq/sequence_generator.py:651: UserWarning: __floordiv__ is deprecated, and its behavior will change in a future version of pytorch. It currently rounds toward 0 (like the 'trunc' function NOT 'floor'). This results in incorrect rounding for negative values. To keep the current behavior, use torch.div(a, b, rounding_mode='trunc'), or for actual floor division, use torch.div(a, b, rounding_mode='floor').
  unfin_idx = idx // beam_size
@ Completed
@ Stage 5
/net/cephfs/scratch/jgu/ssr/fairseq/search.py:140: UserWarning: __floordiv__ is deprecated, and its behavior will change in a future version of pytorch. It currently rounds toward 0 (like the 'trunc' function NOT 'floor'). This results in incorrect rounding for negative values. To keep the current behavior, use torch.div(a, b, rounding_mode='trunc'), or for actual floor division, use torch.div(a, b, rounding_mode='floor').
  beams_buf = indices_buf // vocab_size
/net/cephfs/scratch/jgu/ssr/fairseq/sequence_generator.py:651: UserWarning: __floordiv__ is deprecated, and its behavior will change in a future version of pytorch. It currently rounds toward 0 (like the 'trunc' function NOT 'floor'). This results in incorrect rounding for negative values. To keep the current behavior, use torch.div(a, b, rounding_mode='trunc'), or for actual floor division, use torch.div(a, b, rounding_mode='floor').
  unfin_idx = idx // beam_size
WARNING (theano.tensor.blas): We did not find a dynamic library in the library_dir of the library we use for blas. If you use ATLAS, make sure to compile it with dynamics library.
c_bleu = 29.68 | s_bleu = 36.96 | meteor = 24.1 | rouge = 46.91
rouge_coco = 52.45
/net/cephfs/scratch/jgu/ssr/fairseq/search.py:140: UserWarning: __floordiv__ is deprecated, and its behavior will change in a future version of pytorch. It currently rounds toward 0 (like the 'trunc' function NOT 'floor'). This results in incorrect rounding for negative values. To keep the current behavior, use torch.div(a, b, rounding_mode='trunc'), or for actual floor division, use torch.div(a, b, rounding_mode='floor').
  beams_buf = indices_buf // vocab_size
/net/cephfs/scratch/jgu/ssr/fairseq/sequence_generator.py:651: UserWarning: __floordiv__ is deprecated, and its behavior will change in a future version of pytorch. It currently rounds toward 0 (like the 'trunc' function NOT 'floor'). This results in incorrect rounding for negative values. To keep the current behavior, use torch.div(a, b, rounding_mode='trunc'), or for actual floor division, use torch.div(a, b, rounding_mode='floor').
  unfin_idx = idx // beam_size
WARNING (theano.tensor.blas): We did not find a dynamic library in the library_dir of the library we use for blas. If you use ATLAS, make sure to compile it with dynamics library.
c_bleu = 29.91 | s_bleu = 37.19 | meteor = 24.1 | rouge = 46.93
rouge_coco = 52.51
@ Completed
