@ Stage 4
2022-08-29 08:50:01 | INFO | fairseq_cli.train | Namespace(activation_fn='gelu', adam_betas='(0.9, 0.98)', adam_eps=1e-06, adaptive_softmax_cutoff=None, adaptive_softmax_dropout=0, all_gather_list_size=16384, arch='mbart_base', attention_dropout=0.0, batch_size=32, batch_size_valid=32, best_checkpoint_metric='bleu', bf16=False, bpe='sentencepiece', broadcast_buffers=False, bucket_cap_mb=25, checkpoint_shard_count=1, checkpoint_suffix='', clip_norm=0.0, cpu=False, criterion='label_smoothed_cross_entropy', cross_self_attention=False, curriculum=0, data='/home/cluster/jgu/scratch/ssr/cli/out/mix/java/data-bin', data_buffer_size=10, dataset_impl=None, ddp_backend='no_c10d', decoder_attention_heads=12, decoder_embed_dim=768, decoder_embed_path=None, decoder_ffn_embed_dim=3072, decoder_input_dim=768, decoder_layerdrop=0, decoder_layers=6, decoder_layers_to_keep=None, decoder_learned_pos=True, decoder_normalize_before=False, decoder_output_dim=768, device_id=0, disable_validation=False, distributed_backend='nccl', distributed_init_method=None, distributed_no_spawn=False, distributed_num_procs=1, distributed_port=-1, distributed_rank=0, distributed_world_size=1, distributed_wrapper='DDP', dropout=0.1, dstore_filename='/home/cluster/jgu/scratch/ssr/cli/out/mix/java/half_datastore', dstore_fp16=True, dstore_size=1283405, empty_cache_freq=0, encoder_attention_heads=12, encoder_embed_dim=768, encoder_embed_path=None, encoder_ffn_embed_dim=3072, encoder_layerdrop=0, encoder_layers=6, encoder_layers_to_keep=None, encoder_learned_pos=True, encoder_normalize_before=False, end_learning_rate=0.0, eval_bleu=True, eval_bleu_args='{"beam": 6}', eval_bleu_detok='space', eval_bleu_detok_args=None, eval_bleu_print_samples=False, eval_bleu_remove_bpe='sentencepiece', eval_tokenized_bleu=True, fast_stat_sync=False, find_unused_parameters=False, finetune_from_model=None, fix_batches_to_gpus=False, fixed_validation_seed=None, force_anneal=None, fp16=False, fp16_init_scale=128, fp16_no_flatten_grads=False, fp16_scale_tolerance=0.0, fp16_scale_window=None, gen_subset='test', ignore_prefix_size=0, k=2, keep_best_checkpoints=-1, keep_interval_updates=-1, keep_last_epochs=-1, knn_lambda=0.5, knn_sim_metric='IP', knn_temperature=10.0, label_smoothing=0.1, langs='java,python,en_XX', layernorm_embedding=True, left_pad_source='True', left_pad_target='False', load_alignments=False, localsgd_frequency=3, log_format='json', log_interval=100, lr=[5e-05], lr_scheduler='polynomial_decay', max_epoch=1, max_source_positions=1024, max_target_positions=1024, max_tokens=None, max_tokens_valid=None, max_update=0, maximize_best_checkpoint_metric=True, memory_efficient_bf16=False, memory_efficient_fp16=False, min_loss_scale=0.0001, min_lr=-1.0, model_parallel_size=1, move_dstore_to_mem=True, no_cross_attention=False, no_epoch_checkpoints=True, no_last_checkpoints=False, no_progress_bar=False, no_save=False, no_save_optimizer_state=False, no_scale_embedding=False, no_seed_provided=False, no_token_positional_embeddings=False, nprocs_per_node=1, num_batch_buckets=0, num_shards=1, num_workers=1, only_train_final_output=False, optimizer='adam', optimizer_overrides='{}', partially_finetune=True, patience=5, pipeline_balance=None, pipeline_checkpoint='never', pipeline_chunks=0, pipeline_decoder_balance=None, pipeline_decoder_devices=None, pipeline_devices=None, pipeline_encoder_balance=None, pipeline_encoder_devices=None, pipeline_model_parallel=False, pooler_activation_fn='tanh', pooler_dropout=0.0, power=1.0, prepend_bos=False, probe=32, profile=False, quant_noise_pq=0, quant_noise_pq_block_size=8, quant_noise_scalar=0, quantization_config_path=None, relu_dropout=0.0, report_accuracy=False, required_batch_size_multiple=8, required_seq_len_multiple=1, reset_dataloader=True, reset_lr_scheduler=True, reset_meters=True, reset_optimizer=True, restore_file='/home/cluster/jgu/scratch/ssr/cli/out/mix/half_base_java_en_XX/checkpoint_best.pt', save_dir='/home/cluster/jgu/scratch/ssr/cli/out/mix/half_ada_normal_java_en_XX', save_interval=1, save_interval_updates=0, scoring='bleu', seed=42, sentence_avg=False, sentencepiece_model='/home/cluster/jgu/scratch/ssr/cli/sentencepiece/sentencepiece.bpe.model', shard_id=0, share_all_embeddings=True, share_decoder_input_output_embed=True, skip_invalid_size_inputs_valid_test=False, slowmo_algorithm='LocalSGD', slowmo_momentum=None, source_lang='java', stop_time_hours=0, target_lang='en_XX', task='translation_from_pretrained_bart', tensorboard_logdir=None, threshold_loss_scale=None, tokenizer=None, total_num_update=1000000, tpu=False, train_subset='train', truncate_source=False, update_freq=[1], upsample_primary=1, use_bmuf=False, use_gpu_to_search=True, use_knn_datastore=True, use_old_adam=False, user_dir='/home/cluster/jgu/scratch/ssr/cli', valid_subset='valid', validate_after_updates=0, validate_interval=1, validate_interval_updates=0, warmup_updates=1000, weight_decay=0.0, zero_sharding='none')
2022-08-29 08:50:01 | INFO | fairseq.tasks.translation | [java] dictionary: 50001 types
2022-08-29 08:50:01 | INFO | fairseq.tasks.translation | [en_XX] dictionary: 50001 types
2022-08-29 08:50:01 | INFO | fairseq.data.data_utils | loaded 8714 examples from: /home/cluster/jgu/scratch/ssr/cli/out/mix/java/data-bin/valid.java-en_XX.java
2022-08-29 08:50:01 | INFO | fairseq.data.data_utils | loaded 8714 examples from: /home/cluster/jgu/scratch/ssr/cli/out/mix/java/data-bin/valid.java-en_XX.en_XX
2022-08-29 08:50:01 | INFO | fairseq.tasks.translation | /home/cluster/jgu/scratch/ssr/cli/out/mix/java/data-bin valid java-en_XX 8714 examples
put index from cpu to gpu
Reading datastore took 1.6918542385101318 s
the datastore is /home/cluster/jgu/scratch/ssr/cli/out/mix/java/half_datastore, size is 1283405, and dim is 768 
Loading to memory...
Loading to memory took 2.8480637073516846 s
2022-08-29 08:50:09 | INFO | fairseq_cli.train | BARTModel(
  (encoder): TransformerEncoder(
    (dropout_module): FairseqDropout()
    (embed_tokens): Embedding(50005, 768, padding_idx=1)
    (embed_positions): LearnedPositionalEmbedding(1026, 768, padding_idx=1)
    (layernorm_embedding): LayerNorm((768,), eps=1e-05, elementwise_affine=True)
    (layers): ModuleList(
      (0): TransformerEncoderLayer(
        (self_attn): MultiheadAttention(
          (dropout_module): FairseqDropout()
          (k_proj): Linear(in_features=768, out_features=768, bias=True)
          (v_proj): Linear(in_features=768, out_features=768, bias=True)
          (q_proj): Linear(in_features=768, out_features=768, bias=True)
          (out_proj): Linear(in_features=768, out_features=768, bias=True)
        )
        (self_attn_layer_norm): LayerNorm((768,), eps=1e-05, elementwise_affine=True)
        (dropout_module): FairseqDropout()
        (activation_dropout_module): FairseqDropout()
        (fc1): Linear(in_features=768, out_features=3072, bias=True)
        (fc2): Linear(in_features=3072, out_features=768, bias=True)
        (final_layer_norm): LayerNorm((768,), eps=1e-05, elementwise_affine=True)
      )
      (1): TransformerEncoderLayer(
        (self_attn): MultiheadAttention(
          (dropout_module): FairseqDropout()
          (k_proj): Linear(in_features=768, out_features=768, bias=True)
          (v_proj): Linear(in_features=768, out_features=768, bias=True)
          (q_proj): Linear(in_features=768, out_features=768, bias=True)
          (out_proj): Linear(in_features=768, out_features=768, bias=True)
        )
        (self_attn_layer_norm): LayerNorm((768,), eps=1e-05, elementwise_affine=True)
        (dropout_module): FairseqDropout()
        (activation_dropout_module): FairseqDropout()
        (fc1): Linear(in_features=768, out_features=3072, bias=True)
        (fc2): Linear(in_features=3072, out_features=768, bias=True)
        (final_layer_norm): LayerNorm((768,), eps=1e-05, elementwise_affine=True)
      )
      (2): TransformerEncoderLayer(
        (self_attn): MultiheadAttention(
          (dropout_module): FairseqDropout()
          (k_proj): Linear(in_features=768, out_features=768, bias=True)
          (v_proj): Linear(in_features=768, out_features=768, bias=True)
          (q_proj): Linear(in_features=768, out_features=768, bias=True)
          (out_proj): Linear(in_features=768, out_features=768, bias=True)
        )
        (self_attn_layer_norm): LayerNorm((768,), eps=1e-05, elementwise_affine=True)
        (dropout_module): FairseqDropout()
        (activation_dropout_module): FairseqDropout()
        (fc1): Linear(in_features=768, out_features=3072, bias=True)
        (fc2): Linear(in_features=3072, out_features=768, bias=True)
        (final_layer_norm): LayerNorm((768,), eps=1e-05, elementwise_affine=True)
      )
      (3): TransformerEncoderLayer(
        (self_attn): MultiheadAttention(
          (dropout_module): FairseqDropout()
          (k_proj): Linear(in_features=768, out_features=768, bias=True)
          (v_proj): Linear(in_features=768, out_features=768, bias=True)
          (q_proj): Linear(in_features=768, out_features=768, bias=True)
          (out_proj): Linear(in_features=768, out_features=768, bias=True)
        )
        (self_attn_layer_norm): LayerNorm((768,), eps=1e-05, elementwise_affine=True)
        (dropout_module): FairseqDropout()
        (activation_dropout_module): FairseqDropout()
        (fc1): Linear(in_features=768, out_features=3072, bias=True)
        (fc2): Linear(in_features=3072, out_features=768, bias=True)
        (final_layer_norm): LayerNorm((768,), eps=1e-05, elementwise_affine=True)
      )
      (4): TransformerEncoderLayer(
        (self_attn): MultiheadAttention(
          (dropout_module): FairseqDropout()
          (k_proj): Linear(in_features=768, out_features=768, bias=True)
          (v_proj): Linear(in_features=768, out_features=768, bias=True)
          (q_proj): Linear(in_features=768, out_features=768, bias=True)
          (out_proj): Linear(in_features=768, out_features=768, bias=True)
        )
        (self_attn_layer_norm): LayerNorm((768,), eps=1e-05, elementwise_affine=True)
        (dropout_module): FairseqDropout()
        (activation_dropout_module): FairseqDropout()
        (fc1): Linear(in_features=768, out_features=3072, bias=True)
        (fc2): Linear(in_features=3072, out_features=768, bias=True)
        (final_layer_norm): LayerNorm((768,), eps=1e-05, elementwise_affine=True)
      )
      (5): TransformerEncoderLayer(
        (self_attn): MultiheadAttention(
          (dropout_module): FairseqDropout()
          (k_proj): Linear(in_features=768, out_features=768, bias=True)
          (v_proj): Linear(in_features=768, out_features=768, bias=True)
          (q_proj): Linear(in_features=768, out_features=768, bias=True)
          (out_proj): Linear(in_features=768, out_features=768, bias=True)
        )
        (self_attn_layer_norm): LayerNorm((768,), eps=1e-05, elementwise_affine=True)
        (dropout_module): FairseqDropout()
        (activation_dropout_module): FairseqDropout()
        (fc1): Linear(in_features=768, out_features=3072, bias=True)
        (fc2): Linear(in_features=3072, out_features=768, bias=True)
        (final_layer_norm): LayerNorm((768,), eps=1e-05, elementwise_affine=True)
      )
    )
  )
  (decoder): TransformerDecoder(
    (dropout_module): FairseqDropout()
    (embed_tokens): Embedding(50005, 768, padding_idx=1)
    (embed_positions): LearnedPositionalEmbedding(1026, 768, padding_idx=1)
    (layernorm_embedding): LayerNorm((768,), eps=1e-05, elementwise_affine=True)
    (layers): ModuleList(
      (0): TransformerDecoderLayer(
        (dropout_module): FairseqDropout()
        (self_attn): MultiheadAttention(
          (dropout_module): FairseqDropout()
          (k_proj): Linear(in_features=768, out_features=768, bias=True)
          (v_proj): Linear(in_features=768, out_features=768, bias=True)
          (q_proj): Linear(in_features=768, out_features=768, bias=True)
          (out_proj): Linear(in_features=768, out_features=768, bias=True)
        )
        (activation_dropout_module): FairseqDropout()
        (self_attn_layer_norm): LayerNorm((768,), eps=1e-05, elementwise_affine=True)
        (encoder_attn): MultiheadAttention(
          (dropout_module): FairseqDropout()
          (k_proj): Linear(in_features=768, out_features=768, bias=True)
          (v_proj): Linear(in_features=768, out_features=768, bias=True)
          (q_proj): Linear(in_features=768, out_features=768, bias=True)
          (out_proj): Linear(in_features=768, out_features=768, bias=True)
        )
        (encoder_attn_layer_norm): LayerNorm((768,), eps=1e-05, elementwise_affine=True)
        (fc1): Linear(in_features=768, out_features=3072, bias=True)
        (fc2): Linear(in_features=3072, out_features=768, bias=True)
        (final_layer_norm): LayerNorm((768,), eps=1e-05, elementwise_affine=True)
      )
      (1): TransformerDecoderLayer(
        (dropout_module): FairseqDropout()
        (self_attn): MultiheadAttention(
          (dropout_module): FairseqDropout()
          (k_proj): Linear(in_features=768, out_features=768, bias=True)
          (v_proj): Linear(in_features=768, out_features=768, bias=True)
          (q_proj): Linear(in_features=768, out_features=768, bias=True)
          (out_proj): Linear(in_features=768, out_features=768, bias=True)
        )
        (activation_dropout_module): FairseqDropout()
        (self_attn_layer_norm): LayerNorm((768,), eps=1e-05, elementwise_affine=True)
        (encoder_attn): MultiheadAttention(
          (dropout_module): FairseqDropout()
          (k_proj): Linear(in_features=768, out_features=768, bias=True)
          (v_proj): Linear(in_features=768, out_features=768, bias=True)
          (q_proj): Linear(in_features=768, out_features=768, bias=True)
          (out_proj): Linear(in_features=768, out_features=768, bias=True)
        )
        (encoder_attn_layer_norm): LayerNorm((768,), eps=1e-05, elementwise_affine=True)
        (fc1): Linear(in_features=768, out_features=3072, bias=True)
        (fc2): Linear(in_features=3072, out_features=768, bias=True)
        (final_layer_norm): LayerNorm((768,), eps=1e-05, elementwise_affine=True)
      )
      (2): TransformerDecoderLayer(
        (dropout_module): FairseqDropout()
        (self_attn): MultiheadAttention(
          (dropout_module): FairseqDropout()
          (k_proj): Linear(in_features=768, out_features=768, bias=True)
          (v_proj): Linear(in_features=768, out_features=768, bias=True)
          (q_proj): Linear(in_features=768, out_features=768, bias=True)
          (out_proj): Linear(in_features=768, out_features=768, bias=True)
        )
        (activation_dropout_module): FairseqDropout()
        (self_attn_layer_norm): LayerNorm((768,), eps=1e-05, elementwise_affine=True)
        (encoder_attn): MultiheadAttention(
          (dropout_module): FairseqDropout()
          (k_proj): Linear(in_features=768, out_features=768, bias=True)
          (v_proj): Linear(in_features=768, out_features=768, bias=True)
          (q_proj): Linear(in_features=768, out_features=768, bias=True)
          (out_proj): Linear(in_features=768, out_features=768, bias=True)
        )
        (encoder_attn_layer_norm): LayerNorm((768,), eps=1e-05, elementwise_affine=True)
        (fc1): Linear(in_features=768, out_features=3072, bias=True)
        (fc2): Linear(in_features=3072, out_features=768, bias=True)
        (final_layer_norm): LayerNorm((768,), eps=1e-05, elementwise_affine=True)
      )
      (3): TransformerDecoderLayer(
        (dropout_module): FairseqDropout()
        (self_attn): MultiheadAttention(
          (dropout_module): FairseqDropout()
          (k_proj): Linear(in_features=768, out_features=768, bias=True)
          (v_proj): Linear(in_features=768, out_features=768, bias=True)
          (q_proj): Linear(in_features=768, out_features=768, bias=True)
          (out_proj): Linear(in_features=768, out_features=768, bias=True)
        )
        (activation_dropout_module): FairseqDropout()
        (self_attn_layer_norm): LayerNorm((768,), eps=1e-05, elementwise_affine=True)
        (encoder_attn): MultiheadAttention(
          (dropout_module): FairseqDropout()
          (k_proj): Linear(in_features=768, out_features=768, bias=True)
          (v_proj): Linear(in_features=768, out_features=768, bias=True)
          (q_proj): Linear(in_features=768, out_features=768, bias=True)
          (out_proj): Linear(in_features=768, out_features=768, bias=True)
        )
        (encoder_attn_layer_norm): LayerNorm((768,), eps=1e-05, elementwise_affine=True)
        (fc1): Linear(in_features=768, out_features=3072, bias=True)
        (fc2): Linear(in_features=3072, out_features=768, bias=True)
        (final_layer_norm): LayerNorm((768,), eps=1e-05, elementwise_affine=True)
      )
      (4): TransformerDecoderLayer(
        (dropout_module): FairseqDropout()
        (self_attn): MultiheadAttention(
          (dropout_module): FairseqDropout()
          (k_proj): Linear(in_features=768, out_features=768, bias=True)
          (v_proj): Linear(in_features=768, out_features=768, bias=True)
          (q_proj): Linear(in_features=768, out_features=768, bias=True)
          (out_proj): Linear(in_features=768, out_features=768, bias=True)
        )
        (activation_dropout_module): FairseqDropout()
        (self_attn_layer_norm): LayerNorm((768,), eps=1e-05, elementwise_affine=True)
        (encoder_attn): MultiheadAttention(
          (dropout_module): FairseqDropout()
          (k_proj): Linear(in_features=768, out_features=768, bias=True)
          (v_proj): Linear(in_features=768, out_features=768, bias=True)
          (q_proj): Linear(in_features=768, out_features=768, bias=True)
          (out_proj): Linear(in_features=768, out_features=768, bias=True)
        )
        (encoder_attn_layer_norm): LayerNorm((768,), eps=1e-05, elementwise_affine=True)
        (fc1): Linear(in_features=768, out_features=3072, bias=True)
        (fc2): Linear(in_features=3072, out_features=768, bias=True)
        (final_layer_norm): LayerNorm((768,), eps=1e-05, elementwise_affine=True)
      )
      (5): TransformerDecoderLayer(
        (dropout_module): FairseqDropout()
        (self_attn): MultiheadAttention(
          (dropout_module): FairseqDropout()
          (k_proj): Linear(in_features=768, out_features=768, bias=True)
          (v_proj): Linear(in_features=768, out_features=768, bias=True)
          (q_proj): Linear(in_features=768, out_features=768, bias=True)
          (out_proj): Linear(in_features=768, out_features=768, bias=True)
        )
        (activation_dropout_module): FairseqDropout()
        (self_attn_layer_norm): LayerNorm((768,), eps=1e-05, elementwise_affine=True)
        (encoder_attn): MultiheadAttention(
          (dropout_module): FairseqDropout()
          (k_proj): Linear(in_features=768, out_features=768, bias=True)
          (v_proj): Linear(in_features=768, out_features=768, bias=True)
          (q_proj): Linear(in_features=768, out_features=768, bias=True)
          (out_proj): Linear(in_features=768, out_features=768, bias=True)
        )
        (encoder_attn_layer_norm): LayerNorm((768,), eps=1e-05, elementwise_affine=True)
        (fc1): Linear(in_features=768, out_features=3072, bias=True)
        (fc2): Linear(in_features=3072, out_features=768, bias=True)
        (final_layer_norm): LayerNorm((768,), eps=1e-05, elementwise_affine=True)
      )
    )
    (adaptive_block): AdaptiveBlock(
      (fc_unit): Linear(in_features=768, out_features=768, bias=False)
      (fc_unit2): Linear(in_features=768, out_features=768, bias=False)
      (fc_zero): Linear(in_features=768, out_features=768, bias=False)
      (fc_zero2): Linear(in_features=768, out_features=768, bias=False)
    )
    (output_projection): Linear(in_features=768, out_features=50005, bias=False)
  )
  (classification_heads): ModuleDict()
)
2022-08-29 08:50:09 | INFO | fairseq_cli.train | task: translation_from_pretrained_bart (TranslationFromPretrainedBARTTask)
2022-08-29 08:50:09 | INFO | fairseq_cli.train | model: mbart_base (BARTModel)
2022-08-29 08:50:09 | INFO | fairseq_cli.train | criterion: label_smoothed_cross_entropy (LabelSmoothedCrossEntropyCriterion)
2022-08-29 08:50:09 | INFO | fairseq_cli.train | num. model params: 141580032 (num. trained: 2359296)
2022-08-29 08:50:09 | INFO | fairseq.trainer | detected shared parameter: encoder.embed_tokens.weight <- decoder.embed_tokens.weight
2022-08-29 08:50:09 | INFO | fairseq.trainer | detected shared parameter: encoder.embed_tokens.weight <- decoder.output_projection.weight
2022-08-29 08:50:09 | INFO | fairseq.trainer | detected shared parameter: decoder.adaptive_block.fc_unit.bias <- decoder.adaptive_block.fc_unit2.bias
2022-08-29 08:50:09 | INFO | fairseq.trainer | detected shared parameter: decoder.adaptive_block.fc_unit.bias <- decoder.adaptive_block.fc_zero.bias
2022-08-29 08:50:09 | INFO | fairseq.trainer | detected shared parameter: decoder.adaptive_block.fc_unit.bias <- decoder.adaptive_block.fc_zero2.bias
2022-08-29 08:50:09 | INFO | fairseq.trainer | detected shared parameter: decoder.adaptive_block.fc_unit.bias <- decoder.output_projection.bias
2022-08-29 08:50:09 | INFO | fairseq.utils | ***********************CUDA enviroments for all 1 workers***********************
2022-08-29 08:50:09 | INFO | fairseq.utils | rank   0: capabilities =  7.0  ; total memory = 31.749 GB ; name = Tesla V100-SXM2-32GB                    
2022-08-29 08:50:09 | INFO | fairseq.utils | ***********************CUDA enviroments for all 1 workers***********************
2022-08-29 08:50:09 | INFO | fairseq_cli.train | training on 1 devices (GPUs/TPUs)
2022-08-29 08:50:09 | INFO | fairseq_cli.train | max tokens per GPU = None and max sentences per GPU = 32
-----------------knn load part of model-----------------
2022-08-29 08:50:20 | INFO | fairseq.trainer | loaded checkpoint /home/cluster/jgu/scratch/ssr/cli/out/mix/half_base_java_en_XX/checkpoint_best.pt (epoch 22 @ 0 updates)
2022-08-29 08:50:20 | INFO | fairseq.trainer | NOTE: your device may support faster training with --fp16
2022-08-29 08:50:20 | INFO | fairseq.trainer | loading train data for epoch 1
2022-08-29 08:50:20 | INFO | fairseq.data.data_utils | loaded 69708 examples from: /home/cluster/jgu/scratch/ssr/cli/out/mix/java/data-bin/train.java-en_XX.java
2022-08-29 08:50:20 | INFO | fairseq.data.data_utils | loaded 69708 examples from: /home/cluster/jgu/scratch/ssr/cli/out/mix/java/data-bin/train.java-en_XX.en_XX
2022-08-29 08:50:20 | INFO | fairseq.tasks.translation | /home/cluster/jgu/scratch/ssr/cli/out/mix/java/data-bin train java-en_XX 69708 examples
2022-08-29 08:50:20 | INFO | fairseq.trainer | begin training epoch 1
2022-08-29 08:50:49 | INFO | train_inner | {"epoch": 1, "update": 0.046, "loss": "2.817", "nll_loss": "0.807", "ppl": "1.75", "wps": "2187.2", "ups": "3.46", "wpb": "630.2", "bsz": "32", "num_updates": "100", "lr": "5e-06", "gnorm": "0.444", "train_wall": "29", "wall": "40"}
2022-08-29 08:51:20 | INFO | train_inner | {"epoch": 1, "update": 0.092, "loss": "2.737", "nll_loss": "0.76", "ppl": "1.69", "wps": "1981.1", "ups": "3.19", "wpb": "621.5", "bsz": "32", "num_updates": "200", "lr": "1e-05", "gnorm": "0.4", "train_wall": "31", "wall": "72"}
2022-08-29 08:51:52 | INFO | train_inner | {"epoch": 1, "update": 0.138, "loss": "2.74", "nll_loss": "0.78", "ppl": "1.72", "wps": "1974.6", "ups": "3.18", "wpb": "620", "bsz": "32", "num_updates": "300", "lr": "1.5e-05", "gnorm": "0.399", "train_wall": "31", "wall": "103"}
2022-08-29 08:52:23 | INFO | train_inner | {"epoch": 1, "update": 0.184, "loss": "2.731", "nll_loss": "0.78", "ppl": "1.72", "wps": "2166.7", "ups": "3.17", "wpb": "682.9", "bsz": "32", "num_updates": "400", "lr": "2e-05", "gnorm": "0.394", "train_wall": "31", "wall": "135"}
2022-08-29 08:53:00 | INFO | train_inner | {"epoch": 1, "update": 0.229, "loss": "2.756", "nll_loss": "0.812", "ppl": "1.76", "wps": "1826.9", "ups": "2.71", "wpb": "674.7", "bsz": "32", "num_updates": "500", "lr": "2.5e-05", "gnorm": "0.403", "train_wall": "37", "wall": "172"}
2022-08-29 08:53:34 | INFO | train_inner | {"epoch": 1, "update": 0.275, "loss": "2.726", "nll_loss": "0.783", "ppl": "1.72", "wps": "2014.5", "ups": "3.01", "wpb": "668.4", "bsz": "32", "num_updates": "600", "lr": "3e-05", "gnorm": "0.394", "train_wall": "33", "wall": "205"}
2022-08-29 08:54:07 | INFO | train_inner | {"epoch": 1, "update": 0.321, "loss": "2.714", "nll_loss": "0.77", "ppl": "1.71", "wps": "1874", "ups": "2.95", "wpb": "636.1", "bsz": "31.8", "num_updates": "700", "lr": "3.5e-05", "gnorm": "0.384", "train_wall": "34", "wall": "239"}
2022-08-29 08:54:38 | INFO | train_inner | {"epoch": 1, "update": 0.367, "loss": "2.698", "nll_loss": "0.758", "ppl": "1.69", "wps": "1991.3", "ups": "3.25", "wpb": "612.8", "bsz": "32", "num_updates": "800", "lr": "4e-05", "gnorm": "0.381", "train_wall": "31", "wall": "269"}
2022-08-29 08:55:09 | INFO | train_inner | {"epoch": 1, "update": 0.413, "loss": "2.695", "nll_loss": "0.758", "ppl": "1.69", "wps": "2216.8", "ups": "3.27", "wpb": "677.2", "bsz": "32", "num_updates": "900", "lr": "4.5e-05", "gnorm": "0.372", "train_wall": "30", "wall": "300"}
2022-08-29 08:55:44 | INFO | train_inner | {"epoch": 1, "update": 0.459, "loss": "2.772", "nll_loss": "0.847", "ppl": "1.8", "wps": "1993", "ups": "2.81", "wpb": "709.4", "bsz": "32", "num_updates": "1000", "lr": "5e-05", "gnorm": "0.37", "train_wall": "35", "wall": "336"}
2022-08-29 08:56:17 | INFO | train_inner | {"epoch": 1, "update": 0.505, "loss": "2.726", "nll_loss": "0.793", "ppl": "1.73", "wps": "1851.3", "ups": "3.03", "wpb": "610.7", "bsz": "32", "num_updates": "1100", "lr": "4.9995e-05", "gnorm": "0.38", "train_wall": "33", "wall": "369"}
2022-08-29 08:56:49 | INFO | train_inner | {"epoch": 1, "update": 0.551, "loss": "2.692", "nll_loss": "0.754", "ppl": "1.69", "wps": "2000.5", "ups": "3.21", "wpb": "623.3", "bsz": "32", "num_updates": "1200", "lr": "4.999e-05", "gnorm": "0.374", "train_wall": "31", "wall": "400"}
2022-08-29 08:57:21 | INFO | train_inner | {"epoch": 1, "update": 0.597, "loss": "2.661", "nll_loss": "0.727", "ppl": "1.66", "wps": "1888.5", "ups": "3.04", "wpb": "622.2", "bsz": "32", "num_updates": "1300", "lr": "4.9985e-05", "gnorm": "0.362", "train_wall": "33", "wall": "433"}
2022-08-29 08:57:53 | INFO | train_inner | {"epoch": 1, "update": 0.642, "loss": "2.715", "nll_loss": "0.783", "ppl": "1.72", "wps": "2067.8", "ups": "3.21", "wpb": "643.6", "bsz": "32", "num_updates": "1400", "lr": "4.998e-05", "gnorm": "0.372", "train_wall": "31", "wall": "464"}
2022-08-29 08:58:26 | INFO | train_inner | {"epoch": 1, "update": 0.688, "loss": "2.805", "nll_loss": "0.884", "ppl": "1.85", "wps": "2132.6", "ups": "3.02", "wpb": "705.6", "bsz": "32", "num_updates": "1500", "lr": "4.9975e-05", "gnorm": "0.377", "train_wall": "33", "wall": "497"}
2022-08-29 08:59:01 | INFO | train_inner | {"epoch": 1, "update": 0.734, "loss": "2.758", "nll_loss": "0.829", "ppl": "1.78", "wps": "1985.3", "ups": "2.87", "wpb": "691.8", "bsz": "32", "num_updates": "1600", "lr": "4.997e-05", "gnorm": "0.367", "train_wall": "35", "wall": "532"}
2022-08-29 08:59:33 | INFO | train_inner | {"epoch": 1, "update": 0.78, "loss": "2.788", "nll_loss": "0.867", "ppl": "1.82", "wps": "2100.4", "ups": "3.08", "wpb": "681.6", "bsz": "32", "num_updates": "1700", "lr": "4.9965e-05", "gnorm": "0.367", "train_wall": "32", "wall": "564"}
2022-08-29 09:00:06 | INFO | train_inner | {"epoch": 1, "update": 0.826, "loss": "2.744", "nll_loss": "0.816", "ppl": "1.76", "wps": "1985.2", "ups": "3", "wpb": "661.4", "bsz": "32", "num_updates": "1800", "lr": "4.996e-05", "gnorm": "0.36", "train_wall": "33", "wall": "597"}
2022-08-29 09:00:42 | INFO | train_inner | {"epoch": 1, "update": 0.872, "loss": "2.731", "nll_loss": "0.804", "ppl": "1.75", "wps": "2039.3", "ups": "2.78", "wpb": "732.5", "bsz": "32", "num_updates": "1900", "lr": "4.9955e-05", "gnorm": "0.364", "train_wall": "36", "wall": "633"}
2022-08-29 09:01:17 | INFO | train_inner | {"epoch": 1, "update": 0.918, "loss": "2.664", "nll_loss": "0.727", "ppl": "1.66", "wps": "1727.2", "ups": "2.9", "wpb": "594.6", "bsz": "32", "num_updates": "2000", "lr": "4.99499e-05", "gnorm": "0.362", "train_wall": "34", "wall": "668"}
2022-08-29 09:01:46 | INFO | train_inner | {"epoch": 1, "update": 0.964, "loss": "2.733", "nll_loss": "0.811", "ppl": "1.75", "wps": "2015.5", "ups": "3.38", "wpb": "597.1", "bsz": "32", "num_updates": "2100", "lr": "4.99449e-05", "gnorm": "0.355", "train_wall": "30", "wall": "697"}
2022-08-29 09:02:12 | INFO | fairseq_cli.train | begin validation on "valid" subset
/net/cephfs/scratch/jgu/ssr/fairseq/utils.py:342: UserWarning: amp_C fused kernels unavailable, disabling multi_tensor_l2norm; you may get better performance by installing NVIDIA's apex library
  "amp_C fused kernels unavailable, disabling multi_tensor_l2norm; "
2022-08-29 09:09:22 | INFO | valid | {"epoch": 1, "valid_loss": "5.592", "valid_nll_loss": "3.991", "valid_ppl": "15.9", "valid_bleu": "31.08", "valid_wps": "415.3", "valid_wpb": "652.8", "valid_bsz": "31.9", "valid_num_updates": "2179"}
2022-08-29 09:09:22 | INFO | fairseq_cli.train | begin save checkpoint
2022-08-29 09:09:24 | INFO | fairseq.checkpoint_utils | saved checkpoint /home/cluster/jgu/scratch/ssr/cli/out/mix/half_ada_normal_java_en_XX/checkpoint_best.pt (epoch 1 @ 2179 updates, score 31.08) (writing took 2.090819261968136 seconds)
2022-08-29 09:09:24 | INFO | fairseq_cli.train | end of epoch 1 (average epoch stats below)
2022-08-29 09:09:24 | INFO | train | {"epoch": 1, "train_loss": "2.735", "train_nll_loss": "0.795", "train_ppl": "1.74", "train_wps": "1244.2", "train_ups": "1.91", "train_wpb": "653", "train_bsz": "32", "train_num_updates": "2179", "train_lr": "4.9941e-05", "train_gnorm": "0.379", "train_train_wall": "709", "train_wall": "1155"}
2022-08-29 09:09:24 | INFO | fairseq_cli.train | done training in 1143.9 seconds
/net/cephfs/scratch/jgu/ssr/fairseq/search.py:140: UserWarning: __floordiv__ is deprecated, and its behavior will change in a future version of pytorch. It currently rounds toward 0 (like the 'trunc' function NOT 'floor'). This results in incorrect rounding for negative values. To keep the current behavior, use torch.div(a, b, rounding_mode='trunc'), or for actual floor division, use torch.div(a, b, rounding_mode='floor').
  beams_buf = indices_buf // vocab_size
/net/cephfs/scratch/jgu/ssr/fairseq/sequence_generator.py:651: UserWarning: __floordiv__ is deprecated, and its behavior will change in a future version of pytorch. It currently rounds toward 0 (like the 'trunc' function NOT 'floor'). This results in incorrect rounding for negative values. To keep the current behavior, use torch.div(a, b, rounding_mode='trunc'), or for actual floor division, use torch.div(a, b, rounding_mode='floor').
  unfin_idx = idx // beam_size
@ Completed
@ Stage 5
/net/cephfs/scratch/jgu/ssr/fairseq/search.py:140: UserWarning: __floordiv__ is deprecated, and its behavior will change in a future version of pytorch. It currently rounds toward 0 (like the 'trunc' function NOT 'floor'). This results in incorrect rounding for negative values. To keep the current behavior, use torch.div(a, b, rounding_mode='trunc'), or for actual floor division, use torch.div(a, b, rounding_mode='floor').
  beams_buf = indices_buf // vocab_size
/net/cephfs/scratch/jgu/ssr/fairseq/sequence_generator.py:651: UserWarning: __floordiv__ is deprecated, and its behavior will change in a future version of pytorch. It currently rounds toward 0 (like the 'trunc' function NOT 'floor'). This results in incorrect rounding for negative values. To keep the current behavior, use torch.div(a, b, rounding_mode='trunc'), or for actual floor division, use torch.div(a, b, rounding_mode='floor').
  unfin_idx = idx // beam_size
WARNING (theano.tensor.blas): We did not find a dynamic library in the library_dir of the library we use for blas. If you use ATLAS, make sure to compile it with dynamics library.
c_bleu = 41.69 | s_bleu = 48.56 | meteor = 30.21 | rouge = 58.57
rouge_coco = 59.66
@ Completed
