@ Stage 4
2022-08-28 21:21:46 | INFO | fairseq_cli.train | Namespace(activation_fn='gelu', adam_betas='(0.9, 0.98)', adam_eps=1e-06, adaptive_softmax_cutoff=None, adaptive_softmax_dropout=0, all_gather_list_size=16384, arch='mbart_base', attention_dropout=0.0, batch_size=16, batch_size_valid=16, best_checkpoint_metric='bleu', bf16=False, bpe='sentencepiece', broadcast_buffers=False, bucket_cap_mb=25, checkpoint_shard_count=1, checkpoint_suffix='', clip_norm=0.0, cpu=False, criterion='label_smoothed_cross_entropy', cross_self_attention=False, curriculum=0, data='/home/cluster/jgu/scratch/ssr/cli/out/mix/java/data-bin', data_buffer_size=10, dataset_impl=None, ddp_backend='no_c10d', decoder_attention_heads=12, decoder_embed_dim=768, decoder_embed_path=None, decoder_ffn_embed_dim=3072, decoder_input_dim=768, decoder_layerdrop=0, decoder_layers=6, decoder_layers_to_keep=None, decoder_learned_pos=True, decoder_normalize_before=False, decoder_output_dim=768, device_id=0, disable_validation=False, distributed_backend='nccl', distributed_init_method=None, distributed_no_spawn=False, distributed_num_procs=1, distributed_port=-1, distributed_rank=0, distributed_world_size=1, distributed_wrapper='DDP', dropout=0.1, dstore_filename='/home/cluster/jgu/scratch/ssr/cli/out/mix/java/full_datastore', dstore_fp16=True, dstore_size=1283405, empty_cache_freq=0, encoder_attention_heads=12, encoder_embed_dim=768, encoder_embed_path=None, encoder_ffn_embed_dim=3072, encoder_layerdrop=0, encoder_layers=6, encoder_layers_to_keep=None, encoder_learned_pos=True, encoder_normalize_before=False, end_learning_rate=0.0, eval_bleu=True, eval_bleu_args='{"beam": 6}', eval_bleu_detok='space', eval_bleu_detok_args=None, eval_bleu_print_samples=False, eval_bleu_remove_bpe='sentencepiece', eval_tokenized_bleu=True, fast_stat_sync=False, find_unused_parameters=False, finetune_from_model=None, fix_batches_to_gpus=False, fixed_validation_seed=None, force_anneal=None, fp16=False, fp16_init_scale=128, fp16_no_flatten_grads=False, fp16_scale_tolerance=0.0, fp16_scale_window=None, gen_subset='test', ignore_prefix_size=0, k=2, keep_best_checkpoints=-1, keep_interval_updates=-1, keep_last_epochs=-1, knn_lambda=0.999, knn_sim_metric='IP', knn_temperature=10.0, label_smoothing=0.1, langs='java,python,en_XX', layernorm_embedding=True, left_pad_source='True', left_pad_target='False', load_alignments=False, localsgd_frequency=3, log_format='json', log_interval=100, lr=[5e-05], lr_scheduler='polynomial_decay', max_epoch=1, max_source_positions=1024, max_target_positions=1024, max_tokens=None, max_tokens_valid=None, max_update=0, maximize_best_checkpoint_metric=True, memory_efficient_bf16=False, memory_efficient_fp16=False, min_loss_scale=0.0001, min_lr=-1.0, model_parallel_size=1, move_dstore_to_mem=True, no_cross_attention=False, no_epoch_checkpoints=True, no_last_checkpoints=False, no_progress_bar=False, no_save=False, no_save_optimizer_state=False, no_scale_embedding=False, no_seed_provided=False, no_token_positional_embeddings=False, nprocs_per_node=1, num_batch_buckets=0, num_shards=1, num_workers=1, only_train_final_output=False, optimizer='adam', optimizer_overrides='{}', partially_finetune=True, patience=5, pipeline_balance=None, pipeline_checkpoint='never', pipeline_chunks=0, pipeline_decoder_balance=None, pipeline_decoder_devices=None, pipeline_devices=None, pipeline_encoder_balance=None, pipeline_encoder_devices=None, pipeline_model_parallel=False, pooler_activation_fn='tanh', pooler_dropout=0.0, power=1.0, prepend_bos=False, probe=32, profile=False, quant_noise_pq=0, quant_noise_pq_block_size=8, quant_noise_scalar=0, quantization_config_path=None, relu_dropout=0.0, report_accuracy=False, required_batch_size_multiple=8, required_seq_len_multiple=1, reset_dataloader=True, reset_lr_scheduler=True, reset_meters=True, reset_optimizer=True, restore_file='/home/cluster/jgu/scratch/ssr/cli/out/mix/full_base_java_en_XX/checkpoint_best.pt', save_dir='/home/cluster/jgu/scratch/ssr/cli/out/mix/full_ada_java_en_XX', save_interval=1, save_interval_updates=0, scoring='bleu', seed=42, sentence_avg=False, sentencepiece_model='/home/cluster/jgu/scratch/ssr/cli/sentencepiece/sentencepiece.bpe.model', shard_id=0, share_all_embeddings=True, share_decoder_input_output_embed=True, skip_invalid_size_inputs_valid_test=False, slowmo_algorithm='LocalSGD', slowmo_momentum=None, source_lang='java', stop_time_hours=0, target_lang='en_XX', task='translation_from_pretrained_bart', tensorboard_logdir=None, threshold_loss_scale=None, tokenizer=None, total_num_update=1000000, tpu=False, train_subset='train', truncate_source=False, update_freq=[1], upsample_primary=1, use_bmuf=False, use_gpu_to_search=True, use_knn_datastore=True, use_old_adam=False, user_dir='/home/cluster/jgu/scratch/ssr/cli', valid_subset='valid', validate_after_updates=0, validate_interval=1, validate_interval_updates=0, warmup_updates=1000, weight_decay=0.0, zero_sharding='none')
2022-08-28 21:21:46 | INFO | fairseq.tasks.translation | [java] dictionary: 50001 types
2022-08-28 21:21:46 | INFO | fairseq.tasks.translation | [en_XX] dictionary: 50001 types
2022-08-28 21:21:46 | INFO | fairseq.data.data_utils | loaded 8714 examples from: /home/cluster/jgu/scratch/ssr/cli/out/mix/java/data-bin/valid.java-en_XX.java
2022-08-28 21:21:46 | INFO | fairseq.data.data_utils | loaded 8714 examples from: /home/cluster/jgu/scratch/ssr/cli/out/mix/java/data-bin/valid.java-en_XX.en_XX
2022-08-28 21:21:46 | INFO | fairseq.tasks.translation | /home/cluster/jgu/scratch/ssr/cli/out/mix/java/data-bin valid java-en_XX 8714 examples
put index from cpu to gpu
Reading datastore took 1.8057138919830322 s
the datastore is /home/cluster/jgu/scratch/ssr/cli/out/mix/java/full_datastore, size is 1283405, and dim is 768 
Loading to memory...
Loading to memory took 3.5200748443603516 s
2022-08-28 21:21:54 | INFO | fairseq_cli.train | BARTModel(
  (encoder): TransformerEncoder(
    (dropout_module): FairseqDropout()
    (embed_tokens): Embedding(50005, 768, padding_idx=1)
    (embed_positions): LearnedPositionalEmbedding(1026, 768, padding_idx=1)
    (layernorm_embedding): LayerNorm((768,), eps=1e-05, elementwise_affine=True)
    (layers): ModuleList(
      (0): TransformerEncoderLayer(
        (self_attn): MultiheadAttention(
          (dropout_module): FairseqDropout()
          (k_proj): Linear(in_features=768, out_features=768, bias=True)
          (v_proj): Linear(in_features=768, out_features=768, bias=True)
          (q_proj): Linear(in_features=768, out_features=768, bias=True)
          (out_proj): Linear(in_features=768, out_features=768, bias=True)
        )
        (self_attn_layer_norm): LayerNorm((768,), eps=1e-05, elementwise_affine=True)
        (dropout_module): FairseqDropout()
        (activation_dropout_module): FairseqDropout()
        (fc1): Linear(in_features=768, out_features=3072, bias=True)
        (fc2): Linear(in_features=3072, out_features=768, bias=True)
        (final_layer_norm): LayerNorm((768,), eps=1e-05, elementwise_affine=True)
      )
      (1): TransformerEncoderLayer(
        (self_attn): MultiheadAttention(
          (dropout_module): FairseqDropout()
          (k_proj): Linear(in_features=768, out_features=768, bias=True)
          (v_proj): Linear(in_features=768, out_features=768, bias=True)
          (q_proj): Linear(in_features=768, out_features=768, bias=True)
          (out_proj): Linear(in_features=768, out_features=768, bias=True)
        )
        (self_attn_layer_norm): LayerNorm((768,), eps=1e-05, elementwise_affine=True)
        (dropout_module): FairseqDropout()
        (activation_dropout_module): FairseqDropout()
        (fc1): Linear(in_features=768, out_features=3072, bias=True)
        (fc2): Linear(in_features=3072, out_features=768, bias=True)
        (final_layer_norm): LayerNorm((768,), eps=1e-05, elementwise_affine=True)
      )
      (2): TransformerEncoderLayer(
        (self_attn): MultiheadAttention(
          (dropout_module): FairseqDropout()
          (k_proj): Linear(in_features=768, out_features=768, bias=True)
          (v_proj): Linear(in_features=768, out_features=768, bias=True)
          (q_proj): Linear(in_features=768, out_features=768, bias=True)
          (out_proj): Linear(in_features=768, out_features=768, bias=True)
        )
        (self_attn_layer_norm): LayerNorm((768,), eps=1e-05, elementwise_affine=True)
        (dropout_module): FairseqDropout()
        (activation_dropout_module): FairseqDropout()
        (fc1): Linear(in_features=768, out_features=3072, bias=True)
        (fc2): Linear(in_features=3072, out_features=768, bias=True)
        (final_layer_norm): LayerNorm((768,), eps=1e-05, elementwise_affine=True)
      )
      (3): TransformerEncoderLayer(
        (self_attn): MultiheadAttention(
          (dropout_module): FairseqDropout()
          (k_proj): Linear(in_features=768, out_features=768, bias=True)
          (v_proj): Linear(in_features=768, out_features=768, bias=True)
          (q_proj): Linear(in_features=768, out_features=768, bias=True)
          (out_proj): Linear(in_features=768, out_features=768, bias=True)
        )
        (self_attn_layer_norm): LayerNorm((768,), eps=1e-05, elementwise_affine=True)
        (dropout_module): FairseqDropout()
        (activation_dropout_module): FairseqDropout()
        (fc1): Linear(in_features=768, out_features=3072, bias=True)
        (fc2): Linear(in_features=3072, out_features=768, bias=True)
        (final_layer_norm): LayerNorm((768,), eps=1e-05, elementwise_affine=True)
      )
      (4): TransformerEncoderLayer(
        (self_attn): MultiheadAttention(
          (dropout_module): FairseqDropout()
          (k_proj): Linear(in_features=768, out_features=768, bias=True)
          (v_proj): Linear(in_features=768, out_features=768, bias=True)
          (q_proj): Linear(in_features=768, out_features=768, bias=True)
          (out_proj): Linear(in_features=768, out_features=768, bias=True)
        )
        (self_attn_layer_norm): LayerNorm((768,), eps=1e-05, elementwise_affine=True)
        (dropout_module): FairseqDropout()
        (activation_dropout_module): FairseqDropout()
        (fc1): Linear(in_features=768, out_features=3072, bias=True)
        (fc2): Linear(in_features=3072, out_features=768, bias=True)
        (final_layer_norm): LayerNorm((768,), eps=1e-05, elementwise_affine=True)
      )
      (5): TransformerEncoderLayer(
        (self_attn): MultiheadAttention(
          (dropout_module): FairseqDropout()
          (k_proj): Linear(in_features=768, out_features=768, bias=True)
          (v_proj): Linear(in_features=768, out_features=768, bias=True)
          (q_proj): Linear(in_features=768, out_features=768, bias=True)
          (out_proj): Linear(in_features=768, out_features=768, bias=True)
        )
        (self_attn_layer_norm): LayerNorm((768,), eps=1e-05, elementwise_affine=True)
        (dropout_module): FairseqDropout()
        (activation_dropout_module): FairseqDropout()
        (fc1): Linear(in_features=768, out_features=3072, bias=True)
        (fc2): Linear(in_features=3072, out_features=768, bias=True)
        (final_layer_norm): LayerNorm((768,), eps=1e-05, elementwise_affine=True)
      )
    )
  )
  (decoder): TransformerDecoder(
    (dropout_module): FairseqDropout()
    (embed_tokens): Embedding(50005, 768, padding_idx=1)
    (embed_positions): LearnedPositionalEmbedding(1026, 768, padding_idx=1)
    (layernorm_embedding): LayerNorm((768,), eps=1e-05, elementwise_affine=True)
    (layers): ModuleList(
      (0): TransformerDecoderLayer(
        (dropout_module): FairseqDropout()
        (self_attn): MultiheadAttention(
          (dropout_module): FairseqDropout()
          (k_proj): Linear(in_features=768, out_features=768, bias=True)
          (v_proj): Linear(in_features=768, out_features=768, bias=True)
          (q_proj): Linear(in_features=768, out_features=768, bias=True)
          (out_proj): Linear(in_features=768, out_features=768, bias=True)
        )
        (activation_dropout_module): FairseqDropout()
        (self_attn_layer_norm): LayerNorm((768,), eps=1e-05, elementwise_affine=True)
        (encoder_attn): MultiheadAttention(
          (dropout_module): FairseqDropout()
          (k_proj): Linear(in_features=768, out_features=768, bias=True)
          (v_proj): Linear(in_features=768, out_features=768, bias=True)
          (q_proj): Linear(in_features=768, out_features=768, bias=True)
          (out_proj): Linear(in_features=768, out_features=768, bias=True)
        )
        (encoder_attn_layer_norm): LayerNorm((768,), eps=1e-05, elementwise_affine=True)
        (fc1): Linear(in_features=768, out_features=3072, bias=True)
        (fc2): Linear(in_features=3072, out_features=768, bias=True)
        (final_layer_norm): LayerNorm((768,), eps=1e-05, elementwise_affine=True)
      )
      (1): TransformerDecoderLayer(
        (dropout_module): FairseqDropout()
        (self_attn): MultiheadAttention(
          (dropout_module): FairseqDropout()
          (k_proj): Linear(in_features=768, out_features=768, bias=True)
          (v_proj): Linear(in_features=768, out_features=768, bias=True)
          (q_proj): Linear(in_features=768, out_features=768, bias=True)
          (out_proj): Linear(in_features=768, out_features=768, bias=True)
        )
        (activation_dropout_module): FairseqDropout()
        (self_attn_layer_norm): LayerNorm((768,), eps=1e-05, elementwise_affine=True)
        (encoder_attn): MultiheadAttention(
          (dropout_module): FairseqDropout()
          (k_proj): Linear(in_features=768, out_features=768, bias=True)
          (v_proj): Linear(in_features=768, out_features=768, bias=True)
          (q_proj): Linear(in_features=768, out_features=768, bias=True)
          (out_proj): Linear(in_features=768, out_features=768, bias=True)
        )
        (encoder_attn_layer_norm): LayerNorm((768,), eps=1e-05, elementwise_affine=True)
        (fc1): Linear(in_features=768, out_features=3072, bias=True)
        (fc2): Linear(in_features=3072, out_features=768, bias=True)
        (final_layer_norm): LayerNorm((768,), eps=1e-05, elementwise_affine=True)
      )
      (2): TransformerDecoderLayer(
        (dropout_module): FairseqDropout()
        (self_attn): MultiheadAttention(
          (dropout_module): FairseqDropout()
          (k_proj): Linear(in_features=768, out_features=768, bias=True)
          (v_proj): Linear(in_features=768, out_features=768, bias=True)
          (q_proj): Linear(in_features=768, out_features=768, bias=True)
          (out_proj): Linear(in_features=768, out_features=768, bias=True)
        )
        (activation_dropout_module): FairseqDropout()
        (self_attn_layer_norm): LayerNorm((768,), eps=1e-05, elementwise_affine=True)
        (encoder_attn): MultiheadAttention(
          (dropout_module): FairseqDropout()
          (k_proj): Linear(in_features=768, out_features=768, bias=True)
          (v_proj): Linear(in_features=768, out_features=768, bias=True)
          (q_proj): Linear(in_features=768, out_features=768, bias=True)
          (out_proj): Linear(in_features=768, out_features=768, bias=True)
        )
        (encoder_attn_layer_norm): LayerNorm((768,), eps=1e-05, elementwise_affine=True)
        (fc1): Linear(in_features=768, out_features=3072, bias=True)
        (fc2): Linear(in_features=3072, out_features=768, bias=True)
        (final_layer_norm): LayerNorm((768,), eps=1e-05, elementwise_affine=True)
      )
      (3): TransformerDecoderLayer(
        (dropout_module): FairseqDropout()
        (self_attn): MultiheadAttention(
          (dropout_module): FairseqDropout()
          (k_proj): Linear(in_features=768, out_features=768, bias=True)
          (v_proj): Linear(in_features=768, out_features=768, bias=True)
          (q_proj): Linear(in_features=768, out_features=768, bias=True)
          (out_proj): Linear(in_features=768, out_features=768, bias=True)
        )
        (activation_dropout_module): FairseqDropout()
        (self_attn_layer_norm): LayerNorm((768,), eps=1e-05, elementwise_affine=True)
        (encoder_attn): MultiheadAttention(
          (dropout_module): FairseqDropout()
          (k_proj): Linear(in_features=768, out_features=768, bias=True)
          (v_proj): Linear(in_features=768, out_features=768, bias=True)
          (q_proj): Linear(in_features=768, out_features=768, bias=True)
          (out_proj): Linear(in_features=768, out_features=768, bias=True)
        )
        (encoder_attn_layer_norm): LayerNorm((768,), eps=1e-05, elementwise_affine=True)
        (fc1): Linear(in_features=768, out_features=3072, bias=True)
        (fc2): Linear(in_features=3072, out_features=768, bias=True)
        (final_layer_norm): LayerNorm((768,), eps=1e-05, elementwise_affine=True)
      )
      (4): TransformerDecoderLayer(
        (dropout_module): FairseqDropout()
        (self_attn): MultiheadAttention(
          (dropout_module): FairseqDropout()
          (k_proj): Linear(in_features=768, out_features=768, bias=True)
          (v_proj): Linear(in_features=768, out_features=768, bias=True)
          (q_proj): Linear(in_features=768, out_features=768, bias=True)
          (out_proj): Linear(in_features=768, out_features=768, bias=True)
        )
        (activation_dropout_module): FairseqDropout()
        (self_attn_layer_norm): LayerNorm((768,), eps=1e-05, elementwise_affine=True)
        (encoder_attn): MultiheadAttention(
          (dropout_module): FairseqDropout()
          (k_proj): Linear(in_features=768, out_features=768, bias=True)
          (v_proj): Linear(in_features=768, out_features=768, bias=True)
          (q_proj): Linear(in_features=768, out_features=768, bias=True)
          (out_proj): Linear(in_features=768, out_features=768, bias=True)
        )
        (encoder_attn_layer_norm): LayerNorm((768,), eps=1e-05, elementwise_affine=True)
        (fc1): Linear(in_features=768, out_features=3072, bias=True)
        (fc2): Linear(in_features=3072, out_features=768, bias=True)
        (final_layer_norm): LayerNorm((768,), eps=1e-05, elementwise_affine=True)
      )
      (5): TransformerDecoderLayer(
        (dropout_module): FairseqDropout()
        (self_attn): MultiheadAttention(
          (dropout_module): FairseqDropout()
          (k_proj): Linear(in_features=768, out_features=768, bias=True)
          (v_proj): Linear(in_features=768, out_features=768, bias=True)
          (q_proj): Linear(in_features=768, out_features=768, bias=True)
          (out_proj): Linear(in_features=768, out_features=768, bias=True)
        )
        (activation_dropout_module): FairseqDropout()
        (self_attn_layer_norm): LayerNorm((768,), eps=1e-05, elementwise_affine=True)
        (encoder_attn): MultiheadAttention(
          (dropout_module): FairseqDropout()
          (k_proj): Linear(in_features=768, out_features=768, bias=True)
          (v_proj): Linear(in_features=768, out_features=768, bias=True)
          (q_proj): Linear(in_features=768, out_features=768, bias=True)
          (out_proj): Linear(in_features=768, out_features=768, bias=True)
        )
        (encoder_attn_layer_norm): LayerNorm((768,), eps=1e-05, elementwise_affine=True)
        (fc1): Linear(in_features=768, out_features=3072, bias=True)
        (fc2): Linear(in_features=3072, out_features=768, bias=True)
        (final_layer_norm): LayerNorm((768,), eps=1e-05, elementwise_affine=True)
      )
    )
    (adaptive_block): AdaptiveBlock(
      (fc_unit): Linear(in_features=768, out_features=768, bias=False)
      (fc_unit2): Linear(in_features=768, out_features=768, bias=False)
      (fc_zero): Linear(in_features=768, out_features=768, bias=False)
      (fc_zero2): Linear(in_features=768, out_features=768, bias=False)
    )
    (output_projection): Linear(in_features=768, out_features=50005, bias=False)
  )
  (classification_heads): ModuleDict()
)
2022-08-28 21:21:54 | INFO | fairseq_cli.train | task: translation_from_pretrained_bart (TranslationFromPretrainedBARTTask)
2022-08-28 21:21:54 | INFO | fairseq_cli.train | model: mbart_base (BARTModel)
2022-08-28 21:21:54 | INFO | fairseq_cli.train | criterion: label_smoothed_cross_entropy (LabelSmoothedCrossEntropyCriterion)
2022-08-28 21:21:54 | INFO | fairseq_cli.train | num. model params: 141580032 (num. trained: 2359296)
2022-08-28 21:21:55 | INFO | fairseq.trainer | detected shared parameter: encoder.embed_tokens.weight <- decoder.embed_tokens.weight
2022-08-28 21:21:55 | INFO | fairseq.trainer | detected shared parameter: encoder.embed_tokens.weight <- decoder.output_projection.weight
2022-08-28 21:21:55 | INFO | fairseq.trainer | detected shared parameter: decoder.adaptive_block.fc_unit.bias <- decoder.adaptive_block.fc_unit2.bias
2022-08-28 21:21:55 | INFO | fairseq.trainer | detected shared parameter: decoder.adaptive_block.fc_unit.bias <- decoder.adaptive_block.fc_zero.bias
2022-08-28 21:21:55 | INFO | fairseq.trainer | detected shared parameter: decoder.adaptive_block.fc_unit.bias <- decoder.adaptive_block.fc_zero2.bias
2022-08-28 21:21:55 | INFO | fairseq.trainer | detected shared parameter: decoder.adaptive_block.fc_unit.bias <- decoder.output_projection.bias
2022-08-28 21:21:55 | INFO | fairseq.utils | ***********************CUDA enviroments for all 1 workers***********************
2022-08-28 21:21:55 | INFO | fairseq.utils | rank   0: capabilities =  7.0  ; total memory = 31.749 GB ; name = Tesla V100-SXM2-32GB                    
2022-08-28 21:21:55 | INFO | fairseq.utils | ***********************CUDA enviroments for all 1 workers***********************
2022-08-28 21:21:55 | INFO | fairseq_cli.train | training on 1 devices (GPUs/TPUs)
2022-08-28 21:21:55 | INFO | fairseq_cli.train | max tokens per GPU = None and max sentences per GPU = 16
-----------------knn load part of model-----------------
2022-08-28 21:22:05 | INFO | fairseq.trainer | loaded checkpoint /home/cluster/jgu/scratch/ssr/cli/out/mix/full_base_java_en_XX/checkpoint_best.pt (epoch 37 @ 0 updates)
2022-08-28 21:22:05 | INFO | fairseq.trainer | NOTE: your device may support faster training with --fp16
2022-08-28 21:22:05 | INFO | fairseq.trainer | loading train data for epoch 1
2022-08-28 21:22:05 | INFO | fairseq.data.data_utils | loaded 69708 examples from: /home/cluster/jgu/scratch/ssr/cli/out/mix/java/data-bin/train.java-en_XX.java
2022-08-28 21:22:05 | INFO | fairseq.data.data_utils | loaded 69708 examples from: /home/cluster/jgu/scratch/ssr/cli/out/mix/java/data-bin/train.java-en_XX.en_XX
2022-08-28 21:22:05 | INFO | fairseq.tasks.translation | /home/cluster/jgu/scratch/ssr/cli/out/mix/java/data-bin train java-en_XX 69708 examples
2022-08-28 21:22:05 | INFO | fairseq.trainer | begin training epoch 1
2022-08-28 21:22:21 | INFO | train_inner | {"epoch": 1, "update": 0.023, "loss": "5.315", "nll_loss": "2.614", "ppl": "6.12", "wps": "2172.3", "ups": "6.82", "wpb": "317.4", "bsz": "16", "num_updates": "100", "lr": "5e-06", "gnorm": "0.631", "train_wall": "15", "wall": "26"}
2022-08-28 21:22:36 | INFO | train_inner | {"epoch": 1, "update": 0.046, "loss": "5.261", "nll_loss": "2.642", "ppl": "6.24", "wps": "2247.4", "ups": "6.31", "wpb": "356.2", "bsz": "16", "num_updates": "200", "lr": "1e-05", "gnorm": "0.535", "train_wall": "16", "wall": "42"}
2022-08-28 21:22:50 | INFO | train_inner | {"epoch": 1, "update": 0.069, "loss": "5.061", "nll_loss": "2.493", "ppl": "5.63", "wps": "2365.2", "ups": "7.3", "wpb": "323.9", "bsz": "16", "num_updates": "300", "lr": "1.5e-05", "gnorm": "0.501", "train_wall": "14", "wall": "56"}
2022-08-28 21:23:05 | INFO | train_inner | {"epoch": 1, "update": 0.092, "loss": "5.003", "nll_loss": "2.461", "ppl": "5.51", "wps": "2137.2", "ups": "6.57", "wpb": "325.4", "bsz": "16", "num_updates": "400", "lr": "2e-05", "gnorm": "0.509", "train_wall": "15", "wall": "71"}
2022-08-28 21:23:21 | INFO | train_inner | {"epoch": 1, "update": 0.115, "loss": "5.428", "nll_loss": "2.941", "ppl": "7.68", "wps": "2255.6", "ups": "6.18", "wpb": "365.2", "bsz": "16", "num_updates": "500", "lr": "2.5e-05", "gnorm": "0.514", "train_wall": "16", "wall": "87"}
2022-08-28 21:23:35 | INFO | train_inner | {"epoch": 1, "update": 0.138, "loss": "5.214", "nll_loss": "2.706", "ppl": "6.52", "wps": "2316.4", "ups": "7.33", "wpb": "316", "bsz": "16", "num_updates": "600", "lr": "3e-05", "gnorm": "0.513", "train_wall": "14", "wall": "101"}
2022-08-28 21:23:50 | INFO | train_inner | {"epoch": 1, "update": 0.161, "loss": "4.942", "nll_loss": "2.413", "ppl": "5.33", "wps": "2152.6", "ups": "6.84", "wpb": "314.6", "bsz": "16", "num_updates": "700", "lr": "3.5e-05", "gnorm": "0.533", "train_wall": "15", "wall": "115"}
2022-08-28 21:24:03 | INFO | train_inner | {"epoch": 1, "update": 0.184, "loss": "4.992", "nll_loss": "2.474", "ppl": "5.55", "wps": "2294.4", "ups": "7.4", "wpb": "310.1", "bsz": "16", "num_updates": "800", "lr": "4e-05", "gnorm": "0.525", "train_wall": "13", "wall": "129"}
2022-08-28 21:24:16 | INFO | train_inner | {"epoch": 1, "update": 0.207, "loss": "5.12", "nll_loss": "2.614", "ppl": "6.12", "wps": "2560.6", "ups": "7.82", "wpb": "327.3", "bsz": "16", "num_updates": "900", "lr": "4.5e-05", "gnorm": "0.523", "train_wall": "13", "wall": "142"}
2022-08-28 21:24:30 | INFO | train_inner | {"epoch": 1, "update": 0.23, "loss": "5.307", "nll_loss": "2.822", "ppl": "7.07", "wps": "2245", "ups": "7.03", "wpb": "319.2", "bsz": "16", "num_updates": "1000", "lr": "5e-05", "gnorm": "0.513", "train_wall": "14", "wall": "156"}
2022-08-28 21:24:44 | INFO | train_inner | {"epoch": 1, "update": 0.252, "loss": "5.122", "nll_loss": "2.615", "ppl": "6.13", "wps": "2150", "ups": "7.08", "wpb": "303.5", "bsz": "16", "num_updates": "1100", "lr": "4.9995e-05", "gnorm": "0.538", "train_wall": "14", "wall": "170"}
2022-08-28 21:25:00 | INFO | train_inner | {"epoch": 1, "update": 0.275, "loss": "5.077", "nll_loss": "2.583", "ppl": "5.99", "wps": "2085.8", "ups": "6.49", "wpb": "321.4", "bsz": "16", "num_updates": "1200", "lr": "4.999e-05", "gnorm": "0.514", "train_wall": "15", "wall": "185"}
2022-08-28 21:25:15 | INFO | train_inner | {"epoch": 1, "update": 0.298, "loss": "5.189", "nll_loss": "2.699", "ppl": "6.49", "wps": "2164.1", "ups": "6.75", "wpb": "320.5", "bsz": "16", "num_updates": "1300", "lr": "4.9985e-05", "gnorm": "0.52", "train_wall": "15", "wall": "200"}
2022-08-28 21:25:28 | INFO | train_inner | {"epoch": 1, "update": 0.321, "loss": "4.866", "nll_loss": "2.348", "ppl": "5.09", "wps": "2328.7", "ups": "7.58", "wpb": "307.1", "bsz": "16", "num_updates": "1400", "lr": "4.998e-05", "gnorm": "0.503", "train_wall": "13", "wall": "213"}
2022-08-28 21:25:43 | INFO | train_inner | {"epoch": 1, "update": 0.344, "loss": "5.086", "nll_loss": "2.591", "ppl": "6.03", "wps": "2273.8", "ups": "6.67", "wpb": "340.7", "bsz": "16", "num_updates": "1500", "lr": "4.9975e-05", "gnorm": "0.513", "train_wall": "15", "wall": "228"}
2022-08-28 21:25:57 | INFO | train_inner | {"epoch": 1, "update": 0.367, "loss": "5.107", "nll_loss": "2.605", "ppl": "6.09", "wps": "2301.1", "ups": "6.83", "wpb": "337.1", "bsz": "16", "num_updates": "1600", "lr": "4.997e-05", "gnorm": "0.499", "train_wall": "15", "wall": "243"}
2022-08-28 21:26:10 | INFO | train_inner | {"epoch": 1, "update": 0.39, "loss": "5.101", "nll_loss": "2.611", "ppl": "6.11", "wps": "2426.2", "ups": "7.76", "wpb": "312.5", "bsz": "16", "num_updates": "1700", "lr": "4.9965e-05", "gnorm": "0.487", "train_wall": "13", "wall": "256"}
2022-08-28 21:26:24 | INFO | train_inner | {"epoch": 1, "update": 0.413, "loss": "4.946", "nll_loss": "2.44", "ppl": "5.43", "wps": "2460", "ups": "7.37", "wpb": "333.6", "bsz": "16", "num_updates": "1800", "lr": "4.996e-05", "gnorm": "0.487", "train_wall": "13", "wall": "269"}
2022-08-28 21:26:38 | INFO | train_inner | {"epoch": 1, "update": 0.436, "loss": "5.141", "nll_loss": "2.659", "ppl": "6.32", "wps": "2334.1", "ups": "7.28", "wpb": "320.6", "bsz": "16", "num_updates": "1900", "lr": "4.9955e-05", "gnorm": "0.51", "train_wall": "14", "wall": "283"}
2022-08-28 21:26:51 | INFO | train_inner | {"epoch": 1, "update": 0.459, "loss": "5.141", "nll_loss": "2.653", "ppl": "6.29", "wps": "2332", "ups": "7.36", "wpb": "317", "bsz": "16", "num_updates": "2000", "lr": "4.99499e-05", "gnorm": "0.513", "train_wall": "13", "wall": "297"}
2022-08-28 21:27:06 | INFO | train_inner | {"epoch": 1, "update": 0.482, "loss": "5.187", "nll_loss": "2.702", "ppl": "6.51", "wps": "2330.8", "ups": "6.76", "wpb": "344.8", "bsz": "16", "num_updates": "2100", "lr": "4.99449e-05", "gnorm": "0.516", "train_wall": "15", "wall": "311"}
2022-08-28 21:27:20 | INFO | train_inner | {"epoch": 1, "update": 0.505, "loss": "5.31", "nll_loss": "2.835", "ppl": "7.14", "wps": "2460.2", "ups": "7.19", "wpb": "342.1", "bsz": "16", "num_updates": "2200", "lr": "4.99399e-05", "gnorm": "0.513", "train_wall": "14", "wall": "325"}
2022-08-28 21:27:31 | INFO | train_inner | {"epoch": 1, "update": 0.528, "loss": "5.038", "nll_loss": "2.544", "ppl": "5.83", "wps": "2879", "ups": "8.8", "wpb": "327.2", "bsz": "16", "num_updates": "2300", "lr": "4.99349e-05", "gnorm": "0.508", "train_wall": "11", "wall": "337"}
2022-08-28 21:27:40 | INFO | train_inner | {"epoch": 1, "update": 0.551, "loss": "4.85", "nll_loss": "2.346", "ppl": "5.08", "wps": "3268.6", "ups": "10.94", "wpb": "298.7", "bsz": "16", "num_updates": "2400", "lr": "4.99299e-05", "gnorm": "0.486", "train_wall": "9", "wall": "346"}
2022-08-28 21:27:53 | INFO | train_inner | {"epoch": 1, "update": 0.574, "loss": "5.134", "nll_loss": "2.65", "ppl": "6.28", "wps": "2626.3", "ups": "7.78", "wpb": "337.4", "bsz": "16", "num_updates": "2500", "lr": "4.99249e-05", "gnorm": "0.497", "train_wall": "13", "wall": "359"}
2022-08-28 21:28:05 | INFO | train_inner | {"epoch": 1, "update": 0.597, "loss": "4.976", "nll_loss": "2.48", "ppl": "5.58", "wps": "2743.8", "ups": "8.51", "wpb": "322.6", "bsz": "16", "num_updates": "2600", "lr": "4.99199e-05", "gnorm": "0.511", "train_wall": "12", "wall": "370"}
2022-08-28 21:28:16 | INFO | train_inner | {"epoch": 1, "update": 0.62, "loss": "4.86", "nll_loss": "2.355", "ppl": "5.12", "wps": "2926", "ups": "9.05", "wpb": "323.4", "bsz": "16", "num_updates": "2700", "lr": "4.99149e-05", "gnorm": "0.49", "train_wall": "11", "wall": "382"}
2022-08-28 21:28:28 | INFO | train_inner | {"epoch": 1, "update": 0.643, "loss": "5", "nll_loss": "2.504", "ppl": "5.67", "wps": "2754.4", "ups": "8.36", "wpb": "329.4", "bsz": "16", "num_updates": "2800", "lr": "4.99099e-05", "gnorm": "0.494", "train_wall": "12", "wall": "394"}
2022-08-28 21:28:40 | INFO | train_inner | {"epoch": 1, "update": 0.666, "loss": "4.899", "nll_loss": "2.402", "ppl": "5.29", "wps": "3012.8", "ups": "8.61", "wpb": "349.9", "bsz": "16", "num_updates": "2900", "lr": "4.99049e-05", "gnorm": "0.498", "train_wall": "12", "wall": "405"}
2022-08-28 21:28:51 | INFO | train_inner | {"epoch": 1, "update": 0.689, "loss": "5.128", "nll_loss": "2.651", "ppl": "6.28", "wps": "2734.6", "ups": "8.56", "wpb": "319.5", "bsz": "16", "num_updates": "3000", "lr": "4.98999e-05", "gnorm": "0.499", "train_wall": "12", "wall": "417"}
2022-08-28 21:29:04 | INFO | train_inner | {"epoch": 1, "update": 0.711, "loss": "5.007", "nll_loss": "2.517", "ppl": "5.72", "wps": "2622", "ups": "7.62", "wpb": "344.3", "bsz": "16", "num_updates": "3100", "lr": "4.98949e-05", "gnorm": "0.48", "train_wall": "13", "wall": "430"}
2022-08-28 21:29:17 | INFO | train_inner | {"epoch": 1, "update": 0.734, "loss": "5.035", "nll_loss": "2.547", "ppl": "5.84", "wps": "2505", "ups": "8.26", "wpb": "303.3", "bsz": "16", "num_updates": "3200", "lr": "4.98899e-05", "gnorm": "0.5", "train_wall": "12", "wall": "442"}
2022-08-28 21:29:29 | INFO | train_inner | {"epoch": 1, "update": 0.757, "loss": "5.26", "nll_loss": "2.791", "ppl": "6.92", "wps": "2675.1", "ups": "7.76", "wpb": "344.7", "bsz": "16", "num_updates": "3300", "lr": "4.98849e-05", "gnorm": "0.485", "train_wall": "13", "wall": "455"}
2022-08-28 21:29:41 | INFO | train_inner | {"epoch": 1, "update": 0.78, "loss": "4.85", "nll_loss": "2.345", "ppl": "5.08", "wps": "2514.5", "ups": "8.51", "wpb": "295.4", "bsz": "16", "num_updates": "3400", "lr": "4.98799e-05", "gnorm": "0.485", "train_wall": "12", "wall": "467"}
2022-08-28 21:29:55 | INFO | train_inner | {"epoch": 1, "update": 0.803, "loss": "5.145", "nll_loss": "2.664", "ppl": "6.34", "wps": "2451.5", "ups": "7.46", "wpb": "328.4", "bsz": "16", "num_updates": "3500", "lr": "4.98749e-05", "gnorm": "0.49", "train_wall": "13", "wall": "480"}
2022-08-28 21:30:06 | INFO | train_inner | {"epoch": 1, "update": 0.826, "loss": "5.142", "nll_loss": "2.664", "ppl": "6.34", "wps": "2831.5", "ups": "9.14", "wpb": "309.9", "bsz": "16", "num_updates": "3600", "lr": "4.98699e-05", "gnorm": "0.505", "train_wall": "11", "wall": "491"}
2022-08-28 21:30:17 | INFO | train_inner | {"epoch": 1, "update": 0.849, "loss": "5.028", "nll_loss": "2.544", "ppl": "5.83", "wps": "2871.9", "ups": "8.71", "wpb": "329.7", "bsz": "16", "num_updates": "3700", "lr": "4.98649e-05", "gnorm": "0.478", "train_wall": "11", "wall": "502"}
2022-08-28 21:30:27 | INFO | train_inner | {"epoch": 1, "update": 0.872, "loss": "5.123", "nll_loss": "2.645", "ppl": "6.25", "wps": "2895.1", "ups": "9.6", "wpb": "301.7", "bsz": "16", "num_updates": "3800", "lr": "4.98599e-05", "gnorm": "0.516", "train_wall": "10", "wall": "513"}
2022-08-28 21:30:40 | INFO | train_inner | {"epoch": 1, "update": 0.895, "loss": "5.185", "nll_loss": "2.71", "ppl": "6.54", "wps": "2766.8", "ups": "8.13", "wpb": "340.4", "bsz": "16", "num_updates": "3900", "lr": "4.98549e-05", "gnorm": "0.483", "train_wall": "12", "wall": "525"}
2022-08-28 21:30:53 | INFO | train_inner | {"epoch": 1, "update": 0.918, "loss": "5.012", "nll_loss": "2.522", "ppl": "5.74", "wps": "2544.6", "ups": "7.79", "wpb": "326.7", "bsz": "16", "num_updates": "4000", "lr": "4.98498e-05", "gnorm": "0.486", "train_wall": "13", "wall": "538"}
2022-08-28 21:31:06 | INFO | train_inner | {"epoch": 1, "update": 0.941, "loss": "5.258", "nll_loss": "2.791", "ppl": "6.92", "wps": "2632.8", "ups": "7.56", "wpb": "348.1", "bsz": "16", "num_updates": "4100", "lr": "4.98448e-05", "gnorm": "0.484", "train_wall": "13", "wall": "551"}
2022-08-28 21:31:18 | INFO | train_inner | {"epoch": 1, "update": 0.964, "loss": "5.186", "nll_loss": "2.708", "ppl": "6.53", "wps": "2564.8", "ups": "8.02", "wpb": "319.8", "bsz": "16", "num_updates": "4200", "lr": "4.98398e-05", "gnorm": "0.484", "train_wall": "12", "wall": "564"}
2022-08-28 21:31:32 | INFO | train_inner | {"epoch": 1, "update": 0.987, "loss": "5.522", "nll_loss": "3.077", "ppl": "8.44", "wps": "2597.8", "ups": "7.33", "wpb": "354.4", "bsz": "16", "num_updates": "4300", "lr": "4.98348e-05", "gnorm": "0.512", "train_wall": "14", "wall": "577"}
2022-08-28 21:31:39 | INFO | fairseq_cli.train | begin validation on "valid" subset
/net/cephfs/scratch/jgu/ssr/fairseq/utils.py:342: UserWarning: amp_C fused kernels unavailable, disabling multi_tensor_l2norm; you may get better performance by installing NVIDIA's apex library
  "amp_C fused kernels unavailable, disabling multi_tensor_l2norm; "
2022-08-28 21:39:00 | INFO | valid | {"epoch": 1, "valid_loss": "9.68", "valid_nll_loss": "7.724", "valid_ppl": "211.35", "valid_bleu": "30.22", "valid_wps": "404.5", "valid_wpb": "327", "valid_bsz": "16", "valid_num_updates": "4357"}
2022-08-28 21:39:00 | INFO | fairseq_cli.train | begin save checkpoint
2022-08-28 21:39:02 | INFO | fairseq.checkpoint_utils | saved checkpoint /home/cluster/jgu/scratch/ssr/cli/out/mix/full_ada_java_en_XX/checkpoint_best.pt (epoch 1 @ 4357 updates, score 30.22) (writing took 2.145817954093218 seconds)
2022-08-28 21:39:02 | INFO | fairseq_cli.train | end of epoch 1 (average epoch stats below)
2022-08-28 21:39:02 | INFO | train | {"epoch": 1, "train_loss": "5.108", "train_nll_loss": "2.607", "train_ppl": "6.09", "train_wps": "1400", "train_ups": "4.29", "train_wpb": "326.6", "train_bsz": "16", "train_num_updates": "4357", "train_lr": "4.9832e-05", "train_gnorm": "0.506", "train_train_wall": "568", "train_wall": "1028"}
2022-08-28 21:39:02 | INFO | fairseq_cli.train | done training in 1017.0 seconds
/net/cephfs/scratch/jgu/ssr/fairseq/search.py:140: UserWarning: __floordiv__ is deprecated, and its behavior will change in a future version of pytorch. It currently rounds toward 0 (like the 'trunc' function NOT 'floor'). This results in incorrect rounding for negative values. To keep the current behavior, use torch.div(a, b, rounding_mode='trunc'), or for actual floor division, use torch.div(a, b, rounding_mode='floor').
  beams_buf = indices_buf // vocab_size
/net/cephfs/scratch/jgu/ssr/fairseq/sequence_generator.py:651: UserWarning: __floordiv__ is deprecated, and its behavior will change in a future version of pytorch. It currently rounds toward 0 (like the 'trunc' function NOT 'floor'). This results in incorrect rounding for negative values. To keep the current behavior, use torch.div(a, b, rounding_mode='trunc'), or for actual floor division, use torch.div(a, b, rounding_mode='floor').
  unfin_idx = idx // beam_size
@ Completed
@ Stage 5
/net/cephfs/scratch/jgu/ssr/fairseq/search.py:140: UserWarning: __floordiv__ is deprecated, and its behavior will change in a future version of pytorch. It currently rounds toward 0 (like the 'trunc' function NOT 'floor'). This results in incorrect rounding for negative values. To keep the current behavior, use torch.div(a, b, rounding_mode='trunc'), or for actual floor division, use torch.div(a, b, rounding_mode='floor').
  beams_buf = indices_buf // vocab_size
/net/cephfs/scratch/jgu/ssr/fairseq/sequence_generator.py:651: UserWarning: __floordiv__ is deprecated, and its behavior will change in a future version of pytorch. It currently rounds toward 0 (like the 'trunc' function NOT 'floor'). This results in incorrect rounding for negative values. To keep the current behavior, use torch.div(a, b, rounding_mode='trunc'), or for actual floor division, use torch.div(a, b, rounding_mode='floor').
  unfin_idx = idx // beam_size
WARNING (theano.tensor.blas): We did not find a dynamic library in the library_dir of the library we use for blas. If you use ATLAS, make sure to compile it with dynamics library.
c_bleu = 41.72 | s_bleu = 46.89 | meteor = 30.38 | rouge = 56.19
rouge_coco = 57.21
@ Completed
