@ Stage 4
2022-08-28 11:32:13 | INFO | fairseq_cli.train | Namespace(activation_fn='gelu', adam_betas='(0.9, 0.98)', adam_eps=1e-06, adaptive_softmax_cutoff=None, adaptive_softmax_dropout=0, all_gather_list_size=16384, arch='mbart_base', attention_dropout=0.0, batch_size=16, batch_size_valid=16, best_checkpoint_metric='bleu', bf16=False, bpe='sentencepiece', broadcast_buffers=False, bucket_cap_mb=25, checkpoint_shard_count=1, checkpoint_suffix='', clip_norm=0.0, cpu=False, criterion='label_smoothed_cross_entropy', cross_self_attention=False, curriculum=0, data='/home/cluster/jgu/scratch/ssr/cli/out/mix/java/data-bin', data_buffer_size=10, dataset_impl=None, ddp_backend='no_c10d', decoder_attention_heads=12, decoder_embed_dim=768, decoder_embed_path=None, decoder_ffn_embed_dim=3072, decoder_input_dim=768, decoder_layerdrop=0, decoder_layers=6, decoder_layers_to_keep=None, decoder_learned_pos=True, decoder_normalize_before=False, decoder_output_dim=768, device_id=0, disable_validation=False, distributed_backend='nccl', distributed_init_method=None, distributed_no_spawn=False, distributed_num_procs=1, distributed_port=-1, distributed_rank=0, distributed_world_size=1, distributed_wrapper='DDP', dropout=0.1, dstore_filename='/home/cluster/jgu/scratch/ssr/cli/out/mix/java/full_datastore', dstore_fp16=True, dstore_size=1283405, empty_cache_freq=0, encoder_attention_heads=12, encoder_embed_dim=768, encoder_embed_path=None, encoder_ffn_embed_dim=3072, encoder_layerdrop=0, encoder_layers=6, encoder_layers_to_keep=None, encoder_learned_pos=True, encoder_normalize_before=False, end_learning_rate=0.0, eval_bleu=True, eval_bleu_args='{"beam": 6}', eval_bleu_detok='space', eval_bleu_detok_args=None, eval_bleu_print_samples=False, eval_bleu_remove_bpe='sentencepiece', eval_tokenized_bleu=True, fast_stat_sync=False, find_unused_parameters=False, finetune_from_model=None, fix_batches_to_gpus=False, fixed_validation_seed=None, force_anneal=None, fp16=False, fp16_init_scale=128, fp16_no_flatten_grads=False, fp16_scale_tolerance=0.0, fp16_scale_window=None, gen_subset='test', ignore_prefix_size=0, k=2, keep_best_checkpoints=-1, keep_interval_updates=-1, keep_last_epochs=-1, knn_lambda=0.2, knn_sim_metric='IP', knn_temperature=10.0, label_smoothing=0.1, langs='java,python,en_XX', layernorm_embedding=True, left_pad_source='True', left_pad_target='False', load_alignments=False, localsgd_frequency=3, log_format='json', log_interval=100, lr=[5e-05], lr_scheduler='polynomial_decay', max_epoch=1, max_source_positions=1024, max_target_positions=1024, max_tokens=None, max_tokens_valid=None, max_update=0, maximize_best_checkpoint_metric=True, memory_efficient_bf16=False, memory_efficient_fp16=False, min_loss_scale=0.0001, min_lr=-1.0, model_parallel_size=1, move_dstore_to_mem=True, no_cross_attention=False, no_epoch_checkpoints=True, no_last_checkpoints=False, no_progress_bar=False, no_save=False, no_save_optimizer_state=False, no_scale_embedding=False, no_seed_provided=False, no_token_positional_embeddings=False, nprocs_per_node=1, num_batch_buckets=0, num_shards=1, num_workers=1, only_train_final_output=False, optimizer='adam', optimizer_overrides='{}', partially_finetune=True, patience=5, pipeline_balance=None, pipeline_checkpoint='never', pipeline_chunks=0, pipeline_decoder_balance=None, pipeline_decoder_devices=None, pipeline_devices=None, pipeline_encoder_balance=None, pipeline_encoder_devices=None, pipeline_model_parallel=False, pooler_activation_fn='tanh', pooler_dropout=0.0, power=1.0, prepend_bos=False, probe=32, profile=False, quant_noise_pq=0, quant_noise_pq_block_size=8, quant_noise_scalar=0, quantization_config_path=None, relu_dropout=0.0, report_accuracy=False, required_batch_size_multiple=8, required_seq_len_multiple=1, reset_dataloader=True, reset_lr_scheduler=True, reset_meters=True, reset_optimizer=True, restore_file='/home/cluster/jgu/scratch/ssr/cli/out/mix/full_base_java_en_XX/checkpoint_best.pt', save_dir='/home/cluster/jgu/scratch/ssr/cli/out/mix/full_ada_java_en_XX', save_interval=1, save_interval_updates=0, scoring='bleu', seed=42, sentence_avg=False, sentencepiece_model='/home/cluster/jgu/scratch/ssr/cli/sentencepiece/sentencepiece.bpe.model', shard_id=0, share_all_embeddings=True, share_decoder_input_output_embed=True, skip_invalid_size_inputs_valid_test=False, slowmo_algorithm='LocalSGD', slowmo_momentum=None, source_lang='java', stop_time_hours=0, target_lang='en_XX', task='translation_from_pretrained_bart', tensorboard_logdir=None, threshold_loss_scale=None, tokenizer=None, total_num_update=1000000, tpu=False, train_subset='train', truncate_source=False, update_freq=[1], upsample_primary=1, use_bmuf=False, use_gpu_to_search=True, use_knn_datastore=True, use_old_adam=False, user_dir='/home/cluster/jgu/scratch/ssr/cli', valid_subset='valid', validate_after_updates=0, validate_interval=1, validate_interval_updates=0, warmup_updates=1000, weight_decay=0.0, zero_sharding='none')
2022-08-28 11:32:13 | INFO | fairseq.tasks.translation | [java] dictionary: 50001 types
2022-08-28 11:32:13 | INFO | fairseq.tasks.translation | [en_XX] dictionary: 50001 types
2022-08-28 11:32:13 | INFO | fairseq.data.data_utils | loaded 8714 examples from: /home/cluster/jgu/scratch/ssr/cli/out/mix/java/data-bin/valid.java-en_XX.java
2022-08-28 11:32:13 | INFO | fairseq.data.data_utils | loaded 8714 examples from: /home/cluster/jgu/scratch/ssr/cli/out/mix/java/data-bin/valid.java-en_XX.en_XX
2022-08-28 11:32:13 | INFO | fairseq.tasks.translation | /home/cluster/jgu/scratch/ssr/cli/out/mix/java/data-bin valid java-en_XX 8714 examples
put index from cpu to gpu
Reading datastore took 2.1828505992889404 s
the datastore is /home/cluster/jgu/scratch/ssr/cli/out/mix/java/full_datastore, size is 1283405, and dim is 768 
Loading to memory...
Loading to memory took 5.1941306591033936 s
2022-08-28 11:32:24 | INFO | fairseq_cli.train | BARTModel(
  (encoder): TransformerEncoder(
    (dropout_module): FairseqDropout()
    (embed_tokens): Embedding(50005, 768, padding_idx=1)
    (embed_positions): LearnedPositionalEmbedding(1026, 768, padding_idx=1)
    (layernorm_embedding): LayerNorm((768,), eps=1e-05, elementwise_affine=True)
    (layers): ModuleList(
      (0): TransformerEncoderLayer(
        (self_attn): MultiheadAttention(
          (dropout_module): FairseqDropout()
          (k_proj): Linear(in_features=768, out_features=768, bias=True)
          (v_proj): Linear(in_features=768, out_features=768, bias=True)
          (q_proj): Linear(in_features=768, out_features=768, bias=True)
          (out_proj): Linear(in_features=768, out_features=768, bias=True)
        )
        (self_attn_layer_norm): LayerNorm((768,), eps=1e-05, elementwise_affine=True)
        (dropout_module): FairseqDropout()
        (activation_dropout_module): FairseqDropout()
        (fc1): Linear(in_features=768, out_features=3072, bias=True)
        (fc2): Linear(in_features=3072, out_features=768, bias=True)
        (final_layer_norm): LayerNorm((768,), eps=1e-05, elementwise_affine=True)
      )
      (1): TransformerEncoderLayer(
        (self_attn): MultiheadAttention(
          (dropout_module): FairseqDropout()
          (k_proj): Linear(in_features=768, out_features=768, bias=True)
          (v_proj): Linear(in_features=768, out_features=768, bias=True)
          (q_proj): Linear(in_features=768, out_features=768, bias=True)
          (out_proj): Linear(in_features=768, out_features=768, bias=True)
        )
        (self_attn_layer_norm): LayerNorm((768,), eps=1e-05, elementwise_affine=True)
        (dropout_module): FairseqDropout()
        (activation_dropout_module): FairseqDropout()
        (fc1): Linear(in_features=768, out_features=3072, bias=True)
        (fc2): Linear(in_features=3072, out_features=768, bias=True)
        (final_layer_norm): LayerNorm((768,), eps=1e-05, elementwise_affine=True)
      )
      (2): TransformerEncoderLayer(
        (self_attn): MultiheadAttention(
          (dropout_module): FairseqDropout()
          (k_proj): Linear(in_features=768, out_features=768, bias=True)
          (v_proj): Linear(in_features=768, out_features=768, bias=True)
          (q_proj): Linear(in_features=768, out_features=768, bias=True)
          (out_proj): Linear(in_features=768, out_features=768, bias=True)
        )
        (self_attn_layer_norm): LayerNorm((768,), eps=1e-05, elementwise_affine=True)
        (dropout_module): FairseqDropout()
        (activation_dropout_module): FairseqDropout()
        (fc1): Linear(in_features=768, out_features=3072, bias=True)
        (fc2): Linear(in_features=3072, out_features=768, bias=True)
        (final_layer_norm): LayerNorm((768,), eps=1e-05, elementwise_affine=True)
      )
      (3): TransformerEncoderLayer(
        (self_attn): MultiheadAttention(
          (dropout_module): FairseqDropout()
          (k_proj): Linear(in_features=768, out_features=768, bias=True)
          (v_proj): Linear(in_features=768, out_features=768, bias=True)
          (q_proj): Linear(in_features=768, out_features=768, bias=True)
          (out_proj): Linear(in_features=768, out_features=768, bias=True)
        )
        (self_attn_layer_norm): LayerNorm((768,), eps=1e-05, elementwise_affine=True)
        (dropout_module): FairseqDropout()
        (activation_dropout_module): FairseqDropout()
        (fc1): Linear(in_features=768, out_features=3072, bias=True)
        (fc2): Linear(in_features=3072, out_features=768, bias=True)
        (final_layer_norm): LayerNorm((768,), eps=1e-05, elementwise_affine=True)
      )
      (4): TransformerEncoderLayer(
        (self_attn): MultiheadAttention(
          (dropout_module): FairseqDropout()
          (k_proj): Linear(in_features=768, out_features=768, bias=True)
          (v_proj): Linear(in_features=768, out_features=768, bias=True)
          (q_proj): Linear(in_features=768, out_features=768, bias=True)
          (out_proj): Linear(in_features=768, out_features=768, bias=True)
        )
        (self_attn_layer_norm): LayerNorm((768,), eps=1e-05, elementwise_affine=True)
        (dropout_module): FairseqDropout()
        (activation_dropout_module): FairseqDropout()
        (fc1): Linear(in_features=768, out_features=3072, bias=True)
        (fc2): Linear(in_features=3072, out_features=768, bias=True)
        (final_layer_norm): LayerNorm((768,), eps=1e-05, elementwise_affine=True)
      )
      (5): TransformerEncoderLayer(
        (self_attn): MultiheadAttention(
          (dropout_module): FairseqDropout()
          (k_proj): Linear(in_features=768, out_features=768, bias=True)
          (v_proj): Linear(in_features=768, out_features=768, bias=True)
          (q_proj): Linear(in_features=768, out_features=768, bias=True)
          (out_proj): Linear(in_features=768, out_features=768, bias=True)
        )
        (self_attn_layer_norm): LayerNorm((768,), eps=1e-05, elementwise_affine=True)
        (dropout_module): FairseqDropout()
        (activation_dropout_module): FairseqDropout()
        (fc1): Linear(in_features=768, out_features=3072, bias=True)
        (fc2): Linear(in_features=3072, out_features=768, bias=True)
        (final_layer_norm): LayerNorm((768,), eps=1e-05, elementwise_affine=True)
      )
    )
  )
  (decoder): TransformerDecoder(
    (dropout_module): FairseqDropout()
    (embed_tokens): Embedding(50005, 768, padding_idx=1)
    (embed_positions): LearnedPositionalEmbedding(1026, 768, padding_idx=1)
    (layernorm_embedding): LayerNorm((768,), eps=1e-05, elementwise_affine=True)
    (layers): ModuleList(
      (0): TransformerDecoderLayer(
        (dropout_module): FairseqDropout()
        (self_attn): MultiheadAttention(
          (dropout_module): FairseqDropout()
          (k_proj): Linear(in_features=768, out_features=768, bias=True)
          (v_proj): Linear(in_features=768, out_features=768, bias=True)
          (q_proj): Linear(in_features=768, out_features=768, bias=True)
          (out_proj): Linear(in_features=768, out_features=768, bias=True)
        )
        (activation_dropout_module): FairseqDropout()
        (self_attn_layer_norm): LayerNorm((768,), eps=1e-05, elementwise_affine=True)
        (encoder_attn): MultiheadAttention(
          (dropout_module): FairseqDropout()
          (k_proj): Linear(in_features=768, out_features=768, bias=True)
          (v_proj): Linear(in_features=768, out_features=768, bias=True)
          (q_proj): Linear(in_features=768, out_features=768, bias=True)
          (out_proj): Linear(in_features=768, out_features=768, bias=True)
        )
        (encoder_attn_layer_norm): LayerNorm((768,), eps=1e-05, elementwise_affine=True)
        (fc1): Linear(in_features=768, out_features=3072, bias=True)
        (fc2): Linear(in_features=3072, out_features=768, bias=True)
        (final_layer_norm): LayerNorm((768,), eps=1e-05, elementwise_affine=True)
      )
      (1): TransformerDecoderLayer(
        (dropout_module): FairseqDropout()
        (self_attn): MultiheadAttention(
          (dropout_module): FairseqDropout()
          (k_proj): Linear(in_features=768, out_features=768, bias=True)
          (v_proj): Linear(in_features=768, out_features=768, bias=True)
          (q_proj): Linear(in_features=768, out_features=768, bias=True)
          (out_proj): Linear(in_features=768, out_features=768, bias=True)
        )
        (activation_dropout_module): FairseqDropout()
        (self_attn_layer_norm): LayerNorm((768,), eps=1e-05, elementwise_affine=True)
        (encoder_attn): MultiheadAttention(
          (dropout_module): FairseqDropout()
          (k_proj): Linear(in_features=768, out_features=768, bias=True)
          (v_proj): Linear(in_features=768, out_features=768, bias=True)
          (q_proj): Linear(in_features=768, out_features=768, bias=True)
          (out_proj): Linear(in_features=768, out_features=768, bias=True)
        )
        (encoder_attn_layer_norm): LayerNorm((768,), eps=1e-05, elementwise_affine=True)
        (fc1): Linear(in_features=768, out_features=3072, bias=True)
        (fc2): Linear(in_features=3072, out_features=768, bias=True)
        (final_layer_norm): LayerNorm((768,), eps=1e-05, elementwise_affine=True)
      )
      (2): TransformerDecoderLayer(
        (dropout_module): FairseqDropout()
        (self_attn): MultiheadAttention(
          (dropout_module): FairseqDropout()
          (k_proj): Linear(in_features=768, out_features=768, bias=True)
          (v_proj): Linear(in_features=768, out_features=768, bias=True)
          (q_proj): Linear(in_features=768, out_features=768, bias=True)
          (out_proj): Linear(in_features=768, out_features=768, bias=True)
        )
        (activation_dropout_module): FairseqDropout()
        (self_attn_layer_norm): LayerNorm((768,), eps=1e-05, elementwise_affine=True)
        (encoder_attn): MultiheadAttention(
          (dropout_module): FairseqDropout()
          (k_proj): Linear(in_features=768, out_features=768, bias=True)
          (v_proj): Linear(in_features=768, out_features=768, bias=True)
          (q_proj): Linear(in_features=768, out_features=768, bias=True)
          (out_proj): Linear(in_features=768, out_features=768, bias=True)
        )
        (encoder_attn_layer_norm): LayerNorm((768,), eps=1e-05, elementwise_affine=True)
        (fc1): Linear(in_features=768, out_features=3072, bias=True)
        (fc2): Linear(in_features=3072, out_features=768, bias=True)
        (final_layer_norm): LayerNorm((768,), eps=1e-05, elementwise_affine=True)
      )
      (3): TransformerDecoderLayer(
        (dropout_module): FairseqDropout()
        (self_attn): MultiheadAttention(
          (dropout_module): FairseqDropout()
          (k_proj): Linear(in_features=768, out_features=768, bias=True)
          (v_proj): Linear(in_features=768, out_features=768, bias=True)
          (q_proj): Linear(in_features=768, out_features=768, bias=True)
          (out_proj): Linear(in_features=768, out_features=768, bias=True)
        )
        (activation_dropout_module): FairseqDropout()
        (self_attn_layer_norm): LayerNorm((768,), eps=1e-05, elementwise_affine=True)
        (encoder_attn): MultiheadAttention(
          (dropout_module): FairseqDropout()
          (k_proj): Linear(in_features=768, out_features=768, bias=True)
          (v_proj): Linear(in_features=768, out_features=768, bias=True)
          (q_proj): Linear(in_features=768, out_features=768, bias=True)
          (out_proj): Linear(in_features=768, out_features=768, bias=True)
        )
        (encoder_attn_layer_norm): LayerNorm((768,), eps=1e-05, elementwise_affine=True)
        (fc1): Linear(in_features=768, out_features=3072, bias=True)
        (fc2): Linear(in_features=3072, out_features=768, bias=True)
        (final_layer_norm): LayerNorm((768,), eps=1e-05, elementwise_affine=True)
      )
      (4): TransformerDecoderLayer(
        (dropout_module): FairseqDropout()
        (self_attn): MultiheadAttention(
          (dropout_module): FairseqDropout()
          (k_proj): Linear(in_features=768, out_features=768, bias=True)
          (v_proj): Linear(in_features=768, out_features=768, bias=True)
          (q_proj): Linear(in_features=768, out_features=768, bias=True)
          (out_proj): Linear(in_features=768, out_features=768, bias=True)
        )
        (activation_dropout_module): FairseqDropout()
        (self_attn_layer_norm): LayerNorm((768,), eps=1e-05, elementwise_affine=True)
        (encoder_attn): MultiheadAttention(
          (dropout_module): FairseqDropout()
          (k_proj): Linear(in_features=768, out_features=768, bias=True)
          (v_proj): Linear(in_features=768, out_features=768, bias=True)
          (q_proj): Linear(in_features=768, out_features=768, bias=True)
          (out_proj): Linear(in_features=768, out_features=768, bias=True)
        )
        (encoder_attn_layer_norm): LayerNorm((768,), eps=1e-05, elementwise_affine=True)
        (fc1): Linear(in_features=768, out_features=3072, bias=True)
        (fc2): Linear(in_features=3072, out_features=768, bias=True)
        (final_layer_norm): LayerNorm((768,), eps=1e-05, elementwise_affine=True)
      )
      (5): TransformerDecoderLayer(
        (dropout_module): FairseqDropout()
        (self_attn): MultiheadAttention(
          (dropout_module): FairseqDropout()
          (k_proj): Linear(in_features=768, out_features=768, bias=True)
          (v_proj): Linear(in_features=768, out_features=768, bias=True)
          (q_proj): Linear(in_features=768, out_features=768, bias=True)
          (out_proj): Linear(in_features=768, out_features=768, bias=True)
        )
        (activation_dropout_module): FairseqDropout()
        (self_attn_layer_norm): LayerNorm((768,), eps=1e-05, elementwise_affine=True)
        (encoder_attn): MultiheadAttention(
          (dropout_module): FairseqDropout()
          (k_proj): Linear(in_features=768, out_features=768, bias=True)
          (v_proj): Linear(in_features=768, out_features=768, bias=True)
          (q_proj): Linear(in_features=768, out_features=768, bias=True)
          (out_proj): Linear(in_features=768, out_features=768, bias=True)
        )
        (encoder_attn_layer_norm): LayerNorm((768,), eps=1e-05, elementwise_affine=True)
        (fc1): Linear(in_features=768, out_features=3072, bias=True)
        (fc2): Linear(in_features=3072, out_features=768, bias=True)
        (final_layer_norm): LayerNorm((768,), eps=1e-05, elementwise_affine=True)
      )
    )
    (adaptive_block): AdaptiveBlock(
      (fc_unit): Linear(in_features=768, out_features=768, bias=False)
      (fc_unit2): Linear(in_features=768, out_features=768, bias=False)
      (fc_zero): Linear(in_features=768, out_features=768, bias=False)
      (fc_zero2): Linear(in_features=768, out_features=768, bias=False)
    )
    (output_projection): Linear(in_features=768, out_features=50005, bias=False)
  )
  (classification_heads): ModuleDict()
)
2022-08-28 11:32:24 | INFO | fairseq_cli.train | task: translation_from_pretrained_bart (TranslationFromPretrainedBARTTask)
2022-08-28 11:32:24 | INFO | fairseq_cli.train | model: mbart_base (BARTModel)
2022-08-28 11:32:24 | INFO | fairseq_cli.train | criterion: label_smoothed_cross_entropy (LabelSmoothedCrossEntropyCriterion)
2022-08-28 11:32:24 | INFO | fairseq_cli.train | num. model params: 141580032 (num. trained: 2359296)
2022-08-28 11:32:24 | INFO | fairseq.trainer | detected shared parameter: encoder.embed_tokens.weight <- decoder.embed_tokens.weight
2022-08-28 11:32:24 | INFO | fairseq.trainer | detected shared parameter: encoder.embed_tokens.weight <- decoder.output_projection.weight
2022-08-28 11:32:24 | INFO | fairseq.trainer | detected shared parameter: decoder.adaptive_block.fc_unit.bias <- decoder.adaptive_block.fc_unit2.bias
2022-08-28 11:32:24 | INFO | fairseq.trainer | detected shared parameter: decoder.adaptive_block.fc_unit.bias <- decoder.adaptive_block.fc_zero.bias
2022-08-28 11:32:24 | INFO | fairseq.trainer | detected shared parameter: decoder.adaptive_block.fc_unit.bias <- decoder.adaptive_block.fc_zero2.bias
2022-08-28 11:32:24 | INFO | fairseq.trainer | detected shared parameter: decoder.adaptive_block.fc_unit.bias <- decoder.output_projection.bias
2022-08-28 11:32:24 | INFO | fairseq.utils | ***********************CUDA enviroments for all 1 workers***********************
2022-08-28 11:32:24 | INFO | fairseq.utils | rank   0: capabilities =  7.0  ; total memory = 31.749 GB ; name = Tesla V100-SXM2-32GB                    
2022-08-28 11:32:24 | INFO | fairseq.utils | ***********************CUDA enviroments for all 1 workers***********************
2022-08-28 11:32:24 | INFO | fairseq_cli.train | training on 1 devices (GPUs/TPUs)
2022-08-28 11:32:24 | INFO | fairseq_cli.train | max tokens per GPU = None and max sentences per GPU = 16
-----------------knn load part of model-----------------
2022-08-28 11:32:35 | INFO | fairseq.trainer | loaded checkpoint /home/cluster/jgu/scratch/ssr/cli/out/mix/full_base_java_en_XX/checkpoint_best.pt (epoch 37 @ 0 updates)
2022-08-28 11:32:35 | INFO | fairseq.trainer | NOTE: your device may support faster training with --fp16
2022-08-28 11:32:35 | INFO | fairseq.trainer | loading train data for epoch 1
2022-08-28 11:32:36 | INFO | fairseq.data.data_utils | loaded 69708 examples from: /home/cluster/jgu/scratch/ssr/cli/out/mix/java/data-bin/train.java-en_XX.java
2022-08-28 11:32:36 | INFO | fairseq.data.data_utils | loaded 69708 examples from: /home/cluster/jgu/scratch/ssr/cli/out/mix/java/data-bin/train.java-en_XX.en_XX
2022-08-28 11:32:36 | INFO | fairseq.tasks.translation | /home/cluster/jgu/scratch/ssr/cli/out/mix/java/data-bin train java-en_XX 69708 examples
2022-08-28 11:32:36 | INFO | fairseq.trainer | begin training epoch 1
2022-08-28 11:32:50 | INFO | train_inner | {"epoch": 1, "update": 0.023, "loss": "2.465", "nll_loss": "0.505", "ppl": "1.42", "wps": "2287.1", "ups": "7.18", "wpb": "317.4", "bsz": "16", "num_updates": "100", "lr": "5e-06", "gnorm": "0.457", "train_wall": "14", "wall": "27"}
2022-08-28 11:33:06 | INFO | train_inner | {"epoch": 1, "update": 0.046, "loss": "2.458", "nll_loss": "0.509", "ppl": "1.42", "wps": "2344.6", "ups": "6.58", "wpb": "356.2", "bsz": "16", "num_updates": "200", "lr": "1e-05", "gnorm": "0.463", "train_wall": "15", "wall": "42"}
2022-08-28 11:33:19 | INFO | train_inner | {"epoch": 1, "update": 0.069, "loss": "2.418", "nll_loss": "0.473", "ppl": "1.39", "wps": "2487.8", "ups": "7.68", "wpb": "323.9", "bsz": "16", "num_updates": "300", "lr": "1.5e-05", "gnorm": "0.445", "train_wall": "13", "wall": "55"}
2022-08-28 11:33:33 | INFO | train_inner | {"epoch": 1, "update": 0.092, "loss": "2.413", "nll_loss": "0.473", "ppl": "1.39", "wps": "2247.7", "ups": "6.91", "wpb": "325.4", "bsz": "16", "num_updates": "400", "lr": "2e-05", "gnorm": "0.437", "train_wall": "14", "wall": "69"}
2022-08-28 11:33:49 | INFO | train_inner | {"epoch": 1, "update": 0.115, "loss": "2.507", "nll_loss": "0.582", "ppl": "1.5", "wps": "2342.7", "ups": "6.42", "wpb": "365.2", "bsz": "16", "num_updates": "500", "lr": "2.5e-05", "gnorm": "0.446", "train_wall": "15", "wall": "85"}
2022-08-28 11:34:02 | INFO | train_inner | {"epoch": 1, "update": 0.138, "loss": "2.434", "nll_loss": "0.497", "ppl": "1.41", "wps": "2420.9", "ups": "7.66", "wpb": "316", "bsz": "16", "num_updates": "600", "lr": "3e-05", "gnorm": "0.444", "train_wall": "13", "wall": "98"}
2022-08-28 11:34:16 | INFO | train_inner | {"epoch": 1, "update": 0.161, "loss": "2.39", "nll_loss": "0.449", "ppl": "1.37", "wps": "2267.8", "ups": "7.21", "wpb": "314.6", "bsz": "16", "num_updates": "700", "lr": "3.5e-05", "gnorm": "0.445", "train_wall": "14", "wall": "112"}
2022-08-28 11:34:28 | INFO | train_inner | {"epoch": 1, "update": 0.184, "loss": "2.405", "nll_loss": "0.471", "ppl": "1.39", "wps": "2425.2", "ups": "7.82", "wpb": "310.1", "bsz": "16", "num_updates": "800", "lr": "4e-05", "gnorm": "0.435", "train_wall": "13", "wall": "125"}
2022-08-28 11:34:41 | INFO | train_inner | {"epoch": 1, "update": 0.207, "loss": "2.432", "nll_loss": "0.503", "ppl": "1.42", "wps": "2701.1", "ups": "8.25", "wpb": "327.3", "bsz": "16", "num_updates": "900", "lr": "4.5e-05", "gnorm": "0.447", "train_wall": "12", "wall": "137"}
2022-08-28 11:34:55 | INFO | train_inner | {"epoch": 1, "update": 0.23, "loss": "2.444", "nll_loss": "0.516", "ppl": "1.43", "wps": "2232.9", "ups": "6.99", "wpb": "319.2", "bsz": "16", "num_updates": "1000", "lr": "5e-05", "gnorm": "0.427", "train_wall": "14", "wall": "151"}
2022-08-28 11:35:08 | INFO | train_inner | {"epoch": 1, "update": 0.252, "loss": "2.4", "nll_loss": "0.463", "ppl": "1.38", "wps": "2267.1", "ups": "7.47", "wpb": "303.5", "bsz": "16", "num_updates": "1100", "lr": "4.9995e-05", "gnorm": "0.44", "train_wall": "13", "wall": "164"}
2022-08-28 11:35:23 | INFO | train_inner | {"epoch": 1, "update": 0.275, "loss": "2.426", "nll_loss": "0.503", "ppl": "1.42", "wps": "2194.6", "ups": "6.83", "wpb": "321.4", "bsz": "16", "num_updates": "1200", "lr": "4.999e-05", "gnorm": "0.432", "train_wall": "15", "wall": "179"}
2022-08-28 11:35:37 | INFO | train_inner | {"epoch": 1, "update": 0.298, "loss": "2.409", "nll_loss": "0.477", "ppl": "1.39", "wps": "2267.6", "ups": "7.08", "wpb": "320.5", "bsz": "16", "num_updates": "1300", "lr": "4.9985e-05", "gnorm": "0.43", "train_wall": "14", "wall": "193"}
2022-08-28 11:35:50 | INFO | train_inner | {"epoch": 1, "update": 0.321, "loss": "2.384", "nll_loss": "0.451", "ppl": "1.37", "wps": "2352.6", "ups": "7.66", "wpb": "307.1", "bsz": "16", "num_updates": "1400", "lr": "4.998e-05", "gnorm": "0.415", "train_wall": "13", "wall": "206"}
2022-08-28 11:36:05 | INFO | train_inner | {"epoch": 1, "update": 0.344, "loss": "2.417", "nll_loss": "0.49", "ppl": "1.4", "wps": "2287.7", "ups": "6.72", "wpb": "340.7", "bsz": "16", "num_updates": "1500", "lr": "4.9975e-05", "gnorm": "0.418", "train_wall": "15", "wall": "221"}
2022-08-28 11:36:19 | INFO | train_inner | {"epoch": 1, "update": 0.367, "loss": "2.414", "nll_loss": "0.481", "ppl": "1.4", "wps": "2330.7", "ups": "6.91", "wpb": "337.1", "bsz": "16", "num_updates": "1600", "lr": "4.997e-05", "gnorm": "0.411", "train_wall": "14", "wall": "236"}
2022-08-28 11:36:32 | INFO | train_inner | {"epoch": 1, "update": 0.39, "loss": "2.42", "nll_loss": "0.493", "ppl": "1.41", "wps": "2440.5", "ups": "7.81", "wpb": "312.5", "bsz": "16", "num_updates": "1700", "lr": "4.9965e-05", "gnorm": "0.398", "train_wall": "13", "wall": "248"}
2022-08-28 11:36:46 | INFO | train_inner | {"epoch": 1, "update": 0.413, "loss": "2.413", "nll_loss": "0.487", "ppl": "1.4", "wps": "2451.9", "ups": "7.35", "wpb": "333.6", "bsz": "16", "num_updates": "1800", "lr": "4.996e-05", "gnorm": "0.4", "train_wall": "13", "wall": "262"}
2022-08-28 11:36:59 | INFO | train_inner | {"epoch": 1, "update": 0.436, "loss": "2.43", "nll_loss": "0.508", "ppl": "1.42", "wps": "2392", "ups": "7.46", "wpb": "320.6", "bsz": "16", "num_updates": "1900", "lr": "4.9955e-05", "gnorm": "0.409", "train_wall": "13", "wall": "275"}
2022-08-28 11:37:13 | INFO | train_inner | {"epoch": 1, "update": 0.459, "loss": "2.409", "nll_loss": "0.481", "ppl": "1.4", "wps": "2317.2", "ups": "7.31", "wpb": "317", "bsz": "16", "num_updates": "2000", "lr": "4.99499e-05", "gnorm": "0.415", "train_wall": "14", "wall": "289"}
2022-08-28 11:37:28 | INFO | train_inner | {"epoch": 1, "update": 0.482, "loss": "2.424", "nll_loss": "0.496", "ppl": "1.41", "wps": "2254.1", "ups": "6.54", "wpb": "344.8", "bsz": "16", "num_updates": "2100", "lr": "4.99449e-05", "gnorm": "0.417", "train_wall": "15", "wall": "304"}
2022-08-28 11:37:42 | INFO | train_inner | {"epoch": 1, "update": 0.505, "loss": "2.436", "nll_loss": "0.509", "ppl": "1.42", "wps": "2504.9", "ups": "7.32", "wpb": "342.1", "bsz": "16", "num_updates": "2200", "lr": "4.99399e-05", "gnorm": "0.416", "train_wall": "14", "wall": "318"}
2022-08-28 11:37:52 | INFO | train_inner | {"epoch": 1, "update": 0.528, "loss": "2.403", "nll_loss": "0.474", "ppl": "1.39", "wps": "3124.8", "ups": "9.55", "wpb": "327.2", "bsz": "16", "num_updates": "2300", "lr": "4.99349e-05", "gnorm": "0.416", "train_wall": "10", "wall": "329"}
2022-08-28 11:38:01 | INFO | train_inner | {"epoch": 1, "update": 0.551, "loss": "2.375", "nll_loss": "0.447", "ppl": "1.36", "wps": "3653.8", "ups": "12.23", "wpb": "298.7", "bsz": "16", "num_updates": "2400", "lr": "4.99299e-05", "gnorm": "0.397", "train_wall": "8", "wall": "337"}
2022-08-28 11:38:12 | INFO | train_inner | {"epoch": 1, "update": 0.574, "loss": "2.419", "nll_loss": "0.494", "ppl": "1.41", "wps": "2917.1", "ups": "8.65", "wpb": "337.4", "bsz": "16", "num_updates": "2500", "lr": "4.99249e-05", "gnorm": "0.407", "train_wall": "11", "wall": "348"}
2022-08-28 11:38:23 | INFO | train_inner | {"epoch": 1, "update": 0.597, "loss": "2.396", "nll_loss": "0.468", "ppl": "1.38", "wps": "3030.7", "ups": "9.4", "wpb": "322.6", "bsz": "16", "num_updates": "2600", "lr": "4.99199e-05", "gnorm": "0.417", "train_wall": "11", "wall": "359"}
2022-08-28 11:38:33 | INFO | train_inner | {"epoch": 1, "update": 0.62, "loss": "2.369", "nll_loss": "0.439", "ppl": "1.36", "wps": "3218.2", "ups": "9.95", "wpb": "323.4", "bsz": "16", "num_updates": "2700", "lr": "4.99149e-05", "gnorm": "0.393", "train_wall": "10", "wall": "369"}
2022-08-28 11:38:44 | INFO | train_inner | {"epoch": 1, "update": 0.643, "loss": "2.397", "nll_loss": "0.468", "ppl": "1.38", "wps": "3014.9", "ups": "9.15", "wpb": "329.4", "bsz": "16", "num_updates": "2800", "lr": "4.99099e-05", "gnorm": "0.391", "train_wall": "11", "wall": "380"}
2022-08-28 11:38:54 | INFO | train_inner | {"epoch": 1, "update": 0.666, "loss": "2.392", "nll_loss": "0.467", "ppl": "1.38", "wps": "3286.3", "ups": "9.39", "wpb": "349.9", "bsz": "16", "num_updates": "2900", "lr": "4.99049e-05", "gnorm": "0.406", "train_wall": "11", "wall": "391"}
2022-08-28 11:39:05 | INFO | train_inner | {"epoch": 1, "update": 0.689, "loss": "2.428", "nll_loss": "0.505", "ppl": "1.42", "wps": "2939.3", "ups": "9.2", "wpb": "319.5", "bsz": "16", "num_updates": "3000", "lr": "4.98999e-05", "gnorm": "0.407", "train_wall": "11", "wall": "401"}
2022-08-28 11:39:17 | INFO | train_inner | {"epoch": 1, "update": 0.711, "loss": "2.394", "nll_loss": "0.466", "ppl": "1.38", "wps": "2868.4", "ups": "8.33", "wpb": "344.3", "bsz": "16", "num_updates": "3100", "lr": "4.98949e-05", "gnorm": "0.383", "train_wall": "12", "wall": "413"}
2022-08-28 11:39:28 | INFO | train_inner | {"epoch": 1, "update": 0.734, "loss": "2.393", "nll_loss": "0.469", "ppl": "1.38", "wps": "2732.3", "ups": "9.01", "wpb": "303.3", "bsz": "16", "num_updates": "3200", "lr": "4.98899e-05", "gnorm": "0.402", "train_wall": "11", "wall": "425"}
2022-08-28 11:39:40 | INFO | train_inner | {"epoch": 1, "update": 0.757, "loss": "2.433", "nll_loss": "0.51", "ppl": "1.42", "wps": "2924.8", "ups": "8.49", "wpb": "344.7", "bsz": "16", "num_updates": "3300", "lr": "4.98849e-05", "gnorm": "0.396", "train_wall": "12", "wall": "436"}
2022-08-28 11:39:51 | INFO | train_inner | {"epoch": 1, "update": 0.78, "loss": "2.368", "nll_loss": "0.438", "ppl": "1.36", "wps": "2758.1", "ups": "9.34", "wpb": "295.4", "bsz": "16", "num_updates": "3400", "lr": "4.98799e-05", "gnorm": "0.387", "train_wall": "11", "wall": "447"}
2022-08-28 11:40:03 | INFO | train_inner | {"epoch": 1, "update": 0.803, "loss": "2.405", "nll_loss": "0.477", "ppl": "1.39", "wps": "2608.1", "ups": "7.94", "wpb": "328.4", "bsz": "16", "num_updates": "3500", "lr": "4.98749e-05", "gnorm": "0.399", "train_wall": "12", "wall": "460"}
2022-08-28 11:40:14 | INFO | train_inner | {"epoch": 1, "update": 0.826, "loss": "2.395", "nll_loss": "0.47", "ppl": "1.39", "wps": "3038.8", "ups": "9.81", "wpb": "309.9", "bsz": "16", "num_updates": "3600", "lr": "4.98699e-05", "gnorm": "0.405", "train_wall": "10", "wall": "470"}
2022-08-28 11:40:24 | INFO | train_inner | {"epoch": 1, "update": 0.849, "loss": "2.383", "nll_loss": "0.456", "ppl": "1.37", "wps": "3050", "ups": "9.25", "wpb": "329.7", "bsz": "16", "num_updates": "3700", "lr": "4.98649e-05", "gnorm": "0.385", "train_wall": "11", "wall": "481"}
2022-08-28 11:40:34 | INFO | train_inner | {"epoch": 1, "update": 0.872, "loss": "2.422", "nll_loss": "0.499", "ppl": "1.41", "wps": "3165.7", "ups": "10.49", "wpb": "301.7", "bsz": "16", "num_updates": "3800", "lr": "4.98599e-05", "gnorm": "0.409", "train_wall": "9", "wall": "490"}
2022-08-28 11:40:46 | INFO | train_inner | {"epoch": 1, "update": 0.895, "loss": "2.431", "nll_loss": "0.51", "ppl": "1.42", "wps": "2840.6", "ups": "8.35", "wpb": "340.4", "bsz": "16", "num_updates": "3900", "lr": "4.98549e-05", "gnorm": "0.379", "train_wall": "12", "wall": "502"}
2022-08-28 11:40:58 | INFO | train_inner | {"epoch": 1, "update": 0.918, "loss": "2.389", "nll_loss": "0.462", "ppl": "1.38", "wps": "2622.6", "ups": "8.03", "wpb": "326.7", "bsz": "16", "num_updates": "4000", "lr": "4.98498e-05", "gnorm": "0.397", "train_wall": "12", "wall": "515"}
2022-08-28 11:41:11 | INFO | train_inner | {"epoch": 1, "update": 0.941, "loss": "2.427", "nll_loss": "0.502", "ppl": "1.42", "wps": "2678.1", "ups": "7.69", "wpb": "348.1", "bsz": "16", "num_updates": "4100", "lr": "4.98448e-05", "gnorm": "0.388", "train_wall": "13", "wall": "528"}
2022-08-28 11:41:23 | INFO | train_inner | {"epoch": 1, "update": 0.964, "loss": "2.407", "nll_loss": "0.479", "ppl": "1.39", "wps": "2664.2", "ups": "8.33", "wpb": "319.8", "bsz": "16", "num_updates": "4200", "lr": "4.98398e-05", "gnorm": "0.389", "train_wall": "12", "wall": "540"}
2022-08-28 11:41:36 | INFO | train_inner | {"epoch": 1, "update": 0.987, "loss": "2.482", "nll_loss": "0.566", "ppl": "1.48", "wps": "2725.2", "ups": "7.69", "wpb": "354.4", "bsz": "16", "num_updates": "4300", "lr": "4.98348e-05", "gnorm": "0.412", "train_wall": "13", "wall": "553"}
2022-08-28 11:41:43 | INFO | fairseq_cli.train | begin validation on "valid" subset
/net/cephfs/scratch/jgu/ssr/fairseq/utils.py:342: UserWarning: amp_C fused kernels unavailable, disabling multi_tensor_l2norm; you may get better performance by installing NVIDIA's apex library
  "amp_C fused kernels unavailable, disabling multi_tensor_l2norm; "
2022-08-28 11:49:15 | INFO | valid | {"epoch": 1, "valid_loss": "5.502", "valid_nll_loss": "3.938", "valid_ppl": "15.33", "valid_bleu": "39.66", "valid_wps": "394.3", "valid_wpb": "327", "valid_bsz": "16", "valid_num_updates": "4357"}
2022-08-28 11:49:15 | INFO | fairseq_cli.train | begin save checkpoint
2022-08-28 11:49:18 | INFO | fairseq.checkpoint_utils | saved checkpoint /home/cluster/jgu/scratch/ssr/cli/out/mix/full_ada_java_en_XX/checkpoint_best.pt (epoch 1 @ 4357 updates, score 39.66) (writing took 2.9420971907675266 seconds)
2022-08-28 11:49:18 | INFO | fairseq_cli.train | end of epoch 1 (average epoch stats below)
2022-08-28 11:49:18 | INFO | train | {"epoch": 1, "train_loss": "2.416", "train_nll_loss": "0.486", "train_ppl": "1.4", "train_wps": "1420.3", "train_ups": "4.35", "train_wpb": "326.6", "train_bsz": "16", "train_num_updates": "4357", "train_lr": "4.9832e-05", "train_gnorm": "0.414", "train_train_wall": "541", "train_wall": "1015"}
2022-08-28 11:49:18 | INFO | fairseq_cli.train | done training in 1002.6 seconds
/net/cephfs/scratch/jgu/ssr/fairseq/search.py:140: UserWarning: __floordiv__ is deprecated, and its behavior will change in a future version of pytorch. It currently rounds toward 0 (like the 'trunc' function NOT 'floor'). This results in incorrect rounding for negative values. To keep the current behavior, use torch.div(a, b, rounding_mode='trunc'), or for actual floor division, use torch.div(a, b, rounding_mode='floor').
  beams_buf = indices_buf // vocab_size
/net/cephfs/scratch/jgu/ssr/fairseq/sequence_generator.py:651: UserWarning: __floordiv__ is deprecated, and its behavior will change in a future version of pytorch. It currently rounds toward 0 (like the 'trunc' function NOT 'floor'). This results in incorrect rounding for negative values. To keep the current behavior, use torch.div(a, b, rounding_mode='trunc'), or for actual floor division, use torch.div(a, b, rounding_mode='floor').
  unfin_idx = idx // beam_size
@ Completed
@ Stage 5
/net/cephfs/scratch/jgu/ssr/fairseq/search.py:140: UserWarning: __floordiv__ is deprecated, and its behavior will change in a future version of pytorch. It currently rounds toward 0 (like the 'trunc' function NOT 'floor'). This results in incorrect rounding for negative values. To keep the current behavior, use torch.div(a, b, rounding_mode='trunc'), or for actual floor division, use torch.div(a, b, rounding_mode='floor').
  beams_buf = indices_buf // vocab_size
/net/cephfs/scratch/jgu/ssr/fairseq/sequence_generator.py:651: UserWarning: __floordiv__ is deprecated, and its behavior will change in a future version of pytorch. It currently rounds toward 0 (like the 'trunc' function NOT 'floor'). This results in incorrect rounding for negative values. To keep the current behavior, use torch.div(a, b, rounding_mode='trunc'), or for actual floor division, use torch.div(a, b, rounding_mode='floor').
  unfin_idx = idx // beam_size
WARNING (theano.tensor.blas): We did not find a dynamic library in the library_dir of the library we use for blas. If you use ATLAS, make sure to compile it with dynamics library.
c_bleu = 42.42 | s_bleu = 48.73 | meteor = 30.67 | rouge = 58.87
rouge_coco = 59.87
@ Completed
