@ Stage 4
2022-08-28 12:16:20 | INFO | fairseq_cli.train | Namespace(activation_fn='gelu', adam_betas='(0.9, 0.98)', adam_eps=1e-06, adaptive_softmax_cutoff=None, adaptive_softmax_dropout=0, all_gather_list_size=16384, arch='mbart_base', attention_dropout=0.0, batch_size=16, batch_size_valid=16, best_checkpoint_metric='bleu', bf16=False, bpe='sentencepiece', broadcast_buffers=False, bucket_cap_mb=25, checkpoint_shard_count=1, checkpoint_suffix='', clip_norm=0.0, cpu=False, criterion='label_smoothed_cross_entropy', cross_self_attention=False, curriculum=0, data='/home/cluster/jgu/scratch/ssr/cli/out/mix/java/data-bin', data_buffer_size=10, dataset_impl=None, ddp_backend='no_c10d', decoder_attention_heads=12, decoder_embed_dim=768, decoder_embed_path=None, decoder_ffn_embed_dim=3072, decoder_input_dim=768, decoder_layerdrop=0, decoder_layers=6, decoder_layers_to_keep=None, decoder_learned_pos=True, decoder_normalize_before=False, decoder_output_dim=768, device_id=0, disable_validation=False, distributed_backend='nccl', distributed_init_method=None, distributed_no_spawn=False, distributed_num_procs=1, distributed_port=-1, distributed_rank=0, distributed_world_size=1, distributed_wrapper='DDP', dropout=0.1, dstore_filename='/home/cluster/jgu/scratch/ssr/cli/out/mix/java/full_datastore', dstore_fp16=True, dstore_size=1283405, empty_cache_freq=0, encoder_attention_heads=12, encoder_embed_dim=768, encoder_embed_path=None, encoder_ffn_embed_dim=3072, encoder_layerdrop=0, encoder_layers=6, encoder_layers_to_keep=None, encoder_learned_pos=True, encoder_normalize_before=False, end_learning_rate=0.0, eval_bleu=True, eval_bleu_args='{"beam": 6}', eval_bleu_detok='space', eval_bleu_detok_args=None, eval_bleu_print_samples=False, eval_bleu_remove_bpe='sentencepiece', eval_tokenized_bleu=True, fast_stat_sync=False, find_unused_parameters=False, finetune_from_model=None, fix_batches_to_gpus=False, fixed_validation_seed=None, force_anneal=None, fp16=False, fp16_init_scale=128, fp16_no_flatten_grads=False, fp16_scale_tolerance=0.0, fp16_scale_window=None, gen_subset='test', ignore_prefix_size=0, k=2, keep_best_checkpoints=-1, keep_interval_updates=-1, keep_last_epochs=-1, knn_lambda=0.8, knn_sim_metric='IP', knn_temperature=10.0, label_smoothing=0.1, langs='java,python,en_XX', layernorm_embedding=True, left_pad_source='True', left_pad_target='False', load_alignments=False, localsgd_frequency=3, log_format='json', log_interval=100, lr=[5e-05], lr_scheduler='polynomial_decay', max_epoch=1, max_source_positions=1024, max_target_positions=1024, max_tokens=None, max_tokens_valid=None, max_update=0, maximize_best_checkpoint_metric=True, memory_efficient_bf16=False, memory_efficient_fp16=False, min_loss_scale=0.0001, min_lr=-1.0, model_parallel_size=1, move_dstore_to_mem=True, no_cross_attention=False, no_epoch_checkpoints=True, no_last_checkpoints=False, no_progress_bar=False, no_save=False, no_save_optimizer_state=False, no_scale_embedding=False, no_seed_provided=False, no_token_positional_embeddings=False, nprocs_per_node=1, num_batch_buckets=0, num_shards=1, num_workers=1, only_train_final_output=False, optimizer='adam', optimizer_overrides='{}', partially_finetune=True, patience=5, pipeline_balance=None, pipeline_checkpoint='never', pipeline_chunks=0, pipeline_decoder_balance=None, pipeline_decoder_devices=None, pipeline_devices=None, pipeline_encoder_balance=None, pipeline_encoder_devices=None, pipeline_model_parallel=False, pooler_activation_fn='tanh', pooler_dropout=0.0, power=1.0, prepend_bos=False, probe=32, profile=False, quant_noise_pq=0, quant_noise_pq_block_size=8, quant_noise_scalar=0, quantization_config_path=None, relu_dropout=0.0, report_accuracy=False, required_batch_size_multiple=8, required_seq_len_multiple=1, reset_dataloader=True, reset_lr_scheduler=True, reset_meters=True, reset_optimizer=True, restore_file='/home/cluster/jgu/scratch/ssr/cli/out/mix/full_base_java_en_XX/checkpoint_best.pt', save_dir='/home/cluster/jgu/scratch/ssr/cli/out/mix/full_ada_java_en_XX', save_interval=1, save_interval_updates=0, scoring='bleu', seed=42, sentence_avg=False, sentencepiece_model='/home/cluster/jgu/scratch/ssr/cli/sentencepiece/sentencepiece.bpe.model', shard_id=0, share_all_embeddings=True, share_decoder_input_output_embed=True, skip_invalid_size_inputs_valid_test=False, slowmo_algorithm='LocalSGD', slowmo_momentum=None, source_lang='java', stop_time_hours=0, target_lang='en_XX', task='translation_from_pretrained_bart', tensorboard_logdir=None, threshold_loss_scale=None, tokenizer=None, total_num_update=1000000, tpu=False, train_subset='train', truncate_source=False, update_freq=[1], upsample_primary=1, use_bmuf=False, use_gpu_to_search=True, use_knn_datastore=True, use_old_adam=False, user_dir='/home/cluster/jgu/scratch/ssr/cli', valid_subset='valid', validate_after_updates=0, validate_interval=1, validate_interval_updates=0, warmup_updates=1000, weight_decay=0.0, zero_sharding='none')
2022-08-28 12:16:20 | INFO | fairseq.tasks.translation | [java] dictionary: 50001 types
2022-08-28 12:16:20 | INFO | fairseq.tasks.translation | [en_XX] dictionary: 50001 types
2022-08-28 12:16:20 | INFO | fairseq.data.data_utils | loaded 8714 examples from: /home/cluster/jgu/scratch/ssr/cli/out/mix/java/data-bin/valid.java-en_XX.java
2022-08-28 12:16:20 | INFO | fairseq.data.data_utils | loaded 8714 examples from: /home/cluster/jgu/scratch/ssr/cli/out/mix/java/data-bin/valid.java-en_XX.en_XX
2022-08-28 12:16:20 | INFO | fairseq.tasks.translation | /home/cluster/jgu/scratch/ssr/cli/out/mix/java/data-bin valid java-en_XX 8714 examples
put index from cpu to gpu
Reading datastore took 2.018704414367676 s
the datastore is /home/cluster/jgu/scratch/ssr/cli/out/mix/java/full_datastore, size is 1283405, and dim is 768 
Loading to memory...
Loading to memory took 4.511624097824097 s
2022-08-28 12:16:30 | INFO | fairseq_cli.train | BARTModel(
  (encoder): TransformerEncoder(
    (dropout_module): FairseqDropout()
    (embed_tokens): Embedding(50005, 768, padding_idx=1)
    (embed_positions): LearnedPositionalEmbedding(1026, 768, padding_idx=1)
    (layernorm_embedding): LayerNorm((768,), eps=1e-05, elementwise_affine=True)
    (layers): ModuleList(
      (0): TransformerEncoderLayer(
        (self_attn): MultiheadAttention(
          (dropout_module): FairseqDropout()
          (k_proj): Linear(in_features=768, out_features=768, bias=True)
          (v_proj): Linear(in_features=768, out_features=768, bias=True)
          (q_proj): Linear(in_features=768, out_features=768, bias=True)
          (out_proj): Linear(in_features=768, out_features=768, bias=True)
        )
        (self_attn_layer_norm): LayerNorm((768,), eps=1e-05, elementwise_affine=True)
        (dropout_module): FairseqDropout()
        (activation_dropout_module): FairseqDropout()
        (fc1): Linear(in_features=768, out_features=3072, bias=True)
        (fc2): Linear(in_features=3072, out_features=768, bias=True)
        (final_layer_norm): LayerNorm((768,), eps=1e-05, elementwise_affine=True)
      )
      (1): TransformerEncoderLayer(
        (self_attn): MultiheadAttention(
          (dropout_module): FairseqDropout()
          (k_proj): Linear(in_features=768, out_features=768, bias=True)
          (v_proj): Linear(in_features=768, out_features=768, bias=True)
          (q_proj): Linear(in_features=768, out_features=768, bias=True)
          (out_proj): Linear(in_features=768, out_features=768, bias=True)
        )
        (self_attn_layer_norm): LayerNorm((768,), eps=1e-05, elementwise_affine=True)
        (dropout_module): FairseqDropout()
        (activation_dropout_module): FairseqDropout()
        (fc1): Linear(in_features=768, out_features=3072, bias=True)
        (fc2): Linear(in_features=3072, out_features=768, bias=True)
        (final_layer_norm): LayerNorm((768,), eps=1e-05, elementwise_affine=True)
      )
      (2): TransformerEncoderLayer(
        (self_attn): MultiheadAttention(
          (dropout_module): FairseqDropout()
          (k_proj): Linear(in_features=768, out_features=768, bias=True)
          (v_proj): Linear(in_features=768, out_features=768, bias=True)
          (q_proj): Linear(in_features=768, out_features=768, bias=True)
          (out_proj): Linear(in_features=768, out_features=768, bias=True)
        )
        (self_attn_layer_norm): LayerNorm((768,), eps=1e-05, elementwise_affine=True)
        (dropout_module): FairseqDropout()
        (activation_dropout_module): FairseqDropout()
        (fc1): Linear(in_features=768, out_features=3072, bias=True)
        (fc2): Linear(in_features=3072, out_features=768, bias=True)
        (final_layer_norm): LayerNorm((768,), eps=1e-05, elementwise_affine=True)
      )
      (3): TransformerEncoderLayer(
        (self_attn): MultiheadAttention(
          (dropout_module): FairseqDropout()
          (k_proj): Linear(in_features=768, out_features=768, bias=True)
          (v_proj): Linear(in_features=768, out_features=768, bias=True)
          (q_proj): Linear(in_features=768, out_features=768, bias=True)
          (out_proj): Linear(in_features=768, out_features=768, bias=True)
        )
        (self_attn_layer_norm): LayerNorm((768,), eps=1e-05, elementwise_affine=True)
        (dropout_module): FairseqDropout()
        (activation_dropout_module): FairseqDropout()
        (fc1): Linear(in_features=768, out_features=3072, bias=True)
        (fc2): Linear(in_features=3072, out_features=768, bias=True)
        (final_layer_norm): LayerNorm((768,), eps=1e-05, elementwise_affine=True)
      )
      (4): TransformerEncoderLayer(
        (self_attn): MultiheadAttention(
          (dropout_module): FairseqDropout()
          (k_proj): Linear(in_features=768, out_features=768, bias=True)
          (v_proj): Linear(in_features=768, out_features=768, bias=True)
          (q_proj): Linear(in_features=768, out_features=768, bias=True)
          (out_proj): Linear(in_features=768, out_features=768, bias=True)
        )
        (self_attn_layer_norm): LayerNorm((768,), eps=1e-05, elementwise_affine=True)
        (dropout_module): FairseqDropout()
        (activation_dropout_module): FairseqDropout()
        (fc1): Linear(in_features=768, out_features=3072, bias=True)
        (fc2): Linear(in_features=3072, out_features=768, bias=True)
        (final_layer_norm): LayerNorm((768,), eps=1e-05, elementwise_affine=True)
      )
      (5): TransformerEncoderLayer(
        (self_attn): MultiheadAttention(
          (dropout_module): FairseqDropout()
          (k_proj): Linear(in_features=768, out_features=768, bias=True)
          (v_proj): Linear(in_features=768, out_features=768, bias=True)
          (q_proj): Linear(in_features=768, out_features=768, bias=True)
          (out_proj): Linear(in_features=768, out_features=768, bias=True)
        )
        (self_attn_layer_norm): LayerNorm((768,), eps=1e-05, elementwise_affine=True)
        (dropout_module): FairseqDropout()
        (activation_dropout_module): FairseqDropout()
        (fc1): Linear(in_features=768, out_features=3072, bias=True)
        (fc2): Linear(in_features=3072, out_features=768, bias=True)
        (final_layer_norm): LayerNorm((768,), eps=1e-05, elementwise_affine=True)
      )
    )
  )
  (decoder): TransformerDecoder(
    (dropout_module): FairseqDropout()
    (embed_tokens): Embedding(50005, 768, padding_idx=1)
    (embed_positions): LearnedPositionalEmbedding(1026, 768, padding_idx=1)
    (layernorm_embedding): LayerNorm((768,), eps=1e-05, elementwise_affine=True)
    (layers): ModuleList(
      (0): TransformerDecoderLayer(
        (dropout_module): FairseqDropout()
        (self_attn): MultiheadAttention(
          (dropout_module): FairseqDropout()
          (k_proj): Linear(in_features=768, out_features=768, bias=True)
          (v_proj): Linear(in_features=768, out_features=768, bias=True)
          (q_proj): Linear(in_features=768, out_features=768, bias=True)
          (out_proj): Linear(in_features=768, out_features=768, bias=True)
        )
        (activation_dropout_module): FairseqDropout()
        (self_attn_layer_norm): LayerNorm((768,), eps=1e-05, elementwise_affine=True)
        (encoder_attn): MultiheadAttention(
          (dropout_module): FairseqDropout()
          (k_proj): Linear(in_features=768, out_features=768, bias=True)
          (v_proj): Linear(in_features=768, out_features=768, bias=True)
          (q_proj): Linear(in_features=768, out_features=768, bias=True)
          (out_proj): Linear(in_features=768, out_features=768, bias=True)
        )
        (encoder_attn_layer_norm): LayerNorm((768,), eps=1e-05, elementwise_affine=True)
        (fc1): Linear(in_features=768, out_features=3072, bias=True)
        (fc2): Linear(in_features=3072, out_features=768, bias=True)
        (final_layer_norm): LayerNorm((768,), eps=1e-05, elementwise_affine=True)
      )
      (1): TransformerDecoderLayer(
        (dropout_module): FairseqDropout()
        (self_attn): MultiheadAttention(
          (dropout_module): FairseqDropout()
          (k_proj): Linear(in_features=768, out_features=768, bias=True)
          (v_proj): Linear(in_features=768, out_features=768, bias=True)
          (q_proj): Linear(in_features=768, out_features=768, bias=True)
          (out_proj): Linear(in_features=768, out_features=768, bias=True)
        )
        (activation_dropout_module): FairseqDropout()
        (self_attn_layer_norm): LayerNorm((768,), eps=1e-05, elementwise_affine=True)
        (encoder_attn): MultiheadAttention(
          (dropout_module): FairseqDropout()
          (k_proj): Linear(in_features=768, out_features=768, bias=True)
          (v_proj): Linear(in_features=768, out_features=768, bias=True)
          (q_proj): Linear(in_features=768, out_features=768, bias=True)
          (out_proj): Linear(in_features=768, out_features=768, bias=True)
        )
        (encoder_attn_layer_norm): LayerNorm((768,), eps=1e-05, elementwise_affine=True)
        (fc1): Linear(in_features=768, out_features=3072, bias=True)
        (fc2): Linear(in_features=3072, out_features=768, bias=True)
        (final_layer_norm): LayerNorm((768,), eps=1e-05, elementwise_affine=True)
      )
      (2): TransformerDecoderLayer(
        (dropout_module): FairseqDropout()
        (self_attn): MultiheadAttention(
          (dropout_module): FairseqDropout()
          (k_proj): Linear(in_features=768, out_features=768, bias=True)
          (v_proj): Linear(in_features=768, out_features=768, bias=True)
          (q_proj): Linear(in_features=768, out_features=768, bias=True)
          (out_proj): Linear(in_features=768, out_features=768, bias=True)
        )
        (activation_dropout_module): FairseqDropout()
        (self_attn_layer_norm): LayerNorm((768,), eps=1e-05, elementwise_affine=True)
        (encoder_attn): MultiheadAttention(
          (dropout_module): FairseqDropout()
          (k_proj): Linear(in_features=768, out_features=768, bias=True)
          (v_proj): Linear(in_features=768, out_features=768, bias=True)
          (q_proj): Linear(in_features=768, out_features=768, bias=True)
          (out_proj): Linear(in_features=768, out_features=768, bias=True)
        )
        (encoder_attn_layer_norm): LayerNorm((768,), eps=1e-05, elementwise_affine=True)
        (fc1): Linear(in_features=768, out_features=3072, bias=True)
        (fc2): Linear(in_features=3072, out_features=768, bias=True)
        (final_layer_norm): LayerNorm((768,), eps=1e-05, elementwise_affine=True)
      )
      (3): TransformerDecoderLayer(
        (dropout_module): FairseqDropout()
        (self_attn): MultiheadAttention(
          (dropout_module): FairseqDropout()
          (k_proj): Linear(in_features=768, out_features=768, bias=True)
          (v_proj): Linear(in_features=768, out_features=768, bias=True)
          (q_proj): Linear(in_features=768, out_features=768, bias=True)
          (out_proj): Linear(in_features=768, out_features=768, bias=True)
        )
        (activation_dropout_module): FairseqDropout()
        (self_attn_layer_norm): LayerNorm((768,), eps=1e-05, elementwise_affine=True)
        (encoder_attn): MultiheadAttention(
          (dropout_module): FairseqDropout()
          (k_proj): Linear(in_features=768, out_features=768, bias=True)
          (v_proj): Linear(in_features=768, out_features=768, bias=True)
          (q_proj): Linear(in_features=768, out_features=768, bias=True)
          (out_proj): Linear(in_features=768, out_features=768, bias=True)
        )
        (encoder_attn_layer_norm): LayerNorm((768,), eps=1e-05, elementwise_affine=True)
        (fc1): Linear(in_features=768, out_features=3072, bias=True)
        (fc2): Linear(in_features=3072, out_features=768, bias=True)
        (final_layer_norm): LayerNorm((768,), eps=1e-05, elementwise_affine=True)
      )
      (4): TransformerDecoderLayer(
        (dropout_module): FairseqDropout()
        (self_attn): MultiheadAttention(
          (dropout_module): FairseqDropout()
          (k_proj): Linear(in_features=768, out_features=768, bias=True)
          (v_proj): Linear(in_features=768, out_features=768, bias=True)
          (q_proj): Linear(in_features=768, out_features=768, bias=True)
          (out_proj): Linear(in_features=768, out_features=768, bias=True)
        )
        (activation_dropout_module): FairseqDropout()
        (self_attn_layer_norm): LayerNorm((768,), eps=1e-05, elementwise_affine=True)
        (encoder_attn): MultiheadAttention(
          (dropout_module): FairseqDropout()
          (k_proj): Linear(in_features=768, out_features=768, bias=True)
          (v_proj): Linear(in_features=768, out_features=768, bias=True)
          (q_proj): Linear(in_features=768, out_features=768, bias=True)
          (out_proj): Linear(in_features=768, out_features=768, bias=True)
        )
        (encoder_attn_layer_norm): LayerNorm((768,), eps=1e-05, elementwise_affine=True)
        (fc1): Linear(in_features=768, out_features=3072, bias=True)
        (fc2): Linear(in_features=3072, out_features=768, bias=True)
        (final_layer_norm): LayerNorm((768,), eps=1e-05, elementwise_affine=True)
      )
      (5): TransformerDecoderLayer(
        (dropout_module): FairseqDropout()
        (self_attn): MultiheadAttention(
          (dropout_module): FairseqDropout()
          (k_proj): Linear(in_features=768, out_features=768, bias=True)
          (v_proj): Linear(in_features=768, out_features=768, bias=True)
          (q_proj): Linear(in_features=768, out_features=768, bias=True)
          (out_proj): Linear(in_features=768, out_features=768, bias=True)
        )
        (activation_dropout_module): FairseqDropout()
        (self_attn_layer_norm): LayerNorm((768,), eps=1e-05, elementwise_affine=True)
        (encoder_attn): MultiheadAttention(
          (dropout_module): FairseqDropout()
          (k_proj): Linear(in_features=768, out_features=768, bias=True)
          (v_proj): Linear(in_features=768, out_features=768, bias=True)
          (q_proj): Linear(in_features=768, out_features=768, bias=True)
          (out_proj): Linear(in_features=768, out_features=768, bias=True)
        )
        (encoder_attn_layer_norm): LayerNorm((768,), eps=1e-05, elementwise_affine=True)
        (fc1): Linear(in_features=768, out_features=3072, bias=True)
        (fc2): Linear(in_features=3072, out_features=768, bias=True)
        (final_layer_norm): LayerNorm((768,), eps=1e-05, elementwise_affine=True)
      )
    )
    (adaptive_block): AdaptiveBlock(
      (fc_unit): Linear(in_features=768, out_features=768, bias=False)
      (fc_unit2): Linear(in_features=768, out_features=768, bias=False)
      (fc_zero): Linear(in_features=768, out_features=768, bias=False)
      (fc_zero2): Linear(in_features=768, out_features=768, bias=False)
    )
    (output_projection): Linear(in_features=768, out_features=50005, bias=False)
  )
  (classification_heads): ModuleDict()
)
2022-08-28 12:16:30 | INFO | fairseq_cli.train | task: translation_from_pretrained_bart (TranslationFromPretrainedBARTTask)
2022-08-28 12:16:30 | INFO | fairseq_cli.train | model: mbart_base (BARTModel)
2022-08-28 12:16:30 | INFO | fairseq_cli.train | criterion: label_smoothed_cross_entropy (LabelSmoothedCrossEntropyCriterion)
2022-08-28 12:16:30 | INFO | fairseq_cli.train | num. model params: 141580032 (num. trained: 2359296)
2022-08-28 12:16:30 | INFO | fairseq.trainer | detected shared parameter: encoder.embed_tokens.weight <- decoder.embed_tokens.weight
2022-08-28 12:16:30 | INFO | fairseq.trainer | detected shared parameter: encoder.embed_tokens.weight <- decoder.output_projection.weight
2022-08-28 12:16:30 | INFO | fairseq.trainer | detected shared parameter: decoder.adaptive_block.fc_unit.bias <- decoder.adaptive_block.fc_unit2.bias
2022-08-28 12:16:30 | INFO | fairseq.trainer | detected shared parameter: decoder.adaptive_block.fc_unit.bias <- decoder.adaptive_block.fc_zero.bias
2022-08-28 12:16:30 | INFO | fairseq.trainer | detected shared parameter: decoder.adaptive_block.fc_unit.bias <- decoder.adaptive_block.fc_zero2.bias
2022-08-28 12:16:30 | INFO | fairseq.trainer | detected shared parameter: decoder.adaptive_block.fc_unit.bias <- decoder.output_projection.bias
2022-08-28 12:16:30 | INFO | fairseq.utils | ***********************CUDA enviroments for all 1 workers***********************
2022-08-28 12:16:30 | INFO | fairseq.utils | rank   0: capabilities =  7.0  ; total memory = 31.749 GB ; name = Tesla V100-SXM2-32GB                    
2022-08-28 12:16:30 | INFO | fairseq.utils | ***********************CUDA enviroments for all 1 workers***********************
2022-08-28 12:16:30 | INFO | fairseq_cli.train | training on 1 devices (GPUs/TPUs)
2022-08-28 12:16:30 | INFO | fairseq_cli.train | max tokens per GPU = None and max sentences per GPU = 16
-----------------knn load part of model-----------------
2022-08-28 12:16:43 | INFO | fairseq.trainer | loaded checkpoint /home/cluster/jgu/scratch/ssr/cli/out/mix/full_base_java_en_XX/checkpoint_best.pt (epoch 37 @ 0 updates)
2022-08-28 12:16:43 | INFO | fairseq.trainer | NOTE: your device may support faster training with --fp16
2022-08-28 12:16:43 | INFO | fairseq.trainer | loading train data for epoch 1
2022-08-28 12:16:44 | INFO | fairseq.data.data_utils | loaded 69708 examples from: /home/cluster/jgu/scratch/ssr/cli/out/mix/java/data-bin/train.java-en_XX.java
2022-08-28 12:16:44 | INFO | fairseq.data.data_utils | loaded 69708 examples from: /home/cluster/jgu/scratch/ssr/cli/out/mix/java/data-bin/train.java-en_XX.en_XX
2022-08-28 12:16:44 | INFO | fairseq.tasks.translation | /home/cluster/jgu/scratch/ssr/cli/out/mix/java/data-bin train java-en_XX 69708 examples
2022-08-28 12:16:44 | INFO | fairseq.trainer | begin training epoch 1
2022-08-28 12:17:00 | INFO | train_inner | {"epoch": 1, "update": 0.023, "loss": "2.966", "nll_loss": "0.852", "ppl": "1.8", "wps": "2046.5", "ups": "6.42", "wpb": "317.4", "bsz": "16", "num_updates": "100", "lr": "5e-06", "gnorm": "0.551", "train_wall": "16", "wall": "30"}
2022-08-28 12:17:17 | INFO | train_inner | {"epoch": 1, "update": 0.046, "loss": "2.929", "nll_loss": "0.882", "ppl": "1.84", "wps": "2156.2", "ups": "6.05", "wpb": "356.2", "bsz": "16", "num_updates": "200", "lr": "1e-05", "gnorm": "0.464", "train_wall": "16", "wall": "47"}
2022-08-28 12:17:32 | INFO | train_inner | {"epoch": 1, "update": 0.069, "loss": "2.855", "nll_loss": "0.849", "ppl": "1.8", "wps": "2179.6", "ups": "6.73", "wpb": "323.9", "bsz": "16", "num_updates": "300", "lr": "1.5e-05", "gnorm": "0.442", "train_wall": "15", "wall": "62"}
2022-08-28 12:17:48 | INFO | train_inner | {"epoch": 1, "update": 0.092, "loss": "2.839", "nll_loss": "0.851", "ppl": "1.8", "wps": "1927.2", "ups": "5.92", "wpb": "325.4", "bsz": "16", "num_updates": "400", "lr": "2e-05", "gnorm": "0.441", "train_wall": "17", "wall": "78"}
2022-08-28 12:18:07 | INFO | train_inner | {"epoch": 1, "update": 0.115, "loss": "3.003", "nll_loss": "1.04", "ppl": "2.06", "wps": "2003.9", "ups": "5.49", "wpb": "365.2", "bsz": "16", "num_updates": "500", "lr": "2.5e-05", "gnorm": "0.448", "train_wall": "18", "wall": "97"}
2022-08-28 12:18:22 | INFO | train_inner | {"epoch": 1, "update": 0.138, "loss": "2.9", "nll_loss": "0.928", "ppl": "1.9", "wps": "2011", "ups": "6.36", "wpb": "316", "bsz": "16", "num_updates": "600", "lr": "3e-05", "gnorm": "0.446", "train_wall": "16", "wall": "112"}
2022-08-28 12:18:38 | INFO | train_inner | {"epoch": 1, "update": 0.161, "loss": "2.805", "nll_loss": "0.829", "ppl": "1.78", "wps": "2035.3", "ups": "6.47", "wpb": "314.6", "bsz": "16", "num_updates": "700", "lr": "3.5e-05", "gnorm": "0.461", "train_wall": "15", "wall": "128"}
2022-08-28 12:18:53 | INFO | train_inner | {"epoch": 1, "update": 0.184, "loss": "2.833", "nll_loss": "0.865", "ppl": "1.82", "wps": "2101.3", "ups": "6.78", "wpb": "310.1", "bsz": "16", "num_updates": "800", "lr": "4e-05", "gnorm": "0.451", "train_wall": "15", "wall": "143"}
2022-08-28 12:19:07 | INFO | train_inner | {"epoch": 1, "update": 0.207, "loss": "2.875", "nll_loss": "0.912", "ppl": "1.88", "wps": "2313.8", "ups": "7.07", "wpb": "327.3", "bsz": "16", "num_updates": "900", "lr": "4.5e-05", "gnorm": "0.457", "train_wall": "14", "wall": "157"}
2022-08-28 12:19:22 | INFO | train_inner | {"epoch": 1, "update": 0.23, "loss": "2.928", "nll_loss": "0.972", "ppl": "1.96", "wps": "2084.1", "ups": "6.53", "wpb": "319.2", "bsz": "16", "num_updates": "1000", "lr": "5e-05", "gnorm": "0.441", "train_wall": "15", "wall": "172"}
2022-08-28 12:19:38 | INFO | train_inner | {"epoch": 1, "update": 0.252, "loss": "2.859", "nll_loss": "0.892", "ppl": "1.86", "wps": "1938.3", "ups": "6.39", "wpb": "303.5", "bsz": "16", "num_updates": "1100", "lr": "4.9995e-05", "gnorm": "0.466", "train_wall": "16", "wall": "188"}
2022-08-28 12:19:54 | INFO | train_inner | {"epoch": 1, "update": 0.275, "loss": "2.864", "nll_loss": "0.914", "ppl": "1.88", "wps": "1948.3", "ups": "6.06", "wpb": "321.4", "bsz": "16", "num_updates": "1200", "lr": "4.999e-05", "gnorm": "0.444", "train_wall": "16", "wall": "204"}
2022-08-28 12:20:10 | INFO | train_inner | {"epoch": 1, "update": 0.298, "loss": "2.877", "nll_loss": "0.921", "ppl": "1.89", "wps": "2074.3", "ups": "6.47", "wpb": "320.5", "bsz": "16", "num_updates": "1300", "lr": "4.9985e-05", "gnorm": "0.444", "train_wall": "15", "wall": "220"}
2022-08-28 12:20:24 | INFO | train_inner | {"epoch": 1, "update": 0.321, "loss": "2.789", "nll_loss": "0.828", "ppl": "1.78", "wps": "2211.4", "ups": "7.2", "wpb": "307.1", "bsz": "16", "num_updates": "1400", "lr": "4.998e-05", "gnorm": "0.432", "train_wall": "14", "wall": "234"}
2022-08-28 12:20:39 | INFO | train_inner | {"epoch": 1, "update": 0.344, "loss": "2.863", "nll_loss": "0.911", "ppl": "1.88", "wps": "2175.2", "ups": "6.38", "wpb": "340.7", "bsz": "16", "num_updates": "1500", "lr": "4.9975e-05", "gnorm": "0.441", "train_wall": "16", "wall": "249"}
2022-08-28 12:20:55 | INFO | train_inner | {"epoch": 1, "update": 0.367, "loss": "2.865", "nll_loss": "0.906", "ppl": "1.87", "wps": "2136.1", "ups": "6.34", "wpb": "337.1", "bsz": "16", "num_updates": "1600", "lr": "4.997e-05", "gnorm": "0.432", "train_wall": "16", "wall": "265"}
2022-08-28 12:21:09 | INFO | train_inner | {"epoch": 1, "update": 0.39, "loss": "2.867", "nll_loss": "0.918", "ppl": "1.89", "wps": "2225.4", "ups": "7.12", "wpb": "312.5", "bsz": "16", "num_updates": "1700", "lr": "4.9965e-05", "gnorm": "0.414", "train_wall": "14", "wall": "279"}
2022-08-28 12:21:23 | INFO | train_inner | {"epoch": 1, "update": 0.413, "loss": "2.82", "nll_loss": "0.868", "ppl": "1.83", "wps": "2345.4", "ups": "7.03", "wpb": "333.6", "bsz": "16", "num_updates": "1800", "lr": "4.996e-05", "gnorm": "0.414", "train_wall": "14", "wall": "293"}
2022-08-28 12:21:38 | INFO | train_inner | {"epoch": 1, "update": 0.436, "loss": "2.884", "nll_loss": "0.94", "ppl": "1.92", "wps": "2139.1", "ups": "6.67", "wpb": "320.6", "bsz": "16", "num_updates": "1900", "lr": "4.9955e-05", "gnorm": "0.435", "train_wall": "15", "wall": "308"}
2022-08-28 12:21:54 | INFO | train_inner | {"epoch": 1, "update": 0.459, "loss": "2.87", "nll_loss": "0.919", "ppl": "1.89", "wps": "2033.5", "ups": "6.41", "wpb": "317", "bsz": "16", "num_updates": "2000", "lr": "4.99499e-05", "gnorm": "0.439", "train_wall": "15", "wall": "324"}
2022-08-28 12:22:11 | INFO | train_inner | {"epoch": 1, "update": 0.482, "loss": "2.89", "nll_loss": "0.94", "ppl": "1.92", "wps": "1995.9", "ups": "5.79", "wpb": "344.8", "bsz": "16", "num_updates": "2100", "lr": "4.99449e-05", "gnorm": "0.44", "train_wall": "17", "wall": "341"}
2022-08-28 12:22:29 | INFO | train_inner | {"epoch": 1, "update": 0.505, "loss": "2.925", "nll_loss": "0.976", "ppl": "1.97", "wps": "1886.8", "ups": "5.52", "wpb": "342.1", "bsz": "16", "num_updates": "2200", "lr": "4.99399e-05", "gnorm": "0.438", "train_wall": "18", "wall": "359"}
2022-08-28 12:22:44 | INFO | train_inner | {"epoch": 1, "update": 0.528, "loss": "2.845", "nll_loss": "0.894", "ppl": "1.86", "wps": "2221.3", "ups": "6.79", "wpb": "327.2", "bsz": "16", "num_updates": "2300", "lr": "4.99349e-05", "gnorm": "0.44", "train_wall": "15", "wall": "374"}
2022-08-28 12:22:56 | INFO | train_inner | {"epoch": 1, "update": 0.551, "loss": "2.776", "nll_loss": "0.828", "ppl": "1.77", "wps": "2527.1", "ups": "8.46", "wpb": "298.7", "bsz": "16", "num_updates": "2400", "lr": "4.99299e-05", "gnorm": "0.414", "train_wall": "12", "wall": "386"}
2022-08-28 12:23:12 | INFO | train_inner | {"epoch": 1, "update": 0.574, "loss": "2.873", "nll_loss": "0.927", "ppl": "1.9", "wps": "2112.8", "ups": "6.26", "wpb": "337.4", "bsz": "16", "num_updates": "2500", "lr": "4.99249e-05", "gnorm": "0.429", "train_wall": "16", "wall": "402"}
2022-08-28 12:23:27 | INFO | train_inner | {"epoch": 1, "update": 0.597, "loss": "2.822", "nll_loss": "0.874", "ppl": "1.83", "wps": "2086.3", "ups": "6.47", "wpb": "322.6", "bsz": "16", "num_updates": "2600", "lr": "4.99199e-05", "gnorm": "0.439", "train_wall": "15", "wall": "417"}
2022-08-28 12:23:42 | INFO | train_inner | {"epoch": 1, "update": 0.62, "loss": "2.777", "nll_loss": "0.827", "ppl": "1.77", "wps": "2182.6", "ups": "6.75", "wpb": "323.4", "bsz": "16", "num_updates": "2700", "lr": "4.99149e-05", "gnorm": "0.417", "train_wall": "15", "wall": "432"}
2022-08-28 12:23:57 | INFO | train_inner | {"epoch": 1, "update": 0.643, "loss": "2.828", "nll_loss": "0.877", "ppl": "1.84", "wps": "2142.6", "ups": "6.5", "wpb": "329.4", "bsz": "16", "num_updates": "2800", "lr": "4.99099e-05", "gnorm": "0.418", "train_wall": "15", "wall": "447"}
2022-08-28 12:24:13 | INFO | train_inner | {"epoch": 1, "update": 0.666, "loss": "2.798", "nll_loss": "0.854", "ppl": "1.81", "wps": "2199.3", "ups": "6.29", "wpb": "349.9", "bsz": "16", "num_updates": "2900", "lr": "4.99049e-05", "gnorm": "0.426", "train_wall": "16", "wall": "463"}
2022-08-28 12:24:28 | INFO | train_inner | {"epoch": 1, "update": 0.689, "loss": "2.881", "nll_loss": "0.942", "ppl": "1.92", "wps": "2199.8", "ups": "6.89", "wpb": "319.5", "bsz": "16", "num_updates": "3000", "lr": "4.98999e-05", "gnorm": "0.426", "train_wall": "14", "wall": "478"}
2022-08-28 12:24:44 | INFO | train_inner | {"epoch": 1, "update": 0.711, "loss": "2.826", "nll_loss": "0.88", "ppl": "1.84", "wps": "2089.9", "ups": "6.07", "wpb": "344.3", "bsz": "16", "num_updates": "3100", "lr": "4.98949e-05", "gnorm": "0.406", "train_wall": "16", "wall": "494"}
2022-08-28 12:24:59 | INFO | train_inner | {"epoch": 1, "update": 0.734, "loss": "2.831", "nll_loss": "0.886", "ppl": "1.85", "wps": "1997.9", "ups": "6.59", "wpb": "303.3", "bsz": "16", "num_updates": "3200", "lr": "4.98899e-05", "gnorm": "0.424", "train_wall": "15", "wall": "510"}
2022-08-28 12:25:15 | INFO | train_inner | {"epoch": 1, "update": 0.757, "loss": "2.913", "nll_loss": "0.971", "ppl": "1.96", "wps": "2265.9", "ups": "6.57", "wpb": "344.7", "bsz": "16", "num_updates": "3300", "lr": "4.98849e-05", "gnorm": "0.416", "train_wall": "15", "wall": "525"}
2022-08-28 12:25:29 | INFO | train_inner | {"epoch": 1, "update": 0.78, "loss": "2.772", "nll_loss": "0.822", "ppl": "1.77", "wps": "2126", "ups": "7.2", "wpb": "295.4", "bsz": "16", "num_updates": "3400", "lr": "4.98799e-05", "gnorm": "0.406", "train_wall": "14", "wall": "539"}
2022-08-28 12:25:44 | INFO | train_inner | {"epoch": 1, "update": 0.803, "loss": "2.864", "nll_loss": "0.918", "ppl": "1.89", "wps": "2110.6", "ups": "6.43", "wpb": "328.4", "bsz": "16", "num_updates": "3500", "lr": "4.98749e-05", "gnorm": "0.418", "train_wall": "15", "wall": "554"}
2022-08-28 12:25:57 | INFO | train_inner | {"epoch": 1, "update": 0.826, "loss": "2.858", "nll_loss": "0.914", "ppl": "1.88", "wps": "2355.7", "ups": "7.6", "wpb": "309.9", "bsz": "16", "num_updates": "3600", "lr": "4.98699e-05", "gnorm": "0.431", "train_wall": "13", "wall": "567"}
2022-08-28 12:26:11 | INFO | train_inner | {"epoch": 1, "update": 0.849, "loss": "2.826", "nll_loss": "0.883", "ppl": "1.84", "wps": "2434.6", "ups": "7.38", "wpb": "329.7", "bsz": "16", "num_updates": "3700", "lr": "4.98649e-05", "gnorm": "0.408", "train_wall": "13", "wall": "581"}
2022-08-28 12:26:23 | INFO | train_inner | {"epoch": 1, "update": 0.872, "loss": "2.877", "nll_loss": "0.936", "ppl": "1.91", "wps": "2513", "ups": "8.33", "wpb": "301.7", "bsz": "16", "num_updates": "3800", "lr": "4.98599e-05", "gnorm": "0.437", "train_wall": "12", "wall": "593"}
2022-08-28 12:26:37 | INFO | train_inner | {"epoch": 1, "update": 0.895, "loss": "2.891", "nll_loss": "0.95", "ppl": "1.93", "wps": "2454.5", "ups": "7.21", "wpb": "340.4", "bsz": "16", "num_updates": "3900", "lr": "4.98549e-05", "gnorm": "0.408", "train_wall": "14", "wall": "607"}
2022-08-28 12:26:51 | INFO | train_inner | {"epoch": 1, "update": 0.918, "loss": "2.82", "nll_loss": "0.874", "ppl": "1.83", "wps": "2298.3", "ups": "7.03", "wpb": "326.7", "bsz": "16", "num_updates": "4000", "lr": "4.98498e-05", "gnorm": "0.411", "train_wall": "14", "wall": "621"}
2022-08-28 12:27:06 | INFO | train_inner | {"epoch": 1, "update": 0.941, "loss": "2.91", "nll_loss": "0.97", "ppl": "1.96", "wps": "2371.4", "ups": "6.81", "wpb": "348.1", "bsz": "16", "num_updates": "4100", "lr": "4.98448e-05", "gnorm": "0.411", "train_wall": "15", "wall": "636"}
2022-08-28 12:27:20 | INFO | train_inner | {"epoch": 1, "update": 0.964, "loss": "2.878", "nll_loss": "0.932", "ppl": "1.91", "wps": "2261.4", "ups": "7.07", "wpb": "319.8", "bsz": "16", "num_updates": "4200", "lr": "4.98398e-05", "gnorm": "0.413", "train_wall": "14", "wall": "650"}
2022-08-28 12:27:35 | INFO | train_inner | {"epoch": 1, "update": 0.987, "loss": "3.01", "nll_loss": "1.076", "ppl": "2.11", "wps": "2361.6", "ups": "6.66", "wpb": "354.4", "bsz": "16", "num_updates": "4300", "lr": "4.98348e-05", "gnorm": "0.44", "train_wall": "15", "wall": "665"}
2022-08-28 12:27:43 | INFO | fairseq_cli.train | begin validation on "valid" subset
/net/cephfs/scratch/jgu/ssr/fairseq/utils.py:342: UserWarning: amp_C fused kernels unavailable, disabling multi_tensor_l2norm; you may get better performance by installing NVIDIA's apex library
  "amp_C fused kernels unavailable, disabling multi_tensor_l2norm; "
2022-08-28 12:36:17 | INFO | valid | {"epoch": 1, "valid_loss": "6.167", "valid_nll_loss": "4.605", "valid_ppl": "24.34", "valid_bleu": "30.11", "valid_wps": "347.3", "valid_wpb": "327", "valid_bsz": "16", "valid_num_updates": "4357"}
2022-08-28 12:36:17 | INFO | fairseq_cli.train | begin save checkpoint
2022-08-28 12:36:19 | INFO | fairseq.checkpoint_utils | saved checkpoint /home/cluster/jgu/scratch/ssr/cli/out/mix/full_ada_java_en_XX/checkpoint_best.pt (epoch 1 @ 4357 updates, score 30.11) (writing took 2.442145999521017 seconds)
2022-08-28 12:36:19 | INFO | fairseq_cli.train | end of epoch 1 (average epoch stats below)
2022-08-28 12:36:19 | INFO | train | {"epoch": 1, "train_loss": "2.865", "train_nll_loss": "0.907", "train_ppl": "1.87", "train_wps": "1211.5", "train_ups": "3.71", "train_wpb": "326.6", "train_bsz": "16", "train_num_updates": "4357", "train_lr": "4.9832e-05", "train_gnorm": "0.434", "train_train_wall": "653", "train_wall": "1189"}
2022-08-28 12:36:19 | INFO | fairseq_cli.train | done training in 1175.2 seconds
/net/cephfs/scratch/jgu/ssr/fairseq/search.py:140: UserWarning: __floordiv__ is deprecated, and its behavior will change in a future version of pytorch. It currently rounds toward 0 (like the 'trunc' function NOT 'floor'). This results in incorrect rounding for negative values. To keep the current behavior, use torch.div(a, b, rounding_mode='trunc'), or for actual floor division, use torch.div(a, b, rounding_mode='floor').
  beams_buf = indices_buf // vocab_size
/net/cephfs/scratch/jgu/ssr/fairseq/sequence_generator.py:651: UserWarning: __floordiv__ is deprecated, and its behavior will change in a future version of pytorch. It currently rounds toward 0 (like the 'trunc' function NOT 'floor'). This results in incorrect rounding for negative values. To keep the current behavior, use torch.div(a, b, rounding_mode='trunc'), or for actual floor division, use torch.div(a, b, rounding_mode='floor').
  unfin_idx = idx // beam_size
@ Completed
@ Stage 5
/net/cephfs/scratch/jgu/ssr/fairseq/search.py:140: UserWarning: __floordiv__ is deprecated, and its behavior will change in a future version of pytorch. It currently rounds toward 0 (like the 'trunc' function NOT 'floor'). This results in incorrect rounding for negative values. To keep the current behavior, use torch.div(a, b, rounding_mode='trunc'), or for actual floor division, use torch.div(a, b, rounding_mode='floor').
  beams_buf = indices_buf // vocab_size
/net/cephfs/scratch/jgu/ssr/fairseq/sequence_generator.py:651: UserWarning: __floordiv__ is deprecated, and its behavior will change in a future version of pytorch. It currently rounds toward 0 (like the 'trunc' function NOT 'floor'). This results in incorrect rounding for negative values. To keep the current behavior, use torch.div(a, b, rounding_mode='trunc'), or for actual floor division, use torch.div(a, b, rounding_mode='floor').
  unfin_idx = idx // beam_size
WARNING (theano.tensor.blas): We did not find a dynamic library in the library_dir of the library we use for blas. If you use ATLAS, make sure to compile it with dynamics library.
c_bleu = 43.95 | s_bleu = 48.85 | meteor = 31.05 | rouge = 58.54
rouge_coco = 59.6
@ Completed
slurmstepd: Exceeded step memory limit at some point.
